#
# A fatal error has been detected by the Java Runtime Environment:
#
#  SIGSEGV (0xb) at pc=0x00007f703e2b4d81, pid=24621, tid=140120362161920
#
# JRE version: Java(TM) SE Runtime Environment (8.0_25-b17) (build 1.8.0_25-b17)
# Java VM: Java HotSpot(TM) 64-Bit Server VM (25.25-b02 mixed mode linux-amd64 compressed oops)
# Problematic frame:
# j  org.powermock.classloading.DeepCloner.cloneFields(Ljava/lang/ClassLoader;Ljava/lang/Class;Ljava/lang/Object;Ljava/lang/Object;Ljava/util/Map;Z)V+43
#
# Failed to write core dump. Core dumps have been disabled. To enable core dumping, try "ulimit -c unlimited" before starting Java again
#
# If you would like to submit a bug report, please visit:
#   http://bugreport.sun.com/bugreport/crash.jsp
#

---------------  T H R E A D  ---------------

Current thread (0x00000000017ed800):  JavaThread "main" [_thread_in_Java, id=24624, stack(0x00007f7050599000,0x00007f705069a000)]

siginfo: si_signo: 11 (SIGSEGV), si_code: 1 (SEGV_MAPERR), si_addr: 0x0000000000001388

Registers:
RAX=0x0000000000100000, RBX=0x00007f7038b9d688, RCX=0x0000000000001388, RDX=0x0000000070500002
RSP=0x00007f7050696ce0, RBP=0x00007f7050696d38, RSI=0x00007f7050696c78, RDI=0x00007f703e28ea0d
R8 =0x00007f7050696c50, R9 =0x00000000db732340, R10=0x00007f704faae440, R11=0x00007f7050696c50
R12=0x0000000000000000, R13=0x00007f703627572b, R14=0x00007f7050696dc8, R15=0x00000000017ed800
RIP=0x00007f703e2b4d81, EFLAGS=0x0000000000010206, CSGSFS=0x0000000000000033, ERR=0x0000000000000004
  TRAPNO=0x000000000000000e

Top of Stack: (sp=0x00007f7050696ce0)
0x00007f7050696ce0:   00007f703e28e790 00000000d767eed8
0x00007f7050696cf0:   0000000000001388 00007f7050696cf8
0x00007f7050696d00:   00007f703627572b 00007f7050696dc8
0x00007f7050696d10:   00007f7036276148 0000000000000000
0x00007f7050696d20:   00007f7036275970 0000000000000000
0x00007f7050696d30:   00007f7050696d98 00007f7050696e10
0x00007f7050696d40:   00007f703e28ea0d 00000000db79a078
0x00007f7050696d50:   0000000000000001 00000000d92e3978
0x00007f7050696d60:   00000000db7323b0 00000000d92e72b8
0x00007f7050696d70:   0000000000001388 0000000000000006
0x00007f7050696d80:   000000000000000b 00000000d92e39e0
0x00007f7050696d90:   00000000d8dd3ff0 0000000000000001
0x00007f7050696da0:   00000000d7625f88 00000000d92e3978
0x00007f7050696db0:   00000000db7323b0 00000000d8dd3ff0
0x00007f7050696dc0:   00000000db690f10 00000000d7611e50
0x00007f7050696dd0:   00007f7050696dd0 00007f7036274ca0
0x00007f7050696de0:   00007f7050696e40 00007f7036276148
0x00007f7050696df0:   0000000000000000 00007f7036274d00
0x00007f7050696e00:   00007f7050696d98 00007f7050696e28
0x00007f7050696e10:   00007f7050696e88 00007f703e28e790
0x00007f7050696e20:   00000000d92e3978 0000000000000001
0x00007f7050696e30:   00000000db7323b0 00000000d8dd3ff0
0x00007f7050696e40:   00000000d7611e50 00007f7050696e48
0x00007f7050696e50:   00007f70362757d4 00007f7050696f18
0x00007f7050696e60:   00007f7036276148 0000000000000000
0x00007f7050696e70:   00007f7036275970 00007f7050696e28
0x00007f7050696e80:   00007f7050696ee8 00007f7050696f60
0x00007f7050696e90:   00007f703e28ea0d 00000000d8dd3ff0
0x00007f7050696ea0:   00000000db74aa60 00000000d92c5608
0x00007f7050696eb0:   00000000db7323b0 00000000d92e1190
0x00007f7050696ec0:   00000000d92dda78 0000000000000005
0x00007f7050696ed0:   000000000000000b 00000000d92dd8d0 

Instructions: (pc=0x00007f703e2b4d81)
0x00007f703e2b4d61:   aa 4f 70 7f 00 00 49 8b 14 d2 52 41 8b d5 4c 8b
0x00007f703e2b4d71:   6d c8 8b c2 81 e0 00 00 10 00 0f 84 77 01 00 00
0x00007f703e2b4d81:   48 3b 01 48 8b 45 e0 48 85 c0 0f 84 12 00 00 00
0x00007f703e2b4d91:   48 83 40 08 01 48 83 58 08 00 48 83 c0 30 48 89 

Register to memory mapping:

RAX=0x0000000000100000 is an unknown value
RBX={method} {0x00007f7038b9d688} 'getAnnotation' '(Ljava/lang/Class;)Ljava/lang/annotation/Annotation;' in 'java/lang/reflect/Field'
RCX=0x0000000000001388 is an unknown value
RDX=0x0000000070500002 is an unknown value
RSP=0x00007f7050696ce0 is pointing into the stack for thread: 0x00000000017ed800
RBP=0x00007f7050696d38 is pointing into the stack for thread: 0x00000000017ed800
RSI=0x00007f7050696c78 is pointing into the stack for thread: 0x00000000017ed800
RDI=0x00007f703e28ea0d is at code_begin+2093 in an Interpreter codelet
invoke return entry points  [0x00007f703e28e1e0, 0x00007f703e28eae0]  2304 bytes
R8 =0x00007f7050696c50 is pointing into the stack for thread: 0x00000000017ed800
R9 =0x00000000db732340 is an oop
[C 
 - klass: {type array char}
 - length: 4
R10=0x00007f704faae440: <offset 0xf5c440> in /opt/java/jdk1.8.0_25/jre/lib/amd64/server/libjvm.so at 0x00007f704eb52000
R11=0x00007f7050696c50 is pointing into the stack for thread: 0x00000000017ed800
R12=0x0000000000000000 is an unknown value
R13=0x00007f703627572b is pointing into metadata
R14=0x00007f7050696dc8 is pointing into the stack for thread: 0x00000000017ed800
R15=0x00000000017ed800 is a thread


Stack: [0x00007f7050599000,0x00007f705069a000],  sp=0x00007f7050696ce0,  free space=1015k
Native frames: (J=compiled Java code, j=interpreted, Vv=VM code, C=native code)
j  org.powermock.classloading.DeepCloner.cloneFields(Ljava/lang/ClassLoader;Ljava/lang/Class;Ljava/lang/Object;Ljava/lang/Object;Ljava/util/Map;Z)V+43
j  org.powermock.classloading.DeepCloner.performClone(Ljava/lang/Class;Ljava/lang/Object;Z)Ljava/lang/Object;+168
j  org.powermock.classloading.DeepCloner.cloneFields(Ljava/lang/ClassLoader;Ljava/lang/Class;Ljava/lang/Object;Ljava/lang/Object;Ljava/util/Map;Z)V+212
j  org.powermock.classloading.DeepCloner.performClone(Ljava/lang/Class;Ljava/lang/Object;Z)Ljava/lang/Object;+168
j  org.powermock.classloading.DeepCloner.cloneFields(Ljava/lang/ClassLoader;Ljava/lang/Class;Ljava/lang/Object;Ljava/lang/Object;Ljava/util/Map;Z)V+212
j  org.powermock.classloading.DeepCloner.performClone(Ljava/lang/Class;Ljava/lang/Object;Z)Ljava/lang/Object;+168
j  org.powermock.classloading.DeepCloner.cloneFields(Ljava/lang/ClassLoader;Ljava/lang/Class;Ljava/lang/Object;Ljava/lang/Object;Ljava/util/Map;Z)V+212
j  org.powermock.classloading.DeepCloner.performClone(Ljava/lang/Class;Ljava/lang/Object;Z)Ljava/lang/Object;+168
j  org.powermock.classloading.DeepCloner.cloneFields(Ljava/lang/ClassLoader;Ljava/lang/Class;Ljava/lang/Object;Ljava/lang/Object;Ljava/util/Map;Z)V+212
j  org.powermock.classloading.DeepCloner.performClone(Ljava/lang/Class;Ljava/lang/Object;Z)Ljava/lang/Object;+168
j  org.powermock.classloading.DeepCloner.cloneFields(Ljava/lang/ClassLoader;Ljava/lang/Class;Ljava/lang/Object;Ljava/lang/Object;Ljava/util/Map;Z)V+212
j  org.powermock.classloading.DeepCloner.performClone(Ljava/lang/Class;Ljava/lang/Object;Z)Ljava/lang/Object;+168
j  org.powermock.classloading.DeepCloner.cloneFields(Ljava/lang/ClassLoader;Ljava/lang/Class;Ljava/lang/Object;Ljava/lang/Object;Ljava/util/Map;Z)V+212
j  org.powermock.classloading.DeepCloner.performClone(Ljava/lang/Class;Ljava/lang/Object;Z)Ljava/lang/Object;+168
j  org.powermock.classloading.DeepCloner.cloneFields(Ljava/lang/ClassLoader;Ljava/lang/Class;Ljava/lang/Object;Ljava/lang/Object;Ljava/util/Map;Z)V+212
j  org.powermock.classloading.DeepCloner.performClone(Ljava/lang/Class;Ljava/lang/Object;Z)Ljava/lang/Object;+168
j  org.powermock.classloading.DeepCloner.cloneFields(Ljava/lang/ClassLoader;Ljava/lang/Class;Ljava/lang/Object;Ljava/lang/Object;Ljava/util/Map;Z)V+212
j  org.powermock.classloading.DeepCloner.performClone(Ljava/lang/Class;Ljava/lang/Object;Z)Ljava/lang/Object;+168
j  org.powermock.classloading.DeepCloner.cloneFields(Ljava/lang/ClassLoader;Ljava/lang/Class;Ljava/lang/Object;Ljava/lang/Object;Ljava/util/Map;Z)V+212
j  org.powermock.classloading.DeepCloner.performClone(Ljava/lang/Class;Ljava/lang/Object;Z)Ljava/lang/Object;+168
j  org.powermock.classloading.DeepCloner.cloneFields(Ljava/lang/ClassLoader;Ljava/lang/Class;Ljava/lang/Object;Ljava/lang/Object;Ljava/util/Map;Z)V+212
j  org.powermock.classloading.DeepCloner.performClone(Ljava/lang/Class;Ljava/lang/Object;Z)Ljava/lang/Object;+168
j  org.powermock.classloading.DeepCloner.cloneFields(Ljava/lang/ClassLoader;Ljava/lang/Class;Ljava/lang/Object;Ljava/lang/Object;Ljava/util/Map;Z)V+212
j  org.powermock.classloading.DeepCloner.performClone(Ljava/lang/Class;Ljava/lang/Object;Z)Ljava/lang/Object;+168
j  org.powermock.classloading.DeepCloner.cloneFields(Ljava/lang/ClassLoader;Ljava/lang/Class;Ljava/lang/Object;Ljava/lang/Object;Ljava/util/Map;Z)V+212
j  org.powermock.classloading.DeepCloner.performClone(Ljava/lang/Class;Ljava/lang/Object;Z)Ljava/lang/Object;+168
j  org.powermock.classloading.DeepCloner.cloneFields(Ljava/lang/ClassLoader;Ljava/lang/Class;Ljava/lang/Object;Ljava/lang/Object;Ljava/util/Map;Z)V+212
j  org.powermock.classloading.DeepCloner.performClone(Ljava/lang/Class;Ljava/lang/Object;Z)Ljava/lang/Object;+168
j  org.powermock.classloading.DeepCloner.clone(Ljava/lang/Object;Z)Ljava/lang/Object;+18
j  org.powermock.classloading.DeepCloner.clone(Ljava/lang/Object;)Ljava/lang/Object;+3
j  org.powermock.classloading.ClassloaderExecutor.execute(Ljava/lang/Object;Ljava/lang/reflect/Method;[Ljava/lang/Object;)Ljava/lang/Object;+13
j  org.powermock.classloading.ClassloaderExecutor.execute(Ljava/lang/Runnable;)V+26
j  org.powermock.modules.junit4.rule.PowerMockStatement.evaluate()V+12
j  org.springframework.test.context.junit4.statements.SpringRepeat.evaluate()V+82
j  org.junit.runners.ParentRunner.runLeaf(Lorg/junit/runners/model/Statement;Lorg/junit/runner/Description;Lorg/junit/runner/notification/RunNotifier;)V+17
j  org.springframework.test.context.junit4.SpringJUnit4ClassRunner.runChild(Lorg/junit/runners/model/FrameworkMethod;Lorg/junit/runner/notification/RunNotifier;)V+30
j  org.springframework.test.context.junit4.SpringJUnit4ClassRunner.runChild(Ljava/lang/Object;Lorg/junit/runner/notification/RunNotifier;)V+6
j  org.junit.runners.ParentRunner$3.run()V+12
j  org.junit.runners.ParentRunner$1.schedule(Ljava/lang/Runnable;)V+1
j  org.junit.runners.ParentRunner.runChildren(Lorg/junit/runner/notification/RunNotifier;)V+40
j  org.junit.runners.ParentRunner.access$000(Lorg/junit/runners/ParentRunner;Lorg/junit/runner/notification/RunNotifier;)V+2
j  org.junit.runners.ParentRunner$2.evaluate()V+8
j  org.springframework.test.context.junit4.statements.RunBeforeTestClassCallbacks.evaluate()V+11
j  org.springframework.test.context.junit4.statements.RunAfterTestClassCallbacks.evaluate()V+12
j  org.junit.runners.ParentRunner.run(Lorg/junit/runner/notification/RunNotifier;)V+20
j  org.springframework.test.context.junit4.SpringJUnit4ClassRunner.run(Lorg/junit/runner/notification/RunNotifier;)V+24
j  org.junit.runner.JUnitCore.run(Lorg/junit/runner/Runner;)Lorg/junit/runner/Result;+37
j  com.intellij.junit4.JUnit4IdeaTestRunner.startRunnerWithArgs([Ljava/lang/String;Ljava/util/ArrayList;Ljava/lang/String;Z)I+178
j  com.intellij.rt.execution.junit.JUnitStarter.prepareStreamsAndStart([Ljava/lang/String;ZLjava/util/ArrayList;Ljava/lang/String;Lcom/intellij/rt/execution/junit/segments/SegmentedOutputStream;Lcom/intellij/rt/execution/junit/segments/SegmentedOutputStream;)I+150
j  com.intellij.rt.execution.junit.JUnitStarter.main([Ljava/lang/String;)V+145
v  ~StubRoutines::call_stub
V  [libjvm.so+0x664086]  JavaCalls::call_helper(JavaValue*, methodHandle*, JavaCallArguments*, Thread*)+0x1056
V  [libjvm.so+0x6ab096]  jni_invoke_static(JNIEnv_*, JavaValue*, _jobject*, JNICallType, _jmethodID*, JNI_ArgumentPusher*, Thread*)+0x346
V  [libjvm.so+0x6b1c2a]  jni_CallStaticVoidMethod+0x17a
C  [libjli.so+0x7b14]  JavaMain+0x844
C  [libpthread.so.0+0x6b50]  start_thread+0xd0


---------------  P R O C E S S  ---------------

Java Threads: ( => current thread )
  0x00007f70300a8800 JavaThread "Service Thread" daemon [_thread_blocked, id=24656, stack(0x00007f7036bee000,0x00007f7036cef000)]
  0x00007f7030052000 JavaThread "C1 CompilerThread2" daemon [_thread_blocked, id=24655, stack(0x00007f7036cef000,0x00007f7036df0000)]
  0x00007f7030050800 JavaThread "C2 CompilerThread1" daemon [_thread_in_native, id=24654, stack(0x00007f7036df0000,0x00007f7036ef1000)]
  0x00007f7030054800 JavaThread "C2 CompilerThread0" daemon [_thread_in_native, id=24653, stack(0x00007f7036ef1000,0x00007f7036ff2000)]
  0x00007f7030047000 JavaThread "JDWP Command Reader" daemon [_thread_in_native, id=24650, stack(0x00007f7036ff2000,0x00007f70370f3000)]
  0x00007f7030045000 JavaThread "JDWP Event Helper Thread" daemon [_thread_blocked, id=24649, stack(0x00007f70370f3000,0x00007f70371f4000)]
  0x00007f7030041800 JavaThread "JDWP Transport Listener: dt_socket" daemon [_thread_blocked, id=24648, stack(0x00007f70371f4000,0x00007f70372f5000)]
  0x00007f703002d800 JavaThread "Signal Dispatcher" daemon [_thread_blocked, id=24646, stack(0x00007f70374f9000,0x00007f70375fa000)]
  0x00007f7030001000 JavaThread "Finalizer" daemon [_thread_blocked, id=24637, stack(0x00007f70375fa000,0x00007f70376fb000)]
  0x000000000185e000 JavaThread "Reference Handler" daemon [_thread_blocked, id=24636, stack(0x00007f70376fb000,0x00007f70377fc000)]
=>0x00000000017ed800 JavaThread "main" [_thread_in_Java, id=24624, stack(0x00007f7050599000,0x00007f705069a000)]

Other Threads:
  0x0000000001857000 VMThread [stack: 0x00007f70377fc000,0x00007f70378fd000] [id=24634]
  0x00007f70300ab000 WatcherThread [stack: 0x00007f7036aed000,0x00007f7036bee000] [id=24657]

VM state:not at safepoint (normal execution)

VM Mutex/Monitor currently owned by a thread: None

Heap:
 PSYoungGen      total 68608K, used 36484K [0x00000000d7380000, 0x00000000dbb80000, 0x0000000100000000)
  eden space 63488K, 51% used [0x00000000d7380000,0x00000000d9355f48,0x00000000db180000)
  from space 5120K, 75% used [0x00000000db680000,0x00000000dba4b200,0x00000000dbb80000)
  to   space 5120K, 0% used [0x00000000db180000,0x00000000db180000,0x00000000db680000)
 ParOldGen       total 84992K, used 96K [0x0000000085a00000, 0x000000008ad00000, 0x00000000d7380000)
  object space 84992K, 0% used [0x0000000085a00000,0x0000000085a18010,0x000000008ad00000)
 Metaspace       used 12455K, capacity 12750K, committed 12928K, reserved 1060864K
  class space    used 1533K, capacity 1623K, committed 1664K, reserved 1048576K

Card table byte_map: [0x00007f703daf3000,0x00007f703dec7000] byte_map_base: 0x00007f703d6c6000

Marking Bits: (ParMarkBitMap*) 0x00007f704faac2c0
 Begin Bits: [0x00007f7039732000, 0x00007f703b5ca000)
 End Bits:   [0x00007f703b5ca000, 0x00007f703d462000)

Polling page: 0x00007f70506b4000

CodeCache: size=245760Kb used=3589Kb max_used=3589Kb free=242170Kb
 bounds [0x00007f703e287000, 0x00007f703e617000, 0x00007f704d287000]
 total_blobs=1241 nmethods=938 adapters=226
 compilation: enabled

Compilation events (10 events):
Event: 1,483 Thread 0x00007f7030052000  937       3       java.lang.reflect.Field::<init> (44 bytes)
Event: 1,483 Thread 0x00007f7030052000 nmethod 937 0x00007f703e605b50 code [0x00007f703e605cc0, 0x00007f703e605f50]
Event: 1,483 Thread 0x00007f7030052000  938       3       java.lang.reflect.Field::copy (59 bytes)
Event: 1,483 Thread 0x00007f7030052000 nmethod 938 0x00007f703e609410 code [0x00007f703e609580, 0x00007f703e6097e8]
Event: 1,483 Thread 0x00007f7030052000  941       3       java.lang.reflect.Modifier::isStatic (13 bytes)
Event: 1,483 Thread 0x00007f7030052000 nmethod 941 0x00007f703e605390 code [0x00007f703e605500, 0x00007f703e605690]
Event: 1,484 Thread 0x00007f7030052000  942       3       java.lang.reflect.AccessibleObject::setAccessible (21 bytes)
Event: 1,484 Thread 0x00007f7030052000 nmethod 942 0x00007f703e609890 code [0x00007f703e609a20, 0x00007f703e609d38]
Event: 1,484 Thread 0x00007f7030052000  943       3       java.lang.reflect.AccessibleObject::setAccessible0 (42 bytes)
Event: 1,484 Thread 0x00007f7030052000 nmethod 943 0x00007f703e609e50 code [0x00007f703e609fe0, 0x00007f703e60a508]

GC Heap History (8 events):
Event: 0,578 GC heap before
{Heap before GC invocations=1 (full 0):
 PSYoungGen      total 36864K, used 31744K [0x00000000d7380000, 0x00000000d9c80000, 0x0000000100000000)
  eden space 31744K, 100% used [0x00000000d7380000,0x00000000d9280000,0x00000000d9280000)
  from space 5120K, 0% used [0x00000000d9780000,0x00000000d9780000,0x00000000d9c80000)
  to   space 5120K, 0% used [0x00000000d9280000,0x00000000d9280000,0x00000000d9780000)
 ParOldGen       total 84992K, used 0K [0x0000000085a00000, 0x000000008ad00000, 0x00000000d7380000)
  object space 84992K, 0% used [0x0000000085a00000,0x0000000085a00000,0x000000008ad00000)
 Metaspace       used 6388K, capacity 6662K, committed 6784K, reserved 1056768K
  class space    used 792K, capacity 818K, committed 896K, reserved 1048576K
Event: 0,581 GC heap after
Heap after GC invocations=1 (full 0):
 PSYoungGen      total 36864K, used 3861K [0x00000000d7380000, 0x00000000d9c80000, 0x0000000100000000)
  eden space 31744K, 0% used [0x00000000d7380000,0x00000000d7380000,0x00000000d9280000)
  from space 5120K, 75% used [0x00000000d9280000,0x00000000d96454a8,0x00000000d9780000)
  to   space 5120K, 0% used [0x00000000d9780000,0x00000000d9780000,0x00000000d9c80000)
 ParOldGen       total 84992K, used 72K [0x0000000085a00000, 0x000000008ad00000, 0x00000000d7380000)
  object space 84992K, 0% used [0x0000000085a00000,0x0000000085a12010,0x000000008ad00000)
 Metaspace       used 6388K, capacity 6662K, committed 6784K, reserved 1056768K
  class space    used 792K, capacity 818K, committed 896K, reserved 1048576K
}
Event: 0,754 GC heap before
{Heap before GC invocations=2 (full 0):
 PSYoungGen      total 36864K, used 35605K [0x00000000d7380000, 0x00000000d9c80000, 0x0000000100000000)
  eden space 31744K, 100% used [0x00000000d7380000,0x00000000d9280000,0x00000000d9280000)
  from space 5120K, 75% used [0x00000000d9280000,0x00000000d96454a8,0x00000000d9780000)
  to   space 5120K, 0% used [0x00000000d9780000,0x00000000d9780000,0x00000000d9c80000)
 ParOldGen       total 84992K, used 72K [0x0000000085a00000, 0x000000008ad00000, 0x00000000d7380000)
  object space 84992K, 0% used [0x0000000085a00000,0x0000000085a12010,0x000000008ad00000)
 Metaspace       used 8156K, capacity 8284K, committed 8576K, reserved 1056768K
  class space    used 1025K, capacity 1076K, committed 1152K, reserved 1048576K
Event: 0,757 GC heap after
Heap after GC invocations=2 (full 0):
 PSYoungGen      total 36864K, used 3323K [0x00000000d7380000, 0x00000000dbb80000, 0x0000000100000000)
  eden space 31744K, 0% used [0x00000000d7380000,0x00000000d7380000,0x00000000d9280000)
  from space 5120K, 64% used [0x00000000d9780000,0x00000000d9abed98,0x00000000d9c80000)
  to   space 5120K, 0% used [0x00000000d9280000,0x00000000d9280000,0x00000000d9780000)
 ParOldGen       total 84992K, used 80K [0x0000000085a00000, 0x000000008ad00000, 0x00000000d7380000)
  object space 84992K, 0% used [0x0000000085a00000,0x0000000085a14010,0x000000008ad00000)
 Metaspace       used 8156K, capacity 8284K, committed 8576K, reserved 1056768K
  class space    used 1025K, capacity 1076K, committed 1152K, reserved 1048576K
}
Event: 1,004 GC heap before
{Heap before GC invocations=3 (full 0):
 PSYoungGen      total 36864K, used 35067K [0x00000000d7380000, 0x00000000dbb80000, 0x0000000100000000)
  eden space 31744K, 100% used [0x00000000d7380000,0x00000000d9280000,0x00000000d9280000)
  from space 5120K, 64% used [0x00000000d9780000,0x00000000d9abed98,0x00000000d9c80000)
  to   space 5120K, 0% used [0x00000000d9280000,0x00000000d9280000,0x00000000d9780000)
 ParOldGen       total 84992K, used 80K [0x0000000085a00000, 0x000000008ad00000, 0x00000000d7380000)
  object space 84992K, 0% used [0x0000000085a00000,0x0000000085a14010,0x000000008ad00000)
 Metaspace       used 9437K, capacity 9582K, committed 9728K, reserved 1058816K
  class space    used 1198K, capacity 1207K, committed 1280K, reserved 1048576K
Event: 1,007 GC heap after
Heap after GC invocations=3 (full 0):
 PSYoungGen      total 36864K, used 3477K [0x00000000d7380000, 0x00000000dbb80000, 0x0000000100000000)
  eden space 31744K, 0% used [0x00000000d7380000,0x00000000d7380000,0x00000000d9280000)
  from space 5120K, 67% used [0x00000000d9280000,0x00000000d95e54a0,0x00000000d9780000)
  to   space 5120K, 0% used [0x00000000db680000,0x00000000db680000,0x00000000dbb80000)
 ParOldGen       total 84992K, used 88K [0x0000000085a00000, 0x000000008ad00000, 0x00000000d7380000)
  object space 84992K, 0% used [0x0000000085a00000,0x0000000085a16010,0x000000008ad00000)
 Metaspace       used 9437K, capacity 9582K, committed 9728K, reserved 1058816K
  class space    used 1198K, capacity 1207K, committed 1280K, reserved 1048576K
}
Event: 1,263 GC heap before
{Heap before GC invocations=4 (full 0):
 PSYoungGen      total 36864K, used 35221K [0x00000000d7380000, 0x00000000dbb80000, 0x0000000100000000)
  eden space 31744K, 100% used [0x00000000d7380000,0x00000000d9280000,0x00000000d9280000)
  from space 5120K, 67% used [0x00000000d9280000,0x00000000d95e54a0,0x00000000d9780000)
  to   space 5120K, 0% used [0x00000000db680000,0x00000000db680000,0x00000000dbb80000)
 ParOldGen       total 84992K, used 88K [0x0000000085a00000, 0x000000008ad00000, 0x00000000d7380000)
  object space 84992K, 0% used [0x0000000085a00000,0x0000000085a16010,0x000000008ad00000)
 Metaspace       used 10777K, capacity 10980K, committed 11264K, reserved 1058816K
  class space    used 1357K, capacity 1440K, committed 1536K, reserved 1048576K
Event: 1,267 GC heap after
Heap after GC invocations=4 (full 0):
 PSYoungGen      total 68608K, used 3884K [0x00000000d7380000, 0x00000000dbb80000, 0x0000000100000000)
  eden space 63488K, 0% used [0x00000000d7380000,0x00000000d7380000,0x00000000db180000)
  from space 5120K, 75% used [0x00000000db680000,0x00000000dba4b200,0x00000000dbb80000)
  to   space 5120K, 0% used [0x00000000db180000,0x00000000db180000,0x00000000db680000)
 ParOldGen       total 84992K, used 96K [0x0000000085a00000, 0x000000008ad00000, 0x00000000d7380000)
  object space 84992K, 0% used [0x0000000085a00000,0x0000000085a18010,0x000000008ad00000)
 Metaspace       used 10777K, capacity 10980K, committed 11264K, reserved 1058816K
  class space    used 1357K, capacity 1440K, committed 1536K, reserved 1048576K
}

Deoptimization events (10 events):
Event: 0,394 Thread 0x00000000017ed800 Uncommon trap: reason=unreached action=reinterpret pc=0x00007f703e4852d0 method=java.lang.AbstractStringBuilder.append(Ljava/lang/String;)Ljava/lang/AbstractStringBuilder; @ 1
Event: 0,762 Thread 0x00000000017ed800 Uncommon trap: reason=range_check action=make_not_entrant pc=0x00007f703e547330 method=sun.reflect.generics.parser.SignatureParser.current()C @ 34
Event: 1,252 Thread 0x00000000017ed800 Uncommon trap: reason=bimorphic action=maybe_recompile pc=0x00007f703e569764 method=java.util.HashMap.putVal(ILjava/lang/Object;Ljava/lang/Object;ZZ)Ljava/lang/Object; @ 203
Event: 1,253 Thread 0x00000000017ed800 Uncommon trap: reason=bimorphic action=maybe_recompile pc=0x00007f703e569764 method=java.util.HashMap.putVal(ILjava/lang/Object;Ljava/lang/Object;ZZ)Ljava/lang/Object; @ 203
Event: 1,253 Thread 0x00000000017ed800 Uncommon trap: reason=bimorphic action=maybe_recompile pc=0x00007f703e569764 method=java.util.HashMap.putVal(ILjava/lang/Object;Ljava/lang/Object;ZZ)Ljava/lang/Object; @ 203
Event: 1,253 Thread 0x00000000017ed800 Uncommon trap: reason=bimorphic action=maybe_recompile pc=0x00007f703e569764 method=java.util.HashMap.putVal(ILjava/lang/Object;Ljava/lang/Object;ZZ)Ljava/lang/Object; @ 203
Event: 1,365 Thread 0x00000000017ed800 Uncommon trap: reason=null_check action=make_not_entrant pc=0x00007f703e574b30 method=sun.misc.URLClassPath$JarLoader.getResource(Ljava/lang/String;ZLjava/util/Set;)Lsun/misc/Resource; @ 92
Event: 1,404 Thread 0x00000000017ed800 Uncommon trap: reason=unreached action=reinterpret pc=0x00007f703e4588c4 method=java.util.HashMap.getNode(ILjava/lang/Object;)Ljava/util/HashMap$Node; @ 84
Event: 1,404 Thread 0x00000000017ed800 Uncommon trap: reason=unreached action=reinterpret pc=0x00007f703e5a3f74 method=java.util.HashMap.putVal(ILjava/lang/Object;Ljava/lang/Object;ZZ)Ljava/lang/Object; @ 109
Event: 1,405 Thread 0x00000000017ed800 Uncommon trap: reason=unreached action=reinterpret pc=0x00007f703e453f18 method=java.util.HashMap.getNode(ILjava/lang/Object;)Ljava/util/HashMap$Node; @ 84

Internal exceptions (10 events):
Event: 1,392 Thread 0x00000000017ed800 Exception <a 'java/security/PrivilegedActionException'> (0x00000000d858b658) thrown at [/HUDSON/workspace/8-2-build-linux-amd64/jdk8u25/1514/hotspot/src/share/vm/prims/jvm.cpp, line 1312]
Event: 1,393 Thread 0x00000000017ed800 Exception <a 'java/security/PrivilegedActionException'> (0x00000000d85a1cb8) thrown at [/HUDSON/workspace/8-2-build-linux-amd64/jdk8u25/1514/hotspot/src/share/vm/prims/jvm.cpp, line 1312]
Event: 1,395 Thread 0x00000000017ed800 Exception <a 'java/security/PrivilegedActionException'> (0x00000000d85cf148) thrown at [/HUDSON/workspace/8-2-build-linux-amd64/jdk8u25/1514/hotspot/src/share/vm/prims/jvm.cpp, line 1312]
Event: 1,407 Thread 0x00000000017ed800 Exception <a 'java/security/PrivilegedActionException'> (0x00000000d8679490) thrown at [/HUDSON/workspace/8-2-build-linux-amd64/jdk8u25/1514/hotspot/src/share/vm/prims/jvm.cpp, line 1312]
Event: 1,408 Thread 0x00000000017ed800 Exception <a 'java/security/PrivilegedActionException'> (0x00000000d8693838) thrown at [/HUDSON/workspace/8-2-build-linux-amd64/jdk8u25/1514/hotspot/src/share/vm/prims/jvm.cpp, line 1312]
Event: 1,412 Thread 0x00000000017ed800 Exception <a 'java/security/PrivilegedActionException'> (0x00000000d86d9320) thrown at [/HUDSON/workspace/8-2-build-linux-amd64/jdk8u25/1514/hotspot/src/share/vm/prims/jvm.cpp, line 1312]
Event: 1,414 Thread 0x00000000017ed800 Exception <a 'java/security/PrivilegedActionException'> (0x00000000d86fa6a8) thrown at [/HUDSON/workspace/8-2-build-linux-amd64/jdk8u25/1514/hotspot/src/share/vm/prims/jvm.cpp, line 1312]
Event: 1,414 Thread 0x00000000017ed800 Exception <a 'java/security/PrivilegedActionException'> (0x00000000d8713110) thrown at [/HUDSON/workspace/8-2-build-linux-amd64/jdk8u25/1514/hotspot/src/share/vm/prims/jvm.cpp, line 1312]
Event: 1,431 Thread 0x00000000017ed800 Exception <a 'java/security/PrivilegedActionException'> (0x00000000d895da08) thrown at [/HUDSON/workspace/8-2-build-linux-amd64/jdk8u25/1514/hotspot/src/share/vm/prims/jvm.cpp, line 1312]
Event: 1,476 Thread 0x00000000017ed800 Exception <a 'java/security/PrivilegedActionException'> (0x00000000d92601a0) thrown at [/HUDSON/workspace/8-2-build-linux-amd64/jdk8u25/1514/hotspot/src/share/vm/prims/jvm.cpp, line 1312]

Events (10 events):
Event: 1,476 Thread 0x00000000017ed800 DEOPT PACKING pc=0x00007f703e4b1e14 sp=0x00007f7050695510
Event: 1,476 Thread 0x00000000017ed800 DEOPT UNPACKING pc=0x00007f703e2ce373 sp=0x00007f7050695260 mode 1
Event: 1,476 Thread 0x00000000017ed800 DEOPT PACKING pc=0x00007f703e4b124c sp=0x00007f7050696030
Event: 1,476 Thread 0x00000000017ed800 DEOPT UNPACKING pc=0x00007f703e2ce373 sp=0x00007f7050695d98 mode 1
Event: 1,476 Thread 0x00000000017ed800 DEOPT PACKING pc=0x00007f703e4638d4 sp=0x00007f70506960a0
Event: 1,476 Thread 0x00000000017ed800 DEOPT UNPACKING pc=0x00007f703e2ce373 sp=0x00007f7050695ee0 mode 1
Event: 1,476 Thread 0x00000000017ed800 DEOPT PACKING pc=0x00007f703e463674 sp=0x00007f7050696230
Event: 1,477 Thread 0x00000000017ed800 DEOPT UNPACKING pc=0x00007f703e2ce373 sp=0x00007f7050696070 mode 1
Event: 1,481 loading class sun/reflect/UnsafeQualifiedStaticIntegerFieldAccessorImpl
Event: 1,481 loading class sun/reflect/UnsafeQualifiedStaticIntegerFieldAccessorImpl done


Dynamic libraries:
00400000-00401000 r-xp 00000000 fd:00 407506                             /opt/java/jdk1.8.0_25/bin/java
00600000-00601000 rw-p 00000000 fd:00 407506                             /opt/java/jdk1.8.0_25/bin/java
017d0000-02197000 rw-p 00000000 00:00 0                                  [heap]
85a00000-8ad00000 rw-p 00000000 00:00 0 
8ad00000-d7380000 ---p 00000000 00:00 0 
d7380000-dbb80000 rw-p 00000000 00:00 0 
dbb80000-100000000 ---p 00000000 00:00 0 
100000000-1001a0000 rw-p 00000000 00:00 0 
1001a0000-140000000 ---p 00000000 00:00 0 
7f7028000000-7f70286f8000 rw-p 00000000 00:00 0 
7f70286f8000-7f702c000000 ---p 00000000 00:00 0 
7f7030000000-7f70313cd000 rw-p 00000000 00:00 0 
7f70313cd000-7f7034000000 ---p 00000000 00:00 0 
7f7035f0e000-7f7036010000 rw-p 00000000 00:00 0 
7f7036010000-7f7036110000 ---p 00000000 00:00 0 
7f7036110000-7f7036310000 rw-p 00000000 00:00 0 
7f7036310000-7f703631a000 r--s 00116000 fd:00 407424                     /opt/java/jdk1.8.0_25/jre/lib/ext/localedata.jar
7f703631a000-7f7036336000 r--s 00393000 fd:00 407430                     /opt/java/jdk1.8.0_25/jre/lib/ext/cldrdata.jar
7f7036336000-7f7036338000 r--s 0000b000 fd:01 10487378                   /home/thomas/.m2/repository/javax/servlet/jsp/javax.servlet.jsp-api/2.3.1/javax.servlet.jsp-api-2.3.1.jar
7f7036338000-7f703633b000 r--s 00015000 fd:01 10355493                   /home/thomas/.m2/repository/javax/servlet/javax.servlet-api/3.1.0/javax.servlet-api-3.1.0.jar
7f703633b000-7f703633f000 r--s 00032000 fd:01 10224636                   /home/thomas/.m2/repository/org/thymeleaf/thymeleaf-spring4/2.1.3.RELEASE/thymeleaf-spring4-2.1.3.RELEASE.jar
7f703633f000-7f7036341000 r--s 00005000 fd:01 10224634                   /home/thomas/.m2/repository/org/slf4j/slf4j-api/1.7.5/slf4j-api-1.7.5.jar
7f7036341000-7f7036344000 r--s 0001e000 fd:01 10224633                   /home/thomas/.m2/repository/org/unbescape/unbescape/1.0/unbescape-1.0.jar
7f7036344000-7f703634d000 r--s 00098000 fd:01 10224632                   /home/thomas/.m2/repository/org/javassist/javassist/3.16.1-GA/javassist-3.16.1-GA.jar
7f703634d000-7f7036350000 r--s 00035000 fd:01 10224627                   /home/thomas/.m2/repository/ognl/ognl/3.0.6/ognl-3.0.6.jar
7f7036350000-7f703635d000 r--s 000b4000 fd:01 10224628                   /home/thomas/.m2/repository/org/thymeleaf/thymeleaf/2.1.3.RELEASE/thymeleaf-2.1.3.RELEASE.jar
7f703635d000-7f703635e000 r--s 00002000 fd:01 10487441                   /home/thomas/.m2/repository/org/powermock/powermock-classloading-objenesis/1.6.0/powermock-classloading-objenesis-1.6.0.jar
7f703635e000-7f7036361000 r--s 00016000 fd:01 10487361                   /home/thomas/.m2/repository/org/powermock/powermock-core/1.6.0/powermock-core-1.6.0.jar
7f7036361000-7f7036362000 r--s 00001000 fd:01 10487427                   /home/thomas/.m2/repository/org/powermock/powermock-classloading-base/1.6.0/powermock-classloading-base-1.6.0.jar
7f7036362000-7f7036363000 r--s 00001000 fd:01 10487429                   /home/thomas/.m2/repository/org/powermock/powermock-module-junit4-rule/1.6.0/powermock-module-junit4-rule-1.6.0.jar
7f7036363000-7f7036364000 r--s 00004000 fd:01 10487366                   /home/thomas/.m2/repository/org/powermock/powermock-api-support/1.6.0/powermock-api-support-1.6.0.jar
7f7036364000-7f7036367000 r--s 0000f000 fd:01 10487365                   /home/thomas/.m2/repository/org/powermock/powermock-api-mockito/1.6.0/powermock-api-mockito-1.6.0.jar
7f7036367000-7f7036369000 r--s 00009000 fd:01 10356424                   /home/thomas/.m2/repository/org/objenesis/objenesis/2.1/objenesis-2.1.jar
7f7036369000-7f703636b000 r--s 0000a000 fd:01 10487362                   /home/thomas/.m2/repository/org/powermock/powermock-reflect/1.6.0/powermock-reflect-1.6.0.jar
7f703636b000-7f703636c000 r--s 00003000 fd:01 10487360                   /home/thomas/.m2/repository/org/powermock/powermock-module-junit4-common/1.6.0/powermock-module-junit4-common-1.6.0.jar
7f703636c000-7f703636e000 r--s 0000a000 fd:01 10487359                   /home/thomas/.m2/repository/org/powermock/powermock-module-junit4/1.6.0/powermock-module-junit4-1.6.0.jar
7f703636e000-7f703638f000 r--s 00162000 fd:01 10487303                   /home/thomas/.m2/repository/org/mockito/mockito-all/1.9.5/mockito-all-1.9.5.jar
7f703638f000-7f703639b000 r--s 0006f000 fd:01 10356418                   /home/thomas/.m2/repository/org/springframework/spring-test/4.1.3.RELEASE/spring-test-4.1.3.RELEASE.jar
7f703639b000-7f703639d000 r--s 00009000 fd:01 10224626                   /home/thomas/.m2/repository/org/hamcrest/hamcrest-core/1.3/hamcrest-core-1.3.jar
7f703639d000-7f70363a4000 r--s 00000000 fd:00 2755295                    /usr/lib/x86_64-linux-gnu/gconv/gconv-modules.cache
7f70363a4000-7f70363c3000 r--p 00000000 fd:00 2755896                    /usr/share/locale/de/LC_MESSAGES/libc.mo
7f70363c3000-7f70363c9000 r--s 00036000 fd:01 10224622                   /home/thomas/.m2/repository/junit/junit/4.11/junit-4.11.jar
7f70363c9000-7f70363cb000 r--s 00000000 fd:01 10224620                   /home/thomas/.m2/repository/aopalliance/aopalliance/1.0/aopalliance-1.0.jar
7f70363cb000-7f70363d4000 r--s 0004f000 fd:01 10224619                   /home/thomas/.m2/repository/org/springframework/spring-aop/4.1.3.RELEASE/spring-aop-4.1.3.RELEASE.jar
7f70363d4000-7f70363e4000 r--s 0009f000 fd:01 10224616                   /home/thomas/.m2/repository/org/springframework/spring-web/4.1.3.RELEASE/spring-web-4.1.3.RELEASE.jar
7f70363e4000-7f70363e9000 r--s 0003b000 fd:01 10224614                   /home/thomas/.m2/repository/org/springframework/spring-expression/4.1.3.RELEASE/spring-expression-4.1.3.RELEASE.jar
7f70363e9000-7f70363fd000 r--s 000e2000 fd:01 10224613                   /home/thomas/.m2/repository/org/springframework/spring-core/4.1.3.RELEASE/spring-core-4.1.3.RELEASE.jar
7f70363fd000-7f7036415000 r--s 000e3000 fd:01 10224612                   /home/thomas/.m2/repository/org/springframework/spring-context/4.1.3.RELEASE/spring-context-4.1.3.RELEASE.jar
7f7036415000-7f7036422000 r--s 000a0000 fd:01 10224611                   /home/thomas/.m2/repository/org/springframework/spring-beans/4.1.3.RELEASE/spring-beans-4.1.3.RELEASE.jar
7f7036422000-7f7036431000 r--s 000b0000 fd:01 10224610                   /home/thomas/.m2/repository/org/springframework/spring-webmvc/4.1.3.RELEASE/spring-webmvc-4.1.3.RELEASE.jar
7f7036431000-7f7036435000 r--s 00025000 fd:01 10225235                   /home/thomas/.m2/repository/org/vaadin/addon/easyuploads/7.0.0/easyuploads-7.0.0.jar
7f7036435000-7f7036439000 r--s 00013000 fd:01 10355346                   /home/thomas/.m2/repository/info/magnolia/ui/magnolia-ui-mediaeditor/5.3.6/magnolia-ui-mediaeditor-5.3.6.jar
7f7036439000-7f703643c000 r--s 00068000 fd:01 10355347                   /home/thomas/.m2/repository/info/magnolia/ui/magnolia-ui-vaadin-theme/5.3.6/magnolia-ui-vaadin-theme-5.3.6.jar
7f703643c000-7f7036448000 r--s 001fc000 fd:01 10355345                   /home/thomas/.m2/repository/info/magnolia/ui/magnolia-ui-admincentral/5.3.6/magnolia-ui-admincentral-5.3.6.jar
7f7036448000-7f703644f000 r--s 00067000 fd:01 10355377                   /home/thomas/.m2/repository/org/quartz-scheduler/quartz/1.8.6/quartz-1.8.6.jar
7f703644f000-7f7036456000 r--s 00053000 fd:01 10355378                   /home/thomas/.m2/repository/org/apache/commons/commons-compress/1.8.1/commons-compress-1.8.1.jar
7f7036456000-7f7036457000 r--s 0000a000 fd:01 10355435                   /home/thomas/.m2/repository/asm/asm/3.1/asm-3.1.jar
7f7036457000-7f703645e000 r--s 0003e000 fd:01 10355433                   /home/thomas/.m2/repository/cglib/cglib/2.2/cglib-2.2.jar
7f703645e000-7f7036463000 r--s 0002a000 fd:01 10355432                   /home/thomas/.m2/repository/org/apache/jackrabbit-ocm/2.0.0/jackrabbit-ocm-2.0.0.jar
7f7036463000-7f7036465000 r--s 00008000 fd:01 10355350                   /home/thomas/.m2/repository/info/magnolia/task/magnolia-task-management/1.0.1/magnolia-task-management-1.0.1.jar
7f7036465000-7f703646a000 r--s 0002a000 fd:01 10225246                   /home/thomas/.m2/repository/com/google/code/gson/gson/2.2.2/gson-2.2.2.jar
7f703646a000-7f703646c000 r--s 00009000 fd:01 10225211                   /home/thomas/.m2/repository/info/magnolia/ui/magnolia-ui-vaadin-integration/5.3.6/magnolia-ui-vaadin-integration-5.3.6.jar
7f703646c000-7f7036479000 r--s 0013d000 fd:01 10225240                   /home/thomas/.m2/repository/org/vaadin/addons/ckeditor-wrapper-for-vaadin/7.8.8/ckeditor-wrapper-for-vaadin-7.8.8.jar
7f7036479000-7f703647b000 r--s 00014000 fd:01 10225238                   /home/thomas/.m2/repository/org/vaadin/addons/gwt-graphics/1.0.0/gwt-graphics-1.0.0.jar
7f703647b000-7f703649b000 r--s 000e6000 fd:01 10225279                   /home/thomas/.m2/repository/com/googlecode/mgwt/mgwt/1.1.2/mgwt-1.1.2.jar
7f703649b000-7f703649c000 r--s 00001000 fd:01 10225236                   /home/thomas/.m2/repository/org/vaadin/addons/cssinject/2.0.3/cssinject-2.0.3.jar
7f703649c000-7f70364b1000 r--s 000eb000 fd:01 10225278                   /home/thomas/.m2/repository/com/vaadin/vaadin-themes/7.1.7/vaadin-themes-7.1.7.jar
7f70364b1000-7f70364b5000 r--s 001f6000 fd:01 10225277                   /home/thomas/.m2/repository/com/vaadin/vaadin-client-compiled/7.1.7/vaadin-client-compiled-7.1.7.jar
7f70364b5000-7f70364db000 r--s 0029d000 fd:01 10225225                   /home/thomas/.m2/repository/info/magnolia/ui/magnolia-ui-vaadin-common-widgets/5.3.6/magnolia-ui-vaadin-common-widgets-5.3.6.jar
7f70364db000-7f70364dc000 r--s 00002000 fd:01 10225209                   /home/thomas/.m2/repository/info/magnolia/ui/magnolia-ui-imageprovider/5.3.6/magnolia-ui-imageprovider-5.3.6.jar
7f70364dc000-7f70364e1000 r--s 00047000 fd:01 10225237                   /home/thomas/.m2/repository/org/vaadin/addons/aceeditor/0.8.11/aceeditor-0.8.11.jar
7f70364e1000-7f70364e8000 r--s 00039000 fd:01 10225207                   /home/thomas/.m2/repository/info/magnolia/ui/magnolia-ui-form/5.3.6/magnolia-ui-form-5.3.6.jar
7f70364e8000-7f70364ec000 r--s 00016000 fd:01 10225204                   /home/thomas/.m2/repository/info/magnolia/ui/magnolia-ui-dialog/5.3.6/magnolia-ui-dialog-5.3.6.jar
7f70364ec000-7f70364ed000 r--s 00004000 fd:01 10225203                   /home/thomas/.m2/repository/info/magnolia/ui/magnolia-ui-actionbar/5.3.6/magnolia-ui-actionbar-5.3.6.jar
7f70364ed000-7f70364f2000 r--s 00020000 fd:01 10225223                   /home/thomas/.m2/repository/info/magnolia/ui/magnolia-ui-workbench/5.3.6/magnolia-ui-workbench-5.3.6.jar
7f70364f2000-7f70364f8000 r--s 00033000 fd:01 9832749                    /home/thomas/.m2/repository/info/magnolia/ui/magnolia-ui-framework/5.3.6/magnolia-ui-framework-5.3.6.jar
7f70364f8000-7f70364f9000 r--s 00000000 fd:01 10225284                   /home/thomas/.m2/repository/javax/inject/javax.inject/1/javax.inject-1.jar
7f70364f9000-7f70364ff000 r--s 00027000 fd:01 10225233                   /home/thomas/.m2/repository/info/magnolia/blossom/magnolia-module-blossom/3.0.4/magnolia-module-blossom-3.0.4.jar
7f70364ff000-7f7036503000 r--s 0001e000 fd:01 10355431                   /home/thomas/.m2/repository/org/jboss/resteasy/resteasy-client/3.0.4.Final/resteasy-client-3.0.4.Final.jar
7f7036503000-7f7036504000 r--s 00001000 fd:01 10355427                   /home/thomas/.m2/repository/com/wordnik/swagger-annotations_2.10/1.3.0/swagger-annotations_2.10-1.3.0.jar
7f7036504000-7f7036506000 r--s 00006000 fd:01 10225221                   /home/thomas/.m2/repository/info/magnolia/rest/magnolia-rest-services/1.0.5/magnolia-rest-services-1.0.5.jar
7f7036506000-7f7036508000 r--s 0000b000 fd:01 10355425                   /home/thomas/.m2/repository/javax/xml/bind/jsr173_api/1.0/jsr173_api-1.0.jar
7f7036508000-7f703650d000 r--s 00043000 fd:01 10355423                   /home/thomas/.m2/repository/com/sun/xml/fastinfoset/FastInfoset/1.2.12/FastInfoset-1.2.12.jar
7f703650d000-7f703650e000 r--s 00005000 fd:01 10355421                   /home/thomas/.m2/repository/com/sun/istack/istack-commons-runtime/2.16/istack-commons-runtime-2.16.jar
7f703650e000-7f7036514000 r--s 00031000 fd:01 10355420                   /home/thomas/.m2/repository/com/sun/xml/bind/jaxb-core/2.2.7/jaxb-core-2.2.7.jar
7f7036514000-7f7036525000 r--s 000d0000 fd:01 10355417                   /home/thomas/.m2/repository/com/sun/xml/bind/jaxb-impl/2.2.7/jaxb-impl-2.2.7.jar
7f7036525000-7f7036528000 r--s 0000e000 fd:01 10355416                   /home/thomas/.m2/repository/org/jboss/resteasy/resteasy-jaxb-provider/3.0.4.Final/resteasy-jaxb-provider-3.0.4.Final.jar
7f7036528000-7f7036529000 r--s 00006000 fd:01 10355413                   /home/thomas/.m2/repository/org/codehaus/jackson/jackson-xc/1.9.12/jackson-xc-1.9.12.jar
7f7036529000-7f703652a000 r--s 00004000 fd:01 10355412                   /home/thomas/.m2/repository/org/codehaus/jackson/jackson-jaxrs/1.9.12/jackson-jaxrs-1.9.12.jar
7f703652a000-7f7036539000 r--s 000b0000 fd:01 10355410                   /home/thomas/.m2/repository/org/codehaus/jackson/jackson-mapper-asl/1.9.12/jackson-mapper-asl-1.9.12.jar
7f7036539000-7f703653d000 r--s 00035000 fd:01 10355409                   /home/thomas/.m2/repository/org/codehaus/jackson/jackson-core-asl/1.9.12/jackson-core-asl-1.9.12.jar
7f703653d000-7f703653e000 r--s 00001000 fd:01 10355406                   /home/thomas/.m2/repository/org/jboss/resteasy/resteasy-jackson-provider/3.0.4.Final/resteasy-jackson-provider-3.0.4.Final.jar
7f703653e000-7f703653f000 r--s 00000000 fd:01 10355405                   /home/thomas/.m2/repository/net/jcip/jcip-annotations/1.0/jcip-annotations-1.0.jar
7f703653f000-7f7036540000 r--s 00004000 fd:01 10355402                   /home/thomas/.m2/repository/org/jboss/spec/javax/annotation/jboss-annotations-api_1.1_spec/1.0.1.Final/jboss-annotations-api_1.1_spec-1.0.1.Final.jar
7f7036540000-7f7036541000 r--s 00004000 fd:01 10355400                   /home/thomas/.m2/repository/org/scannotation/scannotation/1.0.3/scannotation-1.0.3.jar
7f7036541000-7f7036545000 r--s 00017000 fd:01 10355399                   /home/thomas/.m2/repository/org/jboss/resteasy/jaxrs-api/3.0.4.Final/jaxrs-api-3.0.4.Final.jar
7f7036545000-7f7036555000 r--s 000b9000 fd:01 10355397                   /home/thomas/.m2/repository/org/jboss/resteasy/resteasy-jaxrs/3.0.4.Final/resteasy-jaxrs-3.0.4.Final.jar
7f7036555000-7f7036557000 r--s 00006000 fd:01 10225219                   /home/thomas/.m2/repository/info/magnolia/rest/magnolia-rest-integration/1.0.5/magnolia-rest-integration-1.0.5.jar
7f7036557000-7f7036559000 r--s 00004000 fd:01 10355393                   /home/thomas/.m2/repository/javax/xml/stream/stax-api/1.0-2/stax-api-1.0-2.jar
7f7036559000-7f703655d000 r--s 00016000 fd:01 10356412                   /home/thomas/.m2/repository/javax/xml/bind/jaxb-api/2.2/jaxb-api-2.2.jar
7f703655d000-7f7036562000 r--s 00021000 fd:01 10225420                   /home/thomas/.m2/repository/info/magnolia/magnolia-module-google-sitemap/2.2.2/magnolia-module-google-sitemap-2.2.2.jar
7f7036562000-7f7036564000 r--s 00002000 fd:01 10355337                   /home/thomas/.m2/repository/info/magnolia/dam/magnolia-dam-templating/2.0.6/magnolia-dam-templating-2.0.6.jar
7f7036564000-7f7036566000 r--s 00005000 fd:01 10355339                   /home/thomas/.m2/repository/info/magnolia/dam/magnolia-dam-jcr/2.0.6/magnolia-dam-jcr-2.0.6.jar
7f7036566000-7f7036568000 r--s 00004000 fd:01 10355338                   /home/thomas/.m2/repository/info/magnolia/dam/magnolia-dam-core/2.0.6/magnolia-dam-core-2.0.6.jar
7f7036568000-7f703656d000 r--s 00032000 fd:01 10355336                   /home/thomas/.m2/repository/info/magnolia/dam/magnolia-dam-app/2.0.6/magnolia-dam-app-2.0.6.jar
7f703656d000-7f703656f000 r--s 00003000 fd:01 10355333                   /home/thomas/.m2/repository/info/magnolia/dam/magnolia-dam-compatibility/2.0.6/magnolia-dam-compatibility-2.0.6.jar
7f703656f000-7f7036571000 r--s 00106000 fd:01 10225418                   /home/thomas/.m2/repository/info/magnolia/contacts/magnolia-contacts/1.3.3/magnolia-contacts-1.3.3.jar
7f7036571000-7f7036573000 r--s 00009000 fd:01 10225271                   /home/thomas/.m2/repository/commons-cli/commons-cli/1.2/commons-cli-1.2.jar
7f7036573000-7f7036576000 r--s 0003b000 fd:01 10225268                   /home/thomas/.m2/repository/net/sourceforge/cssparser/cssparser/0.9.5/cssparser-0.9.5.jar
7f7036576000-7f7036577000 r--s 00003000 fd:01 10225266                   /home/thomas/.m2/repository/org/w3c/css/sac/1.3/sac-1.3.jar
7f7036577000-7f703657d000 r--s 0003c000 fd:01 10225264                   /home/thomas/.m2/repository/org/apache/commons/commons-jexl/2.1.1/commons-jexl-2.1.1.jar
7f703657d000-7f7036582000 r--s 0006a000 fd:01 10225262                   /home/thomas/.m2/repository/com/vaadin/vaadin-theme-compiler/7.1.7/vaadin-theme-compiler-7.1.7.jar
7f7036582000-7f70365a8000 r--s 00184000 fd:01 10225261                   /home/thomas/.m2/repository/com/vaadin/vaadin-shared-deps/1.0.2/vaadin-shared-deps-1.0.2.jar
7f70365a8000-7f70365d9000 r--s 001c0000 fd:01 10225260                   /home/thomas/.m2/repository/com/vaadin/vaadin-shared/7.1.7/vaadin-shared-7.1.7.jar
7f70365d9000-7f7036603000 r--s 002a3000 fd:01 10225259                   /home/thomas/.m2/repository/com/vaadin/vaadin-server/7.1.7/vaadin-server-7.1.7.jar
7f7036603000-7f7036604000 r--s 00005000 fd:01 10225217                   /home/thomas/.m2/repository/info/magnolia/messages/magnolia-messages-app/5.3.6/magnolia-messages-app-5.3.6.jar
7f7036604000-7f7036613000 r--s 000d0000 fd:01 10355387                   /home/thomas/.m2/repository/org/apache/ivy/ivy/2.1.0/ivy-2.1.0.jar
7f7036613000-7f7036619000 r--s 00031000 fd:01 10355385                   /home/thomas/.m2/repository/org/apache/httpcomponents/httpcore/4.2.1/httpcore-4.2.1.jar
7f7036619000-7f7036623000 r--s 0005f000 fd:01 10355386                   /home/thomas/.m2/repository/org/apache/httpcomponents/httpclient/4.2.1/httpclient-4.2.1.jar
7f7036623000-7f7036689000 r--s 005de000 fd:01 10355388                   /home/thomas/.m2/repository/org/codehaus/groovy/groovy-all/2.2.2/groovy-all-2.2.2.jar
7f7036689000-7f703668c000 r--s 00028000 fd:01 10225215                   /home/thomas/.m2/repository/info/magnolia/magnolia-module-groovy/2.3.2/magnolia-module-groovy-2.3.2.jar
7f703668c000-7f703668e000 r--s 00003000 fd:01 10225256                   /home/thomas/.m2/repository/org/slf4j/jcl-over-slf4j/1.7.5/jcl-over-slf4j-1.7.5.jar
7f703668e000-7f7036691000 r--s 0000e000 fd:01 10225251                   /home/thomas/.m2/repository/javax/jcr/jcr/2.0/jcr-2.0.jar
7f7036691000-7f7036692000 r--s 00007000 fd:01 10225250                   /home/thomas/.m2/repository/org/safehaus/jug/jug/2.0.0/jug-2.0.0-asl.jar
7f7036692000-7f7036696000 r--s 0002a000 fd:01 10225247                   /home/thomas/.m2/repository/commons-io/commons-io/2.4/commons-io-2.4.jar
7f7036696000-7f703669c000 r--s 00048000 fd:01 10225245                   /home/thomas/.m2/repository/org/apache/commons/commons-lang3/3.1/commons-lang3-3.1.jar
7f703669c000-7f703669f000 r--s 00019000 fd:01 10225205                   /home/thomas/.m2/repository/info/magnolia/activation/magnolia-module-activation/5.3.1/magnolia-module-activation-5.3.1.jar
7f703669f000-7f70366a2000 r--s 00017000 fd:01 10225417                   /home/thomas/.m2/repository/info/magnolia/magnolia-theme-pop/2.8.6/magnolia-theme-pop-2.8.6.jar
7f70366a2000-7f70366a5000 r--s 00731000 fd:01 10225414                   /home/thomas/.m2/repository/info/magnolia/magnolia-demo-project/2.8.6/magnolia-demo-project-2.8.6.jar
7f70366a5000-7f70366a7000 r--s 0000c000 fd:01 10225413                   /home/thomas/.m2/repository/info/magnolia/magnolia-module-commenting/2.2.4/magnolia-module-commenting-2.2.4.jar
7f70366a7000-7f70366a9000 r--s 00004000 fd:01 10355380                   /home/thomas/.m2/repository/uk/com/robust-it/cloning/1.8.2/cloning-1.8.2.jar
7f70366a9000-7f70366af000 r--s 00024000 fd:01 10355331                   /home/thomas/.m2/repository/info/magnolia/ui/magnolia-ui-contentapp/5.3.6/magnolia-ui-contentapp-5.3.6.jar
7f70366af000-7f70366b4000 r--s 0001c000 fd:01 10225412                   /home/thomas/.m2/repository/info/magnolia/magnolia-module-categorization/2.3.2/magnolia-module-categorization-2.3.2.jar
7f70366b4000-7f70366b6000 r--s 00001000 fd:01 10487293                   /home/thomas/.m2/repository/au/com/flyingkite/mobiledetect/1.1.1/mobiledetect-1.1.1.jar
7f70366b6000-7f70366b8000 r--s 00002000 fd:01 10487278                   /home/thomas/.m2/repository/info/magnolia/devdect/magnolia-module-device-detection/1.1/magnolia-module-device-detection-1.1.jar
7f70366b8000-7f70366be000 r--s 00027000 fd:01 10487276                   /home/thomas/.m2/repository/info/magnolia/magnolia-module-forum/3.4.5/magnolia-module-forum-3.4.5.jar
7f70366be000-7f70366c1000 r--s 00013000 fd:01 10487290                   /home/thomas/.m2/repository/net/sf/ezmorph/ezmorph/1.0.6/ezmorph-1.0.6.jar
7f70366c1000-7f70366c5000 r--s 00022000 fd:01 10487287                   /home/thomas/.m2/repository/net/sf/json-lib/json-lib/2.3/json-lib-2.3-jdk15.jar
7f70366c5000-7f70366c9000 r--s 00015000 fd:01 10487274                   /home/thomas/.m2/repository/info/magnolia/magnolia-module-public-user-registration/2.4.1/magnolia-module-public-user-registration-2.4.1.jar
7f70366c9000-7f70366cf000 r--s 00030000 fd:01 10487271                   /home/thomas/.m2/repository/info/magnolia/magnolia-module-form/2.2.9/magnolia-module-form-2.2.9.jar
7f70366cf000-7f70366d3000 r--s 0001d000 fd:01 10487269                   /home/thomas/.m2/repository/info/magnolia/magnolia-module-resources/2.3.3/magnolia-module-resources-2.3.3.jar
7f70366d3000-7f70366d6000 r--s 0000a000 fd:01 10487268                   /home/thomas/.m2/repository/info/magnolia/magnolia-module-inplace-templating/2.3.1/magnolia-module-inplace-templating-2.3.1.jar
7f70366d6000-7f70366dc000 r--s 00042000 fd:01 10487281                   /home/thomas/.m2/repository/org/jsoup/jsoup/1.7.2/jsoup-1.7.2.jar
7f70366dc000-7f70366de000 r--s 00006000 fd:01 10487284                   /home/thomas/.m2/repository/rome/rome-fetcher/1.0/rome-fetcher-1.0.jar
7f70366de000-7f70366e2000 r--s 00032000 fd:01 10487283                   /home/thomas/.m2/repository/rome/rome/1.0/rome-1.0.jar
7f70366e2000-7f70366e9000 r--s 00072000 fd:01 10487267                   /home/thomas/.m2/repository/info/magnolia/magnolia-module-rssaggregator/2.3.2/magnolia-module-rssaggregator-2.3.2.jar
7f70366e9000-7f70366f0000 r--s 0004d000 fd:01 10225356                   /home/thomas/.m2/repository/com/jhlabs/filters/2.0.235/filters-2.0.235.jar
7f70366f0000-7f70366f4000 r--s 00013000 fd:01 10355348                   /home/thomas/.m2/repository/info/magnolia/magnolia-module-imaging/3.1.2/magnolia-module-imaging-3.1.2.jar
7f70366f4000-7f703670f000 r--s 0019c000 fd:01 10225409                   /home/thomas/.m2/repository/info/magnolia/magnolia-module-standard-templating-kit/2.8.6/magnolia-module-standard-templating-kit-2.8.6.jar
7f703670f000-7f7036711000 r--s 00001000 fd:01 10355440                   /home/thomas/.m2/repository/org/devlib/schmidt/imageinfo/1.7/imageinfo-1.7.jar
7f7036711000-7f7036713000 r--s 00004000 fd:01 10487265                   /home/thomas/.m2/repository/info/magnolia/magnolia-module-scheduler/2.1.2/magnolia-module-scheduler-2.1.2.jar
7f7036713000-7f7036717000 r--s 00024000 fd:01 10225407                   /home/thomas/.m2/repository/info/magnolia/magnolia-module-data/2.3.3/magnolia-module-data-2.3.3.jar
7f7036717000-7f703671b000 r--s 0003a000 fd:01 10487285                   /home/thomas/.m2/repository/net/sf/jtidy/jtidy/r938/jtidy-r938.jar
7f703671b000-7f7036721000 r--s 00045000 fd:01 10225254                   /home/thomas/.m2/repository/commons-httpclient/commons-httpclient/3.1/commons-httpclient-3.1.jar
7f7036721000-7f7036723000 r--s 0000e000 fd:01 10225377                   /home/thomas/.m2/repository/oro/oro/2.0.8/oro-2.0.8.jar
7f7036723000-7f703672b000 r--s 00058000 fd:01 10356351                   /home/thomas/.m2/repository/org/apache/velocity/velocity/1.5/velocity-1.5.jar
7f703672b000-7f703672e000 r--s 0000c000 fd:01 10225340                   /home/thomas/.m2/repository/commons-fileupload/commons-fileupload/1.2.1/commons-fileupload-1.2.1.jar
7f703672e000-7f7036742000 r--s 0010e000 fd:01 10225321                   /home/thomas/.m2/repository/org/freemarker/freemarker/2.3.21/freemarker-2.3.21.jar
7f7036742000-7f7036750000 r--s 0007f000 fd:01 10225317                   /home/thomas/.m2/repository/commons-collections/commons-collections/3.2.1/commons-collections-3.2.1.jar
7f7036750000-7f7036752000 r--s 0000e000 fd:01 10355396                   /home/thomas/.m2/repository/javax/activation/activation/1.1/activation-1.1.jar
7f7036752000-7f7036759000 r--s 00067000 fd:01 10487282                   /home/thomas/.m2/repository/javax/mail/mail/1.4.1/mail-1.4.1.jar
7f7036759000-7f703675b000 r--s 00004000 fd:01 10355335                   /home/thomas/.m2/repository/info/magnolia/dam/magnolia-dam-api/2.0.6/magnolia-dam-api-2.0.6.jar
7f703675b000-7f703675f000 r--s 00012000 fd:01 9701051                    /home/thomas/.m2/repository/info/magnolia/ui/magnolia-ui-api/5.3.6/magnolia-ui-api-5.3.6.jar
7f703675f000-7f7036762000 r--s 00016000 fd:01 10225408                   /home/thomas/.m2/repository/info/magnolia/magnolia-module-mail/5.2.1/magnolia-module-mail-5.2.1.jar
7f7036762000-7f7036766000 r--s 0003c000 fd:01 10225354                   /home/thomas/.m2/repository/commons-lang/commons-lang/2.4/commons-lang-2.4.jar
7f7036766000-7f7036767000 r--s 00005000 fd:01 10355486                   /home/thomas/.m2/repository/net/sourceforge/openutils/openutils-log4j/2.0.5/openutils-log4j-2.0.5.jar
7f7036767000-7f7036773000 r--s 0006f000 fd:01 10355484                   /home/thomas/.m2/repository/org/bouncycastle/bcmail-jdk16/1.46/bcmail-jdk16-1.46.jar
7f7036773000-7f703679b000 r--s 001a3000 fd:01 10225353                   /home/thomas/.m2/repository/org/bouncycastle/bcprov-jdk16/1.46/bcprov-jdk16-1.46.jar
7f703679b000-7f703679e000 r--s 00033000 fd:01 10355481                   /home/thomas/.m2/repository/com/googlecode/juniversalchardet/juniversalchardet/1.0.3/juniversalchardet-1.0.3.jar
7f703679e000-7f70367a0000 r--s 0000a000 fd:01 10355479                   /home/thomas/.m2/repository/org/gagravarr/vorbis-java-core/0.1/vorbis-java-core-0.1.jar
7f70367a0000-7f70367a4000 r--s 00019000 fd:01 10355477                   /home/thomas/.m2/repository/org/aspectj/aspectjrt/1.6.11/aspectjrt-1.6.11.jar
7f70367a4000-7f70367ad000 r--s 00077000 fd:01 10355475                   /home/thomas/.m2/repository/com/googlecode/mp4parser/isoparser/1.0-RC-1/isoparser-1.0-RC-1.jar
7f70367ad000-7f70367af000 r--s 00015000 fd:01 10355473                   /home/thomas/.m2/repository/org/ccil/cowan/tagsoup/tagsoup/1.2.1/tagsoup-1.2.1.jar
7f70367af000-7f70367b1000 r--s 00006000 fd:01 10355471                   /home/thomas/.m2/repository/org/apache/geronimo/specs/geronimo-stax-api_1.0_spec/1.0.1/geronimo-stax-api_1.0_spec-1.0.1.jar
7f70367b1000-7f70367b6000 r--s 00048000 fd:01 10355469                   /home/thomas/.m2/repository/dom4j/dom4j/1.6.1/dom4j-1.6.1.jar
7f70367b6000-7f70367f3000 r--s 0024f000 fd:01 10355467                   /home/thomas/.m2/repository/org/apache/xmlbeans/xmlbeans/2.3.0/xmlbeans-2.3.0.jar
7f70367f3000-7f7036887000 r--s 00401000 fd:01 10355465                   /home/thomas/.m2/repository/org/apache/poi/poi-ooxml-schemas/3.9/poi-ooxml-schemas-3.9.jar
7f7036887000-7f7036893000 r--s 000d9000 fd:01 10355464                   /home/thomas/.m2/repository/org/apache/poi/poi-ooxml/3.9/poi-ooxml-3.9.jar
7f7036893000-7f70368a4000 r--s 0011b000 fd:01 10355462                   /home/thomas/.m2/repository/org/apache/poi/poi-scratchpad/3.9/poi-scratchpad-3.9.jar
7f70368a4000-7f70368c4000 r--s 001a9000 fd:01 10355459                   /home/thomas/.m2/repository/org/apache/poi/poi/3.9/poi-3.9.jar
7f70368c4000-7f70368c6000 r--s 0000b000 fd:01 10355457                   /home/thomas/.m2/repository/org/apache/pdfbox/jempbox/1.8.1/jempbox-1.8.1.jar
7f70368c6000-7f70368ca000 r--s 0002f000 fd:01 10355454                   /home/thomas/.m2/repository/org/apache/pdfbox/fontbox/1.8.1/fontbox-1.8.1.jar
7f70368ca000-7f70368e0000 r--s 003b0000 fd:01 10355455                   /home/thomas/.m2/repository/org/apache/pdfbox/pdfbox/1.8.1/pdfbox-1.8.1.jar
7f70368e0000-7f70368e2000 r--s 00006000 fd:01 10355453                   /home/thomas/.m2/repository/org/gagravarr/vorbis-java-core/0.1/vorbis-java-core-0.1-tests.jar
7f70368e2000-7f70368e3000 r--s 00003000 fd:01 10355450                   /home/thomas/.m2/repository/org/gagravarr/vorbis-java-tika/0.1/vorbis-java-tika-0.1.jar
7f70368e3000-7f70368ea000 r--s 00071000 fd:01 10355448                   /home/thomas/.m2/repository/org/apache/tika/tika-core/1.4/tika-core-1.4.jar
7f70368ea000-7f70368f3000 r--s 00074000 fd:01 10355447                   /home/thomas/.m2/repository/org/apache/tika/tika-parsers/1.4/tika-parsers-1.4.jar
7f70368f3000-7f70368f4000 r--s 0000c000 fd:01 10355490                   /home/thomas/.m2/repository/org/hamcrest/hamcrest-library/1.3/hamcrest-library-1.3.jar
7f70368f4000-7f70368f6000 r--s 00001000 fd:01 10355445                   /home/thomas/.m2/repository/net/sf/jsr107cache/jsr107cache/1.0/jsr107cache-1.0.jar
7f70368f6000-7f70368fe000 r--s 00049000 fd:01 10355444                   /home/thomas/.m2/repository/backport-util-concurrent/backport-util-concurrent/3.1/backport-util-concurrent-3.1.jar
7f70368fe000-7f7036903000 r--s 0003c000 fd:01 10355443                   /home/thomas/.m2/repository/net/sf/ehcache/ehcache/1.5.0/ehcache-1.5.0.jar
7f7036903000-7f7036904000 r--s 00006000 fd:01 10355372                   /home/thomas/.m2/repository/info/magnolia/magnolia-jaas/5.3.6/magnolia-jaas-5.3.6.jar
7f7036904000-7f7036926000 r--s 0021a000 fd:01 10355371                   /home/thomas/.m2/repository/info/magnolia/magnolia-module-legacy-admininterface/5.2.3/magnolia-module-legacy-admininterface-5.2.3.jar
7f7036926000-7f703692a000 r--s 0001c000 fd:01 10355370                   /home/thomas/.m2/repository/info/magnolia/cache/magnolia-module-cache/5.3/magnolia-module-cache-5.3.jar
7f703692a000-7f7036934000 r--s 0005c000 fd:01 10225348                   /home/thomas/.m2/repository/javax/servlet/jstl/1.2/jstl-1.2.jar
7f7036934000-7f7036938000 r--s 00020000 fd:01 10225345                   /home/thomas/.m2/repository/commons-digester/commons-digester/1.8.1/commons-digester-1.8.1.jar
7f7036938000-7f703693e000 r--s 00036000 fd:01 10225344                   /home/thomas/.m2/repository/commons-betwixt/commons-betwixt/0.8/commons-betwixt-0.8.jar
7f703693e000-7f7036943000 r--s 00034000 fd:01 10225341                   /home/thomas/.m2/repository/commons-beanutils/commons-beanutils/1.8.3/commons-beanutils-1.8.3.jar
7f7036943000-7f7036945000 r--s 0000c000 fd:01 10225337                   /home/thomas/.m2/repository/servlets/com/cos/05Nov2002/cos-05Nov2002.jar
7f7036945000-7f703694b000 r--s 00032000 fd:01 10225335                   /home/thomas/.m2/repository/jaxen/jaxen/1.1.1/jaxen-1.1.1.jar
7f703694b000-7f703694e000 r--s 00023000 fd:01 10225334                   /home/thomas/.m2/repository/org/jdom/jdom/1.1/jdom-1.1.jar
7f703694e000-7f7036965000 r--s 00112000 fd:01 10225331                   /home/thomas/.m2/repository/xerces/xercesImpl/2.8.1/xercesImpl-2.8.1.jar
7f7036965000-7f703696e000 r--s 0006f000 fd:01 10225330                   /home/thomas/.m2/repository/log4j/log4j/1.2.17/log4j-1.2.17.jar
7f703696e000-7f7036970000 r--s 00001000 fd:01 10225327                   /home/thomas/.m2/repository/org/slf4j/slf4j-log4j12/1.7.5/slf4j-log4j12-1.7.5.jar
7f7036970000-7f7036977000 r--s 00049000 fd:01 10225325                   /home/thomas/.m2/repository/cglib/cglib-nodep/2.1_3/cglib-nodep-2.1_3.jar
7f7036977000-7f703697a000 r--s 0000f000 fd:01 10225323                   /home/thomas/.m2/repository/org/apache/commons/commons-proxy/1.0/commons-proxy-1.0.jar
7f703697a000-7f703697c000 r--s 0000d000 fd:01 10225319                   /home/thomas/.m2/repository/commons-codec/commons-codec/1.4/commons-codec-1.4.jar
7f703697c000-7f70369a7000 r--s 001f5000 fd:01 10225357                   /home/thomas/.m2/repository/com/google/guava/guava/16.0.1/guava-16.0.1.jar
7f70369a7000-7f70369aa000 r--s 00013000 fd:01 10225315                   /home/thomas/.m2/repository/commons-pool/commons-pool/1.4/commons-pool-1.4.jar
7f70369aa000-7f70369b1000 r--s 00028000 fd:01 10225313                   /home/thomas/.m2/repository/concurrent/concurrent/1.3.4/concurrent-1.3.4.jar
7f70369b1000-7f70369e1000 r--s 0022b000 fd:01 10225311                   /home/thomas/.m2/repository/com/mycila/mycila-guice/2.10.ga/mycila-guice-2.10.ga.jar
7f70369e1000-7f70369f0000 r--s 0009f000 fd:01 10225309                   /home/thomas/.m2/repository/com/google/inject/guice/3.0/guice-3.0.jar
7f70369f0000-7f70369f4000 r--s 00027000 fd:01 10225308                   /home/thomas/.m2/repository/org/bouncycastle/bcpg-jdk16/1.46/bcpg-jdk16-1.46.jar
7f70369f4000-7f7036a1a000 r--s 00240000 fd:01 10225304                   /home/thomas/.m2/repository/org/apache/derby/derby/10.5.3.0_1/derby-10.5.3.0_1.jar
7f7036a1a000-7f7036a33000 r--s 0015e000 fd:01 10225302                   /home/thomas/.m2/repository/org/apache/lucene/lucene-core/3.6.0/lucene-core-3.6.0.jar
7f7036a33000-7f7036a35000 r--s 00005000 fd:01 10225300                   /home/thomas/.m2/repository/org/apache/jackrabbit/jackrabbit-spi/2.8.0/jackrabbit-spi-2.8.0.jar
7f7036a35000-7f7036a44000 r--s 000b1000 fd:01 10225298                   /home/thomas/.m2/repository/org/apache/jackrabbit/jackrabbit-spi-commons/2.8.0/jackrabbit-spi-commons-2.8.0.jar
7f7036a44000-7f7036a46000 r--s 00005000 fd:01 10225296                   /home/thomas/.m2/repository/org/apache/jackrabbit/jackrabbit-data/2.8.0/jackrabbit-data-2.8.0-tests.jar
7f7036a46000-7f7036a49000 r--s 00022000 fd:01 10225294                   /home/thomas/.m2/repository/org/apache/jackrabbit/jackrabbit-data/2.8.0/jackrabbit-data-2.8.0.jar
7f7036a49000-7f7036a51000 r--s 00058000 fd:01 10225293                   /home/thomas/.m2/repository/org/apache/jackrabbit/jackrabbit-jcr-commons/2.8.0/jackrabbit-jcr-commons-2.8.0.jar
7f7036a51000-7f7036a54000 r--s 00007000 fd:01 10225290                   /home/thomas/.m2/repository/org/apache/jackrabbit/jackrabbit-api/2.8.0/jackrabbit-api-2.8.0.jar
7f7036a54000-7f7036a57000 r--s 00025000 fd:01 10225288                   /home/thomas/.m2/repository/commons-dbcp/commons-dbcp/1.4/commons-dbcp-1.4.jar
7f7036a57000-7f7036a7b000 r--s 0021a000 fd:01 10225286                   /home/thomas/.m2/repository/org/apache/jackrabbit/jackrabbit-core/2.8.0/jackrabbit-core-2.8.0.jar
7f7036a7b000-7f7036a9d000 r--s 00181000 fd:01 10225230                   /home/thomas/.m2/repository/info/magnolia/magnolia-core/5.3.6/magnolia-core-5.3.6.jar
7f7036a9d000-7f7036a9f000 r--s 0000b000 fd:01 10355367                   /home/thomas/.m2/repository/info/magnolia/magnolia-templating-jsp/5.3.6/magnolia-templating-jsp-5.3.6.jar
7f7036a9f000-7f7036aa2000 r--s 00010000 fd:01 10355365                   /home/thomas/.m2/repository/info/magnolia/magnolia-templating/5.3.6/magnolia-templating-5.3.6.jar
7f7036aa2000-7f7036aa6000 r--s 0000f000 fd:01 10225282                   /home/thomas/.m2/repository/com/google/code/findbugs/annotations/2.0.1/annotations-2.0.1.jar
7f7036aa6000-7f7036aa9000 r--s 0001d000 fd:01 10225280                   /home/thomas/.m2/repository/org/reflections/reflections/0.9.9-RC2/reflections-0.9.9-RC2.jar
7f7036aa9000-7f7036aad000 r--s 00016000 fd:01 10487158                   /home/thomas/.m2/repository/com/thoughtworks/proxytoys/proxytoys/1.01-MAGNOLIA-5317-patched/proxytoys-1.01-MAGNOLIA-5317-patched.jar
7f7036aad000-7f7036aaf000 r--s 0000c000 fd:01 10225226                   /home/thomas/.m2/repository/info/magnolia/magnolia-i18n/5.3.6/magnolia-i18n-5.3.6.jar
7f7036aaf000-7f7036ab3000 r--s 00017000 fd:01 10355362                   /home/thomas/.m2/repository/info/magnolia/magnolia-rendering/5.3.6/magnolia-rendering-5.3.6.jar
7f7036ab3000-7f7036ab5000 r--s 00004000 fd:01 10355359                   /home/thomas/.m2/repository/info/magnolia/about/magnolia-about-app/5.3.6/magnolia-about-app-5.3.6.jar
7f7036ab5000-7f7036aba000 r--s 00026000 fd:01 10355360                   /home/thomas/.m2/repository/info/magnolia/security/magnolia-security-app/5.3.6/magnolia-security-app-5.3.6.jar
7f7036aba000-7f7036ac2000 r--s 00036000 fd:01 10355355                   /home/thomas/.m2/repository/info/magnolia/ui/magnolia-ui-widget-editor/5.3.6/magnolia-ui-widget-editor-5.3.6.jar
7f7036ac2000-7f7036ada000 r--s 026ef000 fd:01 10355353                   /home/thomas/.m2/repository/info/magnolia/widgetset/magnolia-vaadin-widgetset/5.3.6/magnolia-vaadin-widgetset-5.3.6.jar
7f7036ada000-7f7036aed000 r--s 00344000 fd:00 407444                     /opt/java/jdk1.8.0_25/jre/lib/resources.jar
7f7036aed000-7f7036aee000 ---p 00000000 00:00 0 
7f7036aee000-7f7036bee000 rw-p 00000000 00:00 0 
7f7036bee000-7f7036bf1000 ---p 00000000 00:00 0 
7f7036bf1000-7f7036cef000 rw-p 00000000 00:00 0 
7f7036cef000-7f7036cf2000 ---p 00000000 00:00 0 
7f7036cf2000-7f7036df0000 rw-p 00000000 00:00 0 
7f7036df0000-7f7036df3000 ---p 00000000 00:00 0 
7f7036df3000-7f7036ef1000 rw-p 00000000 00:00 0 
7f7036ef1000-7f7036ef4000 ---p 00000000 00:00 0 
7f7036ef4000-7f7036ff2000 rw-p 00000000 00:00 0 
7f7036ff2000-7f7036ff5000 ---p 00000000 00:00 0 
7f7036ff5000-7f70370f3000 rw-p 00000000 00:00 0 
7f70370f3000-7f70370f6000 ---p 00000000 00:00 0 
7f70370f6000-7f70371f4000 rw-p 00000000 00:00 0 
7f70371f4000-7f70371f7000 ---p 00000000 00:00 0 
7f70371f7000-7f70372f5000 rw-p 00000000 00:00 0 
7f70372f5000-7f70372f9000 r-xp 00000000 fd:00 407339                     /opt/java/jdk1.8.0_25/jre/lib/amd64/libdt_socket.so
7f70372f9000-7f70374f8000 ---p 00004000 fd:00 407339                     /opt/java/jdk1.8.0_25/jre/lib/amd64/libdt_socket.so
7f70374f8000-7f70374f9000 rw-p 00003000 fd:00 407339                     /opt/java/jdk1.8.0_25/jre/lib/amd64/libdt_socket.so
7f70374f9000-7f70374fc000 ---p 00000000 00:00 0 
7f70374fc000-7f70375fa000 rw-p 00000000 00:00 0 
7f70375fa000-7f70375fd000 ---p 00000000 00:00 0 
7f70375fd000-7f70376fb000 rw-p 00000000 00:00 0 
7f70376fb000-7f70376fe000 ---p 00000000 00:00 0 
7f70376fe000-7f70377fc000 rw-p 00000000 00:00 0 
7f70377fc000-7f70377fd000 ---p 00000000 00:00 0 
7f70377fd000-7f7038890000 rw-p 00000000 00:00 0 
7f7038890000-7f7038a66000 r--s 03caa000 fd:00 407415                     /opt/java/jdk1.8.0_25/jre/lib/rt.jar
7f7038a66000-7f703d462000 rw-p 00000000 00:00 0 
7f703d462000-7f703d463000 ---p 00000000 00:00 0 
7f703d463000-7f703d563000 rw-p 00000000 00:00 0 
7f703d563000-7f703d564000 ---p 00000000 00:00 0 
7f703d564000-7f703d664000 rw-p 00000000 00:00 0 
7f703d664000-7f703d665000 ---p 00000000 00:00 0 
7f703d665000-7f703d765000 rw-p 00000000 00:00 0 
7f703d765000-7f703d766000 ---p 00000000 00:00 0 
7f703d766000-7f703d890000 rw-p 00000000 00:00 0 
7f703d890000-7f703daf3000 ---p 00000000 00:00 0 
7f703daf3000-7f703db1d000 rw-p 00000000 00:00 0 
7f703db1d000-7f703dd7f000 ---p 00000000 00:00 0 
7f703dd7f000-7f703dda4000 rw-p 00000000 00:00 0 
7f703dda4000-7f703dec6000 ---p 00000000 00:00 0 
7f703dec6000-7f703ded6000 rw-p 00000000 00:00 0 
7f703ded6000-7f703e287000 ---p 00000000 00:00 0 
7f703e287000-7f703e617000 rwxp 00000000 00:00 0 
7f703e617000-7f704d287000 ---p 00000000 00:00 0 
7f704d287000-7f704d2a1000 r-xp 00000000 fd:00 407366                     /opt/java/jdk1.8.0_25/jre/lib/amd64/libzip.so
7f704d2a1000-7f704d4a1000 ---p 0001a000 fd:00 407366                     /opt/java/jdk1.8.0_25/jre/lib/amd64/libzip.so
7f704d4a1000-7f704d4a2000 rw-p 0001a000 fd:00 407366                     /opt/java/jdk1.8.0_25/jre/lib/amd64/libzip.so
7f704d4a2000-7f704d4ad000 r-xp 00000000 fd:00 1052207                    /lib/x86_64-linux-gnu/libnss_files-2.13.so
7f704d4ad000-7f704d6ac000 ---p 0000b000 fd:00 1052207                    /lib/x86_64-linux-gnu/libnss_files-2.13.so
7f704d6ac000-7f704d6ad000 r--p 0000a000 fd:00 1052207                    /lib/x86_64-linux-gnu/libnss_files-2.13.so
7f704d6ad000-7f704d6ae000 rw-p 0000b000 fd:00 1052207                    /lib/x86_64-linux-gnu/libnss_files-2.13.so
7f704d6ae000-7f704d6b8000 r-xp 00000000 fd:00 1052209                    /lib/x86_64-linux-gnu/libnss_nis-2.13.so
7f704d6b8000-7f704d8b7000 ---p 0000a000 fd:00 1052209                    /lib/x86_64-linux-gnu/libnss_nis-2.13.so
7f704d8b7000-7f704d8b8000 r--p 00009000 fd:00 1052209                    /lib/x86_64-linux-gnu/libnss_nis-2.13.so
7f704d8b8000-7f704d8b9000 rw-p 0000a000 fd:00 1052209                    /lib/x86_64-linux-gnu/libnss_nis-2.13.so
7f704d8b9000-7f704d8ce000 r-xp 00000000 fd:00 1052204                    /lib/x86_64-linux-gnu/libnsl-2.13.so
7f704d8ce000-7f704dacd000 ---p 00015000 fd:00 1052204                    /lib/x86_64-linux-gnu/libnsl-2.13.so
7f704dacd000-7f704dace000 r--p 00014000 fd:00 1052204                    /lib/x86_64-linux-gnu/libnsl-2.13.so
7f704dace000-7f704dacf000 rw-p 00015000 fd:00 1052204                    /lib/x86_64-linux-gnu/libnsl-2.13.so
7f704dacf000-7f704dad1000 rw-p 00000000 00:00 0 
7f704dad1000-7f704dad8000 r-xp 00000000 fd:00 1052205                    /lib/x86_64-linux-gnu/libnss_compat-2.13.so
7f704dad8000-7f704dcd7000 ---p 00007000 fd:00 1052205                    /lib/x86_64-linux-gnu/libnss_compat-2.13.so
7f704dcd7000-7f704dcd8000 r--p 00006000 fd:00 1052205                    /lib/x86_64-linux-gnu/libnss_compat-2.13.so
7f704dcd8000-7f704dcd9000 rw-p 00007000 fd:00 1052205                    /lib/x86_64-linux-gnu/libnss_compat-2.13.so
7f704dcd9000-7f704de50000 r--p 00000000 fd:00 2755931                    /usr/lib/locale/locale-archive
7f704de50000-7f704de52000 r-xp 00000000 fd:00 407349                     /opt/java/jdk1.8.0_25/jre/lib/amd64/libnpt.so
7f704de52000-7f704e052000 ---p 00002000 fd:00 407349                     /opt/java/jdk1.8.0_25/jre/lib/amd64/libnpt.so
7f704e052000-7f704e053000 rw-p 00002000 fd:00 407349                     /opt/java/jdk1.8.0_25/jre/lib/amd64/libnpt.so
7f704e053000-7f704e08c000 r-xp 00000000 fd:00 407355                     /opt/java/jdk1.8.0_25/jre/lib/amd64/libjdwp.so
7f704e08c000-7f704e28b000 ---p 00039000 fd:00 407355                     /opt/java/jdk1.8.0_25/jre/lib/amd64/libjdwp.so
7f704e28b000-7f704e28d000 rw-p 00038000 fd:00 407355                     /opt/java/jdk1.8.0_25/jre/lib/amd64/libjdwp.so
7f704e28d000-7f704e2b7000 r-xp 00000000 fd:00 407345                     /opt/java/jdk1.8.0_25/jre/lib/amd64/libjava.so
7f704e2b7000-7f704e4b7000 ---p 0002a000 fd:00 407345                     /opt/java/jdk1.8.0_25/jre/lib/amd64/libjava.so
7f704e4b7000-7f704e4b9000 rw-p 0002a000 fd:00 407345                     /opt/java/jdk1.8.0_25/jre/lib/amd64/libjava.so
7f704e4b9000-7f704e4c6000 r-xp 00000000 fd:00 407360                     /opt/java/jdk1.8.0_25/jre/lib/amd64/libverify.so
7f704e4c6000-7f704e6c6000 ---p 0000d000 fd:00 407360                     /opt/java/jdk1.8.0_25/jre/lib/amd64/libverify.so
7f704e6c6000-7f704e6c8000 rw-p 0000d000 fd:00 407360                     /opt/java/jdk1.8.0_25/jre/lib/amd64/libverify.so
7f704e6c8000-7f704e6cf000 r-xp 00000000 fd:00 1052213                    /lib/x86_64-linux-gnu/librt-2.13.so
7f704e6cf000-7f704e8ce000 ---p 00007000 fd:00 1052213                    /lib/x86_64-linux-gnu/librt-2.13.so
7f704e8ce000-7f704e8cf000 r--p 00006000 fd:00 1052213                    /lib/x86_64-linux-gnu/librt-2.13.so
7f704e8cf000-7f704e8d0000 rw-p 00007000 fd:00 1052213                    /lib/x86_64-linux-gnu/librt-2.13.so
7f704e8d0000-7f704e951000 r-xp 00000000 fd:00 1052202                    /lib/x86_64-linux-gnu/libm-2.13.so
7f704e951000-7f704eb50000 ---p 00081000 fd:00 1052202                    /lib/x86_64-linux-gnu/libm-2.13.so
7f704eb50000-7f704eb51000 r--p 00080000 fd:00 1052202                    /lib/x86_64-linux-gnu/libm-2.13.so
7f704eb51000-7f704eb52000 rw-p 00081000 fd:00 1052202                    /lib/x86_64-linux-gnu/libm-2.13.so
7f704eb52000-7f704f7bf000 r-xp 00000000 fd:00 407382                     /opt/java/jdk1.8.0_25/jre/lib/amd64/server/libjvm.so
7f704f7bf000-7f704f9be000 ---p 00c6d000 fd:00 407382                     /opt/java/jdk1.8.0_25/jre/lib/amd64/server/libjvm.so
7f704f9be000-7f704fa94000 rw-p 00c6c000 fd:00 407382                     /opt/java/jdk1.8.0_25/jre/lib/amd64/server/libjvm.so
7f704fa94000-7f704fad7000 rw-p 00000000 00:00 0 
7f704fad7000-7f704fc59000 r-xp 00000000 fd:00 1052198                    /lib/x86_64-linux-gnu/libc-2.13.so
7f704fc59000-7f704fe59000 ---p 00182000 fd:00 1052198                    /lib/x86_64-linux-gnu/libc-2.13.so
7f704fe59000-7f704fe5d000 r--p 00182000 fd:00 1052198                    /lib/x86_64-linux-gnu/libc-2.13.so
7f704fe5d000-7f704fe5e000 rw-p 00186000 fd:00 1052198                    /lib/x86_64-linux-gnu/libc-2.13.so
7f704fe5e000-7f704fe63000 rw-p 00000000 00:00 0 
7f704fe63000-7f704fe65000 r-xp 00000000 fd:00 1052201                    /lib/x86_64-linux-gnu/libdl-2.13.so
7f704fe65000-7f7050065000 ---p 00002000 fd:00 1052201                    /lib/x86_64-linux-gnu/libdl-2.13.so
7f7050065000-7f7050066000 r--p 00002000 fd:00 1052201                    /lib/x86_64-linux-gnu/libdl-2.13.so
7f7050066000-7f7050067000 rw-p 00003000 fd:00 1052201                    /lib/x86_64-linux-gnu/libdl-2.13.so
7f7050067000-7f705007c000 r-xp 00000000 fd:00 406440                     /opt/java/jdk1.8.0_25/lib/amd64/jli/libjli.so
7f705007c000-7f705027b000 ---p 00015000 fd:00 406440                     /opt/java/jdk1.8.0_25/lib/amd64/jli/libjli.so
7f705027b000-7f705027c000 rw-p 00014000 fd:00 406440                     /opt/java/jdk1.8.0_25/lib/amd64/jli/libjli.so
7f705027c000-7f7050293000 r-xp 00000000 fd:00 1052194                    /lib/x86_64-linux-gnu/libpthread-2.13.so
7f7050293000-7f7050492000 ---p 00017000 fd:00 1052194                    /lib/x86_64-linux-gnu/libpthread-2.13.so
7f7050492000-7f7050493000 r--p 00016000 fd:00 1052194                    /lib/x86_64-linux-gnu/libpthread-2.13.so
7f7050493000-7f7050494000 rw-p 00017000 fd:00 1052194                    /lib/x86_64-linux-gnu/libpthread-2.13.so
7f7050494000-7f7050498000 rw-p 00000000 00:00 0 
7f7050498000-7f70504b8000 r-xp 00000000 fd:00 1052195                    /lib/x86_64-linux-gnu/ld-2.13.so
7f70504b8000-7f70504b9000 rw-p 00000000 00:00 0 
7f70504b9000-7f70504bd000 r--s 0001f000 fd:01 10355356                   /home/thomas/.m2/repository/info/magnolia/pages/magnolia-pages/5.3.6/magnolia-pages-5.3.6.jar
7f70504bd000-7f70504c1000 r--s 061b3000 fd:01 10225406                   /home/thomas/.m2/repository/info/magnolia/magnolia-empty-webapp/5.3.6/magnolia-empty-webapp-5.3.6.war
7f70504c1000-7f70504c3000 r--s 0001a000 fd:00 407335                     /opt/java/jdk1.8.0_25/jre/lib/jce.jar
7f70504c3000-7f70504c8000 r--s 00084000 fd:00 407416                     /opt/java/jdk1.8.0_25/jre/lib/jfr.jar
7f70504c8000-7f70504db000 r--s 000d5000 fd:00 407333                     /opt/java/jdk1.8.0_25/jre/lib/plugin.jar
7f70504db000-7f70504df000 r--s 00093000 fd:00 407418                     /opt/java/jdk1.8.0_25/jre/lib/jsse.jar
7f70504df000-7f70504f8000 r--s 001ea000 fd:00 407433                     /opt/java/jdk1.8.0_25/jre/lib/deploy.jar
7f70504f8000-7f7050502000 r--s 00069000 fd:00 407228                     /opt/java/jdk1.8.0_25/jre/lib/javaws.jar
7f7050502000-7f7050599000 rw-p 00000000 00:00 0 
7f7050599000-7f705059c000 ---p 00000000 00:00 0 
7f705059c000-7f705069e000 rw-p 00000000 00:00 0 
7f705069e000-7f705069f000 r--s 00004000 fd:01 10225305                   /home/thomas/.m2/repository/org/mindrot/jbcrypt/0.3m/jbcrypt-0.3m.jar
7f705069f000-7f70506a1000 r--s 00007000 fd:00 407447                     /opt/java/jdk1.8.0_25/jre/lib/jfxswt.jar
7f70506a1000-7f70506a2000 r--s 00000000 fd:00 407412                     /opt/java/jdk1.8.0_25/jre/lib/management-agent.jar
7f70506a2000-7f70506a7000 r--s 002f8000 fd:00 407334                     /opt/java/jdk1.8.0_25/jre/lib/charsets.jar
7f70506a7000-7f70506a9000 r--s 00020000 fd:01 11667034                   /home/thomas/bin/idea-IU-139.659.2/plugins/junit/lib/junit-rt.jar
7f70506a9000-7f70506ab000 r--s 00016000 fd:01 11536838                   /home/thomas/bin/idea-IU-139.659.2/lib/idea_rt.jar
7f70506ab000-7f70506b3000 rw-s 00000000 fd:00 2894905                    /tmp/hsperfdata_thomas/24621
7f70506b3000-7f70506b4000 rw-p 00000000 00:00 0 
7f70506b4000-7f70506b5000 r--p 00000000 00:00 0 
7f70506b5000-7f70506b7000 rw-p 00000000 00:00 0 
7f70506b7000-7f70506b8000 r--p 0001f000 fd:00 1052195                    /lib/x86_64-linux-gnu/ld-2.13.so
7f70506b8000-7f70506b9000 rw-p 00020000 fd:00 1052195                    /lib/x86_64-linux-gnu/ld-2.13.so
7f70506b9000-7f70506ba000 rw-p 00000000 00:00 0 
7fff0177e000-7fff017a4000 rw-p 00000000 00:00 0                          [stack]
7fff017ff000-7fff01800000 r-xp 00000000 00:00 0                          [vdso]
ffffffffff600000-ffffffffff601000 r-xp 00000000 00:00 0                  [vsyscall]

VM Arguments:
jvm_args: -agentlib:jdwp=transport=dt_socket,address=127.0.0.1:40553,suspend=y,server=n -ea -Dfile.encoding=UTF-8 
java_command: com.intellij.rt.execution.junit.JUnitStarter -ideVersion5 thymeleaf.renderer.RendererTest
java_class_path (initial): /home/thomas/bin/idea-IU-139.659.2/lib/idea_rt.jar:/home/thomas/bin/idea-IU-139.659.2/plugins/junit/lib/junit-rt.jar:/opt/java/jdk1.8.0_25/jre/lib/charsets.jar:/opt/java/jdk1.8.0_25/jre/lib/javaws.jar:/opt/java/jdk1.8.0_25/jre/lib/management-agent.jar:/opt/java/jdk1.8.0_25/jre/lib/jfxswt.jar:/opt/java/jdk1.8.0_25/jre/lib/deploy.jar:/opt/java/jdk1.8.0_25/jre/lib/jsse.jar:/opt/java/jdk1.8.0_25/jre/lib/plugin.jar:/opt/java/jdk1.8.0_25/jre/lib/rt.jar:/opt/java/jdk1.8.0_25/jre/lib/jfr.jar:/opt/java/jdk1.8.0_25/jre/lib/resources.jar:/opt/java/jdk1.8.0_25/jre/lib/jce.jar:/opt/java/jdk1.8.0_25/jre/lib/ext/zipfs.jar:/opt/java/jdk1.8.0_25/jre/lib/ext/nashorn.jar:/opt/java/jdk1.8.0_25/jre/lib/ext/cldrdata.jar:/opt/java/jdk1.8.0_25/jre/lib/ext/sunpkcs11.jar:/opt/java/jdk1.8.0_25/jre/lib/ext/dnsns.jar:/opt/java/jdk1.8.0_25/jre/lib/ext/sunec.jar:/opt/java/jdk1.8.0_25/jre/lib/ext/localedata.jar:/opt/java/jdk1.8.0_25/jre/lib/ext/sunjce_provider.jar:/opt/java/jdk1.8.0_25/jre/lib/ext/jfxrt.jar:/home/thomas/IdeaProjects/mgnl-thymeleaf/magnolia-blossom-thymeleaf-module/target/test-classes:/home/thomas/IdeaProjects/mgnl-thymeleaf/magnolia-blossom-thymeleaf-module/target/classes:/home/thomas/.m2/repository/info/magnolia/magnolia-empty-webapp/5.3.6/magnolia-empty-webapp-5.3.6.war:/home/thomas/.m2/repository/info/magnolia/widgetset/magnolia-vaadin-widgetset/5.3.6/magnolia-vaadin-widgetset-5.3.6.jar:/home/thomas/.m2/repository/info/magnolia/ui/magnolia-ui-widget-editor/5.3.6/magnolia-ui-widget-editor-5.3.6.jar:/home/thomas/.m2/repository/info/magnolia/pages/magnolia-pages/5.3.6/magnolia-pages-5.3.6.jar:/home/thomas/.m2/repository/info/magnolia/security/magnolia-security-app/5.3.6/magnolia-security-app-5.3.6.jar:/home/thomas/.m2/repository/info/magnolia/about/magnolia-about-app/5.3.6/magnolia-about-app-5.3.6.jar:/home/thomas/.m2/repository/info/magnolia/magnolia-rendering/5.3.6/magnolia-rendering-5.3.6.jar:/home/thomas/.m2/repository/info/magnolia/magnolia-i18n/5
Launcher Type: SUN_STANDARD

Environment Variables:
CLASSPATH=/home/thomas/bin/idea-IU-139.659.2/bin/../lib/bootstrap.jar:/home/thomas/bin/idea-IU-139.659.2/bin/../lib/extensions.jar:/home/thomas/bin/idea-IU-139.659.2/bin/../lib/util.jar:/home/thomas/bin/idea-IU-139.659.2/bin/../lib/jdom.jar:/home/thomas/bin/idea-IU-139.659.2/bin/../lib/log4j.jar:/home/thomas/bin/idea-IU-139.659.2/bin/../lib/trove4j.jar:/home/thomas/bin/idea-IU-139.659.2/bin/../lib/jna.jar:/usr/lib/jvm/java-6-sun-1.6.0.45/lib/tools.jar
PATH=/home/thomas/bin:/usr/local/bin:/usr/bin:/bin:/usr/local/games:/usr/games
USERNAME=thomas
LD_LIBRARY_PATH=/opt/java/jdk1.8.0_25/jre/lib/amd64/server:/opt/java/jdk1.8.0_25/jre/lib/amd64:/opt/java/jdk1.8.0_25/jre/../lib/amd64:/usr/lib/jvm/java-6-sun-1.6.0.45/jre/lib/amd64/server:/usr/lib/jvm/java-6-sun-1.6.0.45/jre/lib/amd64:/usr/lib/jvm/java-6-sun-1.6.0.45/jre/../lib/amd64:/home/thomas/bin/idea-IU-139.659.2/bin:
SHELL=/bin/bash
DISPLAY=:0

Signal Handlers:
SIGSEGV: [libjvm.so+0xa79a80], sa_mask[0]=11111111011111111101111111111110, sa_flags=SA_RESTART|SA_SIGINFO
SIGBUS: [libjvm.so+0xa79a80], sa_mask[0]=11111111011111111101111111111110, sa_flags=SA_RESTART|SA_SIGINFO
SIGFPE: [libjvm.so+0x8e24e0], sa_mask[0]=11111111011111111101111111111110, sa_flags=SA_RESTART|SA_SIGINFO
SIGPIPE: [libjvm.so+0x8e24e0], sa_mask[0]=11111111011111111101111111111110, sa_flags=SA_RESTART|SA_SIGINFO
SIGXFSZ: [libjvm.so+0x8e24e0], sa_mask[0]=11111111011111111101111111111110, sa_flags=SA_RESTART|SA_SIGINFO
SIGILL: [libjvm.so+0x8e24e0], sa_mask[0]=11111111011111111101111111111110, sa_flags=SA_RESTART|SA_SIGINFO
SIGUSR1: SIG_DFL, sa_mask[0]=00000000000000000000000000000000, sa_flags=none
SIGUSR2: [libjvm.so+0x8e3d10], sa_mask[0]=00100000000000000000000000000000, sa_flags=SA_RESTART|SA_SIGINFO
SIGHUP: [libjvm.so+0x8e50d0], sa_mask[0]=11111111011111111101111111111110, sa_flags=SA_RESTART|SA_SIGINFO
SIGINT: [libjvm.so+0x8e50d0], sa_mask[0]=11111111011111111101111111111110, sa_flags=SA_RESTART|SA_SIGINFO
SIGTERM: [libjvm.so+0x8e50d0], sa_mask[0]=11111111011111111101111111111110, sa_flags=SA_RESTART|SA_SIGINFO
SIGQUIT: [libjvm.so+0x8e50d0], sa_mask[0]=11111111011111111101111111111110, sa_flags=SA_RESTART|SA_SIGINFO


---------------  S Y S T E M  ---------------

OS:PRETTY_NAME="Debian GNU/Linux 7 (wheezy)"
NAME="Debian GNU/Linux"
VERSION_ID="7"
VERSION="7 (wheezy)"
ID=debian
ANSI_COLOR="1;31"
HOME_URL="http://www.debian.org/"
SUPPORT_URL="http://www.debian.org/support/"
BUG_REPORT_URL="http://bugs.debian.org/"

uname:Linux 3.2.0-4-amd64 #1 SMP Debian 3.2.63-2+deb7u1 x86_64
libc:glibc 2.13 NPTL 2.13 
rlimit: STACK 8192k, CORE 0k, NPROC 62512, NOFILE 4096, AS infinity
load average:0,66 0,41 0,35

/proc/meminfo:
MemTotal:        8014956 kB
MemFree:          173716 kB
Buffers:          211860 kB
Cached:          3784712 kB
SwapCached:         1400 kB
Active:          5094852 kB
Inactive:        2232108 kB
Active(anon):    3200836 kB
Inactive(anon):   422100 kB
Active(file):    1894016 kB
Inactive(file):  1810008 kB
Unevictable:           0 kB
Mlocked:               0 kB
SwapTotal:      16404476 kB
SwapFree:       16389796 kB
Dirty:             72892 kB
Writeback:             0 kB
AnonPages:       3329352 kB
Mapped:           191492 kB
Shmem:            292548 kB
Slab:             429092 kB
SReclaimable:     389220 kB
SUnreclaim:        39872 kB
KernelStack:        5136 kB
PageTables:        23588 kB
NFS_Unstable:          0 kB
Bounce:                0 kB
WritebackTmp:          0 kB
CommitLimit:    20411952 kB
Committed_AS:    5927080 kB
VmallocTotal:   34359738367 kB
VmallocUsed:      463092 kB
VmallocChunk:   34359232232 kB
HardwareCorrupted:     0 kB
AnonHugePages:         0 kB
HugePages_Total:       0
HugePages_Free:        0
HugePages_Rsvd:        0
HugePages_Surp:        0
Hugepagesize:       2048 kB
DirectMap4k:      122880 kB
DirectMap2M:     8224768 kB


CPU:total 4 (4 cores per cpu, 1 threads per core) family 6 model 58 stepping 9, cmov, cx8, fxsr, mmx, sse, sse2, sse3, ssse3, sse4.1, sse4.2, popcnt, avx, aes, clmul, erms, tsc, tscinvbit, tscinv

/proc/cpuinfo:
processor	: 0
vendor_id	: GenuineIntel
cpu family	: 6
model		: 58
model name	: Intel(R) Core(TM) i5-3570 CPU @ 3.40GHz
stepping	: 9
microcode	: 0x16
cpu MHz		: 2000.000
cache size	: 6144 KB
physical id	: 0
siblings	: 4
core id		: 0
cpu cores	: 4
apicid		: 0
initial apicid	: 0
fpu		: yes
fpu_exception	: yes
cpuid level	: 13
wp		: yes
flags		: fpu vme de pse tsc msr pae mce cx8 apic sep mtrr pge mca cmov pat pse36 clflush dts acpi mmx fxsr sse sse2 ss ht tm pbe syscall nx rdtscp lm constant_tsc arch_perfmon pebs bts rep_good nopl xtopology nonstop_tsc aperfmperf pni pclmulqdq dtes64 monitor ds_cpl vmx smx est tm2 ssse3 cx16 xtpr pdcm pcid sse4_1 sse4_2 x2apic popcnt tsc_deadline_timer aes xsave avx f16c rdrand lahf_lm ida arat epb xsaveopt pln pts dtherm tpr_shadow vnmi flexpriority ept vpid fsgsbase smep erms
bogomips	: 6784.02
clflush size	: 64
cache_alignment	: 64
address sizes	: 36 bits physical, 48 bits virtual
power management:

processor	: 1
vendor_id	: GenuineIntel
cpu family	: 6
model		: 58
model name	: Intel(R) Core(TM) i5-3570 CPU @ 3.40GHz
stepping	: 9
microcode	: 0x16
cpu MHz		: 3401.000
cache size	: 6144 KB
physical id	: 0
siblings	: 4
core id		: 1
cpu cores	: 4
apicid		: 2
initial apicid	: 2
fpu		: yes
fpu_exception	: yes
cpuid level	: 13
wp		: yes
flags		: fpu vme de pse tsc msr pae mce cx8 apic sep mtrr pge mca cmov pat pse36 clflush dts acpi mmx fxsr sse sse2 ss ht tm pbe syscall nx rdtscp lm constant_tsc arch_perfmon pebs bts rep_good nopl xtopology nonstop_tsc aperfmperf pni pclmulqdq dtes64 monitor ds_cpl vmx smx est tm2 ssse3 cx16 xtpr pdcm pcid sse4_1 sse4_2 x2apic popcnt tsc_deadline_timer aes xsave avx f16c rdrand lahf_lm ida arat epb xsaveopt pln pts dtherm tpr_shadow vnmi flexpriority ept vpid fsgsbase smep erms
bogomips	: 6784.53
clflush size	: 64
cache_alignment	: 64
address sizes	: 36 bits physical, 48 bits virtual
power management:

processor	: 2
vendor_id	: GenuineIntel
cpu family	: 6
model		: 58
model name	: Intel(R) Core(TM) i5-3570 CPU @ 3.40GHz
stepping	: 9
microcode	: 0x16
cpu MHz		: 3401.000
cache size	: 6144 KB
physical id	: 0
siblings	: 4
core id		: 2
cpu cores	: 4
apicid		: 4
initial apicid	: 4
fpu		: yes
fpu_exception	: yes
cpuid level	: 13
wp		: yes
flags		: fpu vme de pse tsc msr pae mce cx8 apic sep mtrr pge mca cmov pat pse36 clflush dts acpi mmx fxsr sse sse2 ss ht tm pbe syscall nx rdtscp lm constant_tsc arch_perfmon pebs bts rep_good nopl xtopology nonstop_tsc aperfmperf pni pclmulqdq dtes64 monitor ds_cpl vmx smx est tm2 ssse3 cx16 xtpr pdcm pcid sse4_1 sse4_2 x2apic popcnt tsc_deadline_timer aes xsave avx f16c rdrand lahf_lm ida arat epb xsaveopt pln pts dtherm tpr_shadow vnmi flexpriority ept vpid fsgsbase smep erms
bogomips	: 6784.54
clflush size	: 64
cache_alignment	: 64
address sizes	: 36 bits physical, 48 bits virtual
power management:

processor	: 3
vendor_id	: GenuineIntel
cpu family	: 6
model		: 58
model name	: Intel(R) Core(TM) i5-3570 CPU @ 3.40GHz
stepping	: 9
microcode	: 0x16
cpu MHz		: 3401.000
cache size	: 6144 KB
physical id	: 0
siblings	: 4
core id		: 3
cpu cores	: 4
apicid		: 6
initial apicid	: 6
fpu		: yes
fpu_exception	: yes
cpuid level	: 13
wp		: yes
flags		: fpu vme de pse tsc msr pae mce cx8 apic sep mtrr pge mca cmov pat pse36 clflush dts acpi mmx fxsr sse sse2 ss ht tm pbe syscall nx rdtscp lm constant_tsc arch_perfmon pebs bts rep_good nopl xtopology nonstop_tsc aperfmperf pni pclmulqdq dtes64 monitor ds_cpl vmx smx est tm2 ssse3 cx16 xtpr pdcm pcid sse4_1 sse4_2 x2apic popcnt tsc_deadline_timer aes xsave avx f16c rdrand lahf_lm ida arat epb xsaveopt pln pts dtherm tpr_shadow vnmi flexpriority ept vpid fsgsbase smep erms
bogomips	: 6784.54
clflush size	: 64
cache_alignment	: 64
address sizes	: 36 bits physical, 48 bits virtual
power management:



Memory: 4k page, physical 8014956k(173716k free), swap 16404476k(16389796k free)

vm_info: Java HotSpot(TM) 64-Bit Server VM (25.25-b02) for linux-amd64 JRE (1.8.0_25-b17), built on Sep 17 2014 17:32:11 by "java_re" with gcc 4.3.0 20080428 (Red Hat 4.3.0-8)

time: Tue Dec 23 14:35:21 2014
elapsed time: 1 seconds (0d 0h 0m 1s)

