#
# A fatal error has been detected by the Java Runtime Environment:
#
#  SIGSEGV (0xb) at pc=0x00007f5e46205d81, pid=24748, tid=140043186251520
#
# JRE version: Java(TM) SE Runtime Environment (8.0_25-b17) (build 1.8.0_25-b17)
# Java VM: Java HotSpot(TM) 64-Bit Server VM (25.25-b02 mixed mode linux-amd64 compressed oops)
# Problematic frame:
# j  org.powermock.classloading.DeepCloner.cloneFields(Ljava/lang/ClassLoader;Ljava/lang/Class;Ljava/lang/Object;Ljava/lang/Object;Ljava/util/Map;Z)V+43
#
# Failed to write core dump. Core dumps have been disabled. To enable core dumping, try "ulimit -c unlimited" before starting Java again
#
# If you would like to submit a bug report, please visit:
#   http://bugreport.sun.com/bugreport/crash.jsp
#

---------------  T H R E A D  ---------------

Current thread (0x0000000001d75800):  JavaThread "main" [_thread_in_Java, id=24749, stack(0x00007f5e584ea000,0x00007f5e585eb000)]

siginfo: si_signo: 11 (SIGSEGV), si_code: 1 (SEGV_MAPERR), si_addr: 0x0000000000001388

Registers:
RAX=0x0000000000100000, RBX=0x00007f5e40aee688, RCX=0x0000000000001388, RDX=0x0000000070500002
RSP=0x00007f5e585e7ce0, RBP=0x00007f5e585e7d38, RSI=0x00007f5e585e7c78, RDI=0x00007f5e461dfa0d
R8 =0x00007f5e585e7c50, R9 =0x00000000db7429c0, R10=0x00007f5e579ff440, R11=0x00007f5e585e7c50
R12=0x0000000000000000, R13=0x00007f5e3e19e943, R14=0x00007f5e585e7dc8, R15=0x0000000001d75800
RIP=0x00007f5e46205d81, EFLAGS=0x0000000000010206, CSGSFS=0x0000000000000033, ERR=0x0000000000000004
  TRAPNO=0x000000000000000e

Top of Stack: (sp=0x00007f5e585e7ce0)
0x00007f5e585e7ce0:   00007f5e461df790 00000000d7552ac0
0x00007f5e585e7cf0:   0000000000001388 00007f5e585e7cf8
0x00007f5e585e7d00:   00007f5e3e19e943 00007f5e585e7dc8
0x00007f5e585e7d10:   00007f5e3e19f360 0000000000000000
0x00007f5e585e7d20:   00007f5e3e19eb88 0000000000000000
0x00007f5e585e7d30:   00007f5e585e7d98 00007f5e585e7e10
0x00007f5e585e7d40:   00007f5e461dfa0d 00000000db78a038
0x00007f5e585e7d50:   0000000000000001 00000000d801a940
0x00007f5e585e7d60:   00000000db742990 00000000d801e280
0x00007f5e585e7d70:   0000000000001388 0000000000000006
0x00007f5e585e7d80:   000000000000000b 00000000d801a9a8
0x00007f5e585e7d90:   00000000d7bb5960 0000000000000001
0x00007f5e585e7da0:   00000000d74fd5a8 00000000d801a940
0x00007f5e585e7db0:   00000000db742990 00000000d7bb5960
0x00007f5e585e7dc0:   00000000db870388 00000000d74e9470
0x00007f5e585e7dd0:   00007f5e585e7dd0 00007f5e3e19deb8
0x00007f5e585e7de0:   00007f5e585e7e40 00007f5e3e19f360
0x00007f5e585e7df0:   0000000000000000 00007f5e3e19df18
0x00007f5e585e7e00:   00007f5e585e7d98 00007f5e585e7e28
0x00007f5e585e7e10:   00007f5e585e7e88 00007f5e461df790
0x00007f5e585e7e20:   00000000d801a940 0000000000000001
0x00007f5e585e7e30:   00000000db742990 00000000d7bb5960
0x00007f5e585e7e40:   00000000d74e9470 00007f5e585e7e48
0x00007f5e585e7e50:   00007f5e3e19e9ec 00007f5e585e7f18
0x00007f5e585e7e60:   00007f5e3e19f360 0000000000000000
0x00007f5e585e7e70:   00007f5e3e19eb88 00007f5e585e7e28
0x00007f5e585e7e80:   00007f5e585e7ee8 00007f5e585e7f60
0x00007f5e585e7e90:   00007f5e461dfa0d 00000000d7bb5960
0x00007f5e585e7ea0:   00000000db7ba520 00000000d7ffc5d0
0x00007f5e585e7eb0:   00000000db742990 00000000d8018158
0x00007f5e585e7ec0:   00000000d8014a40 0000000000000005
0x00007f5e585e7ed0:   000000000000000b 00000000d8014898 

Instructions: (pc=0x00007f5e46205d81)
0x00007f5e46205d61:   9f 57 5e 7f 00 00 49 8b 14 d2 52 41 8b d5 4c 8b
0x00007f5e46205d71:   6d c8 8b c2 81 e0 00 00 10 00 0f 84 77 01 00 00
0x00007f5e46205d81:   48 3b 01 48 8b 45 e0 48 85 c0 0f 84 12 00 00 00
0x00007f5e46205d91:   48 83 40 08 01 48 83 58 08 00 48 83 c0 30 48 89 

Register to memory mapping:

RAX=0x0000000000100000 is an unknown value
RBX={method} {0x00007f5e40aee688} 'getAnnotation' '(Ljava/lang/Class;)Ljava/lang/annotation/Annotation;' in 'java/lang/reflect/Field'
RCX=0x0000000000001388 is an unknown value
RDX=0x0000000070500002 is an unknown value
RSP=0x00007f5e585e7ce0 is pointing into the stack for thread: 0x0000000001d75800
RBP=0x00007f5e585e7d38 is pointing into the stack for thread: 0x0000000001d75800
RSI=0x00007f5e585e7c78 is pointing into the stack for thread: 0x0000000001d75800
RDI=0x00007f5e461dfa0d is at code_begin+2093 in an Interpreter codelet
invoke return entry points  [0x00007f5e461df1e0, 0x00007f5e461dfae0]  2304 bytes
R8 =0x00007f5e585e7c50 is pointing into the stack for thread: 0x0000000001d75800
R9 =0x00000000db7429c0 is an oop
[C 
 - klass: {type array char}
 - length: 4
R10=0x00007f5e579ff440: <offset 0xf5c440> in /opt/java/jdk1.8.0_25/jre/lib/amd64/server/libjvm.so at 0x00007f5e56aa3000
R11=0x00007f5e585e7c50 is pointing into the stack for thread: 0x0000000001d75800
R12=0x0000000000000000 is an unknown value
R13=0x00007f5e3e19e943 is pointing into metadata
R14=0x00007f5e585e7dc8 is pointing into the stack for thread: 0x0000000001d75800
R15=0x0000000001d75800 is a thread


Stack: [0x00007f5e584ea000,0x00007f5e585eb000],  sp=0x00007f5e585e7ce0,  free space=1015k
Native frames: (J=compiled Java code, j=interpreted, Vv=VM code, C=native code)
j  org.powermock.classloading.DeepCloner.cloneFields(Ljava/lang/ClassLoader;Ljava/lang/Class;Ljava/lang/Object;Ljava/lang/Object;Ljava/util/Map;Z)V+43
j  org.powermock.classloading.DeepCloner.performClone(Ljava/lang/Class;Ljava/lang/Object;Z)Ljava/lang/Object;+168
j  org.powermock.classloading.DeepCloner.cloneFields(Ljava/lang/ClassLoader;Ljava/lang/Class;Ljava/lang/Object;Ljava/lang/Object;Ljava/util/Map;Z)V+212
j  org.powermock.classloading.DeepCloner.performClone(Ljava/lang/Class;Ljava/lang/Object;Z)Ljava/lang/Object;+168
j  org.powermock.classloading.DeepCloner.cloneFields(Ljava/lang/ClassLoader;Ljava/lang/Class;Ljava/lang/Object;Ljava/lang/Object;Ljava/util/Map;Z)V+212
j  org.powermock.classloading.DeepCloner.performClone(Ljava/lang/Class;Ljava/lang/Object;Z)Ljava/lang/Object;+168
j  org.powermock.classloading.DeepCloner.cloneFields(Ljava/lang/ClassLoader;Ljava/lang/Class;Ljava/lang/Object;Ljava/lang/Object;Ljava/util/Map;Z)V+212
j  org.powermock.classloading.DeepCloner.performClone(Ljava/lang/Class;Ljava/lang/Object;Z)Ljava/lang/Object;+168
j  org.powermock.classloading.DeepCloner.cloneFields(Ljava/lang/ClassLoader;Ljava/lang/Class;Ljava/lang/Object;Ljava/lang/Object;Ljava/util/Map;Z)V+212
j  org.powermock.classloading.DeepCloner.performClone(Ljava/lang/Class;Ljava/lang/Object;Z)Ljava/lang/Object;+168
j  org.powermock.classloading.DeepCloner.cloneFields(Ljava/lang/ClassLoader;Ljava/lang/Class;Ljava/lang/Object;Ljava/lang/Object;Ljava/util/Map;Z)V+212
j  org.powermock.classloading.DeepCloner.performClone(Ljava/lang/Class;Ljava/lang/Object;Z)Ljava/lang/Object;+168
j  org.powermock.classloading.DeepCloner.cloneFields(Ljava/lang/ClassLoader;Ljava/lang/Class;Ljava/lang/Object;Ljava/lang/Object;Ljava/util/Map;Z)V+212
j  org.powermock.classloading.DeepCloner.performClone(Ljava/lang/Class;Ljava/lang/Object;Z)Ljava/lang/Object;+168
j  org.powermock.classloading.DeepCloner.cloneFields(Ljava/lang/ClassLoader;Ljava/lang/Class;Ljava/lang/Object;Ljava/lang/Object;Ljava/util/Map;Z)V+212
j  org.powermock.classloading.DeepCloner.performClone(Ljava/lang/Class;Ljava/lang/Object;Z)Ljava/lang/Object;+168
j  org.powermock.classloading.DeepCloner.cloneFields(Ljava/lang/ClassLoader;Ljava/lang/Class;Ljava/lang/Object;Ljava/lang/Object;Ljava/util/Map;Z)V+212
j  org.powermock.classloading.DeepCloner.performClone(Ljava/lang/Class;Ljava/lang/Object;Z)Ljava/lang/Object;+168
j  org.powermock.classloading.DeepCloner.cloneFields(Ljava/lang/ClassLoader;Ljava/lang/Class;Ljava/lang/Object;Ljava/lang/Object;Ljava/util/Map;Z)V+212
j  org.powermock.classloading.DeepCloner.performClone(Ljava/lang/Class;Ljava/lang/Object;Z)Ljava/lang/Object;+168
j  org.powermock.classloading.DeepCloner.cloneFields(Ljava/lang/ClassLoader;Ljava/lang/Class;Ljava/lang/Object;Ljava/lang/Object;Ljava/util/Map;Z)V+212
j  org.powermock.classloading.DeepCloner.performClone(Ljava/lang/Class;Ljava/lang/Object;Z)Ljava/lang/Object;+168
j  org.powermock.classloading.DeepCloner.cloneFields(Ljava/lang/ClassLoader;Ljava/lang/Class;Ljava/lang/Object;Ljava/lang/Object;Ljava/util/Map;Z)V+212
j  org.powermock.classloading.DeepCloner.performClone(Ljava/lang/Class;Ljava/lang/Object;Z)Ljava/lang/Object;+168
j  org.powermock.classloading.DeepCloner.cloneFields(Ljava/lang/ClassLoader;Ljava/lang/Class;Ljava/lang/Object;Ljava/lang/Object;Ljava/util/Map;Z)V+212
j  org.powermock.classloading.DeepCloner.performClone(Ljava/lang/Class;Ljava/lang/Object;Z)Ljava/lang/Object;+168
j  org.powermock.classloading.DeepCloner.cloneFields(Ljava/lang/ClassLoader;Ljava/lang/Class;Ljava/lang/Object;Ljava/lang/Object;Ljava/util/Map;Z)V+212
j  org.powermock.classloading.DeepCloner.performClone(Ljava/lang/Class;Ljava/lang/Object;Z)Ljava/lang/Object;+168
j  org.powermock.classloading.DeepCloner.clone(Ljava/lang/Object;Z)Ljava/lang/Object;+18
j  org.powermock.classloading.DeepCloner.clone(Ljava/lang/Object;)Ljava/lang/Object;+3
j  org.powermock.classloading.ClassloaderExecutor.execute(Ljava/lang/Object;Ljava/lang/reflect/Method;[Ljava/lang/Object;)Ljava/lang/Object;+13
j  org.powermock.classloading.ClassloaderExecutor.execute(Ljava/lang/Runnable;)V+26
j  org.powermock.modules.junit4.rule.PowerMockStatement.evaluate()V+12
j  org.springframework.test.context.junit4.statements.SpringRepeat.evaluate()V+82
j  org.junit.runners.ParentRunner.runLeaf(Lorg/junit/runners/model/Statement;Lorg/junit/runner/Description;Lorg/junit/runner/notification/RunNotifier;)V+17
j  org.springframework.test.context.junit4.SpringJUnit4ClassRunner.runChild(Lorg/junit/runners/model/FrameworkMethod;Lorg/junit/runner/notification/RunNotifier;)V+30
j  org.springframework.test.context.junit4.SpringJUnit4ClassRunner.runChild(Ljava/lang/Object;Lorg/junit/runner/notification/RunNotifier;)V+6
j  org.junit.runners.ParentRunner$3.run()V+12
j  org.junit.runners.ParentRunner$1.schedule(Ljava/lang/Runnable;)V+1
j  org.junit.runners.ParentRunner.runChildren(Lorg/junit/runner/notification/RunNotifier;)V+40
j  org.junit.runners.ParentRunner.access$000(Lorg/junit/runners/ParentRunner;Lorg/junit/runner/notification/RunNotifier;)V+2
j  org.junit.runners.ParentRunner$2.evaluate()V+8
j  org.springframework.test.context.junit4.statements.RunBeforeTestClassCallbacks.evaluate()V+11
j  org.springframework.test.context.junit4.statements.RunAfterTestClassCallbacks.evaluate()V+12
j  org.junit.runners.ParentRunner.run(Lorg/junit/runner/notification/RunNotifier;)V+20
j  org.springframework.test.context.junit4.SpringJUnit4ClassRunner.run(Lorg/junit/runner/notification/RunNotifier;)V+24
j  org.junit.runner.JUnitCore.run(Lorg/junit/runner/Runner;)Lorg/junit/runner/Result;+37
j  com.intellij.junit4.JUnit4IdeaTestRunner.startRunnerWithArgs([Ljava/lang/String;Ljava/util/ArrayList;Ljava/lang/String;Z)I+178
j  com.intellij.rt.execution.junit.JUnitStarter.prepareStreamsAndStart([Ljava/lang/String;ZLjava/util/ArrayList;Ljava/lang/String;Lcom/intellij/rt/execution/junit/segments/SegmentedOutputStream;Lcom/intellij/rt/execution/junit/segments/SegmentedOutputStream;)I+150
j  com.intellij.rt.execution.junit.JUnitStarter.main([Ljava/lang/String;)V+145
v  ~StubRoutines::call_stub
V  [libjvm.so+0x664086]  JavaCalls::call_helper(JavaValue*, methodHandle*, JavaCallArguments*, Thread*)+0x1056
V  [libjvm.so+0x6ab096]  jni_invoke_static(JNIEnv_*, JavaValue*, _jobject*, JNICallType, _jmethodID*, JNI_ArgumentPusher*, Thread*)+0x346
V  [libjvm.so+0x6b1c2a]  jni_CallStaticVoidMethod+0x17a
C  [libjli.so+0x7b14]  JavaMain+0x844
C  [libpthread.so.0+0x6b50]  start_thread+0xd0


---------------  P R O C E S S  ---------------

Java Threads: ( => current thread )
  0x00007f5e38012000 JavaThread "Service Thread" daemon [_thread_blocked, id=24784, stack(0x00007f5e3eb3f000,0x00007f5e3ec40000)]
  0x00007f5e38008800 JavaThread "C1 CompilerThread2" daemon [_thread_blocked, id=24783, stack(0x00007f5e3ec40000,0x00007f5e3ed41000)]
  0x00007f5e38005800 JavaThread "C2 CompilerThread1" daemon [_thread_in_native, id=24782, stack(0x00007f5e3ed41000,0x00007f5e3ee42000)]
  0x0000000001e41000 JavaThread "C2 CompilerThread0" daemon [_thread_in_native, id=24781, stack(0x00007f5e3ee42000,0x00007f5e3ef43000)]
  0x0000000001e34800 JavaThread "JDWP Command Reader" daemon [_thread_in_native, id=24775, stack(0x00007f5e3ef43000,0x00007f5e3f044000)]
  0x0000000001e32800 JavaThread "JDWP Event Helper Thread" daemon [_thread_blocked, id=24774, stack(0x00007f5e3f044000,0x00007f5e3f145000)]
  0x0000000001e2e800 JavaThread "JDWP Transport Listener: dt_socket" daemon [_thread_blocked, id=24772, stack(0x00007f5e3f145000,0x00007f5e3f246000)]
  0x0000000001e1a800 JavaThread "Signal Dispatcher" daemon [_thread_blocked, id=24771, stack(0x00007f5e3f44a000,0x00007f5e3f54b000)]
  0x0000000001ded800 JavaThread "Finalizer" daemon [_thread_blocked, id=24756, stack(0x00007f5e3f54b000,0x00007f5e3f64c000)]
  0x0000000001de6000 JavaThread "Reference Handler" daemon [_thread_blocked, id=24755, stack(0x00007f5e3f64c000,0x00007f5e3f74d000)]
=>0x0000000001d75800 JavaThread "main" [_thread_in_Java, id=24749, stack(0x00007f5e584ea000,0x00007f5e585eb000)]

Other Threads:
  0x0000000001ddf000 VMThread [stack: 0x00007f5e3f74d000,0x00007f5e3f84e000] [id=24754]
  0x00007f5e38015000 WatcherThread [stack: 0x00007f5e3ea3e000,0x00007f5e3eb3f000] [id=24785]

VM state:not at safepoint (normal execution)

VM Mutex/Monitor currently owned by a thread: None

Heap:
 PSYoungGen      total 68608K, used 17775K [0x00000000d7380000, 0x00000000dbb80000, 0x0000000100000000)
  eden space 63488K, 21% used [0x00000000d7380000,0x00000000d81160c8,0x00000000db180000)
  from space 5120K, 75% used [0x00000000db680000,0x00000000dba45c10,0x00000000dbb80000)
  to   space 5120K, 0% used [0x00000000db180000,0x00000000db180000,0x00000000db680000)
 ParOldGen       total 84992K, used 88K [0x0000000085a00000, 0x000000008ad00000, 0x00000000d7380000)
  object space 84992K, 0% used [0x0000000085a00000,0x0000000085a16010,0x000000008ad00000)
 Metaspace       used 11478K, capacity 11822K, committed 12032K, reserved 1060864K
  class space    used 1439K, capacity 1527K, committed 1536K, reserved 1048576K

Card table byte_map: [0x00007f5e45a44000,0x00007f5e45e18000] byte_map_base: 0x00007f5e45617000

Marking Bits: (ParMarkBitMap*) 0x00007f5e579fd2c0
 Begin Bits: [0x00007f5e41683000, 0x00007f5e4351b000)
 End Bits:   [0x00007f5e4351b000, 0x00007f5e453b3000)

Polling page: 0x00007f5e58605000

CodeCache: size=245760Kb used=3304Kb max_used=3304Kb free=242455Kb
 bounds [0x00007f5e461d8000, 0x00007f5e46518000, 0x00007f5e551d8000]
 total_blobs=1124 nmethods=839 adapters=208
 compilation: enabled

Compilation events (10 events):
Event: 1,353 Thread 0x00007f5e38008800  838       3       sun.reflect.Reflection::quickCheckMemberAccess (10 bytes)
Event: 1,353 Thread 0x00007f5e38008800 nmethod 838 0x00007f5e4650f850 code [0x00007f5e4650f9c0, 0x00007f5e4650fbe8]
Event: 1,353 Thread 0x00007f5e38008800  839       3       java.lang.Class::searchMethods (90 bytes)
Event: 1,354 Thread 0x00007f5e38008800 nmethod 839 0x00007f5e465122d0 code [0x00007f5e46512520, 0x00007f5e465134b8]
Event: 1,356 Thread 0x00007f5e38008800  841       3       java.lang.reflect.Field::copy (59 bytes)
Event: 1,356 Thread 0x00007f5e38008800 nmethod 841 0x00007f5e46513c50 code [0x00007f5e46513dc0, 0x00007f5e46514028]
Event: 1,357 Thread 0x00007f5e38008800  842       3       java.lang.reflect.AccessibleObject::setAccessible (21 bytes)
Event: 1,357 Thread 0x00007f5e38008800 nmethod 842 0x00007f5e465140d0 code [0x00007f5e46514260, 0x00007f5e46514578]
Event: 1,357 Thread 0x00007f5e38008800  844       3       java.lang.reflect.Modifier::isStatic (13 bytes)
Event: 1,358 Thread 0x00007f5e38008800 nmethod 844 0x00007f5e46514a10 code [0x00007f5e46514b80, 0x00007f5e46514d10]

GC Heap History (8 events):
Event: 0,578 GC heap before
{Heap before GC invocations=1 (full 0):
 PSYoungGen      total 36864K, used 31744K [0x00000000d7380000, 0x00000000d9c80000, 0x0000000100000000)
  eden space 31744K, 100% used [0x00000000d7380000,0x00000000d9280000,0x00000000d9280000)
  from space 5120K, 0% used [0x00000000d9780000,0x00000000d9780000,0x00000000d9c80000)
  to   space 5120K, 0% used [0x00000000d9280000,0x00000000d9280000,0x00000000d9780000)
 ParOldGen       total 84992K, used 0K [0x0000000085a00000, 0x000000008ad00000, 0x00000000d7380000)
  object space 84992K, 0% used [0x0000000085a00000,0x0000000085a00000,0x000000008ad00000)
 Metaspace       used 6367K, capacity 6630K, committed 6784K, reserved 1056768K
  class space    used 796K, capacity 850K, committed 896K, reserved 1048576K
Event: 0,581 GC heap after
Heap after GC invocations=1 (full 0):
 PSYoungGen      total 36864K, used 3758K [0x00000000d7380000, 0x00000000d9c80000, 0x0000000100000000)
  eden space 31744K, 0% used [0x00000000d7380000,0x00000000d7380000,0x00000000d9280000)
  from space 5120K, 73% used [0x00000000d9280000,0x00000000d962bb90,0x00000000d9780000)
  to   space 5120K, 0% used [0x00000000d9780000,0x00000000d9780000,0x00000000d9c80000)
 ParOldGen       total 84992K, used 72K [0x0000000085a00000, 0x000000008ad00000, 0x00000000d7380000)
  object space 84992K, 0% used [0x0000000085a00000,0x0000000085a12010,0x000000008ad00000)
 Metaspace       used 6367K, capacity 6630K, committed 6784K, reserved 1056768K
  class space    used 796K, capacity 850K, committed 896K, reserved 1048576K
}
Event: 0,744 GC heap before
{Heap before GC invocations=2 (full 0):
 PSYoungGen      total 36864K, used 35502K [0x00000000d7380000, 0x00000000d9c80000, 0x0000000100000000)
  eden space 31744K, 100% used [0x00000000d7380000,0x00000000d9280000,0x00000000d9280000)
  from space 5120K, 73% used [0x00000000d9280000,0x00000000d962bb90,0x00000000d9780000)
  to   space 5120K, 0% used [0x00000000d9780000,0x00000000d9780000,0x00000000d9c80000)
 ParOldGen       total 84992K, used 72K [0x0000000085a00000, 0x000000008ad00000, 0x00000000d7380000)
  object space 84992K, 0% used [0x0000000085a00000,0x0000000085a12010,0x000000008ad00000)
 Metaspace       used 8116K, capacity 8284K, committed 8576K, reserved 1056768K
  class space    used 1026K, capacity 1076K, committed 1152K, reserved 1048576K
Event: 0,749 GC heap after
Heap after GC invocations=2 (full 0):
 PSYoungGen      total 36864K, used 3337K [0x00000000d7380000, 0x00000000dbb80000, 0x0000000100000000)
  eden space 31744K, 0% used [0x00000000d7380000,0x00000000d7380000,0x00000000d9280000)
  from space 5120K, 65% used [0x00000000d9780000,0x00000000d9ac26f0,0x00000000d9c80000)
  to   space 5120K, 0% used [0x00000000d9280000,0x00000000d9280000,0x00000000d9780000)
 ParOldGen       total 84992K, used 72K [0x0000000085a00000, 0x000000008ad00000, 0x00000000d7380000)
  object space 84992K, 0% used [0x0000000085a00000,0x0000000085a12010,0x000000008ad00000)
 Metaspace       used 8116K, capacity 8284K, committed 8576K, reserved 1056768K
  class space    used 1026K, capacity 1076K, committed 1152K, reserved 1048576K
}
Event: 0,973 GC heap before
{Heap before GC invocations=3 (full 0):
 PSYoungGen      total 36864K, used 35081K [0x00000000d7380000, 0x00000000dbb80000, 0x0000000100000000)
  eden space 31744K, 100% used [0x00000000d7380000,0x00000000d9280000,0x00000000d9280000)
  from space 5120K, 65% used [0x00000000d9780000,0x00000000d9ac26f0,0x00000000d9c80000)
  to   space 5120K, 0% used [0x00000000d9280000,0x00000000d9280000,0x00000000d9780000)
 ParOldGen       total 84992K, used 72K [0x0000000085a00000, 0x000000008ad00000, 0x00000000d7380000)
  object space 84992K, 0% used [0x0000000085a00000,0x0000000085a12010,0x000000008ad00000)
 Metaspace       used 9415K, capacity 9582K, committed 9728K, reserved 1058816K
  class space    used 1200K, capacity 1207K, committed 1280K, reserved 1048576K
Event: 0,976 GC heap after
Heap after GC invocations=3 (full 0):
 PSYoungGen      total 36864K, used 3466K [0x00000000d7380000, 0x00000000dbb80000, 0x0000000100000000)
  eden space 31744K, 0% used [0x00000000d7380000,0x00000000d7380000,0x00000000d9280000)
  from space 5120K, 67% used [0x00000000d9280000,0x00000000d95e2830,0x00000000d9780000)
  to   space 5120K, 0% used [0x00000000db680000,0x00000000db680000,0x00000000dbb80000)
 ParOldGen       total 84992K, used 80K [0x0000000085a00000, 0x000000008ad00000, 0x00000000d7380000)
  object space 84992K, 0% used [0x0000000085a00000,0x0000000085a14010,0x000000008ad00000)
 Metaspace       used 9415K, capacity 9582K, committed 9728K, reserved 1058816K
  class space    used 1200K, capacity 1207K, committed 1280K, reserved 1048576K
}
Event: 1,259 GC heap before
{Heap before GC invocations=4 (full 0):
 PSYoungGen      total 36864K, used 35210K [0x00000000d7380000, 0x00000000dbb80000, 0x0000000100000000)
  eden space 31744K, 100% used [0x00000000d7380000,0x00000000d9280000,0x00000000d9280000)
  from space 5120K, 67% used [0x00000000d9280000,0x00000000d95e2830,0x00000000d9780000)
  to   space 5120K, 0% used [0x00000000db680000,0x00000000db680000,0x00000000dbb80000)
 ParOldGen       total 84992K, used 80K [0x0000000085a00000, 0x000000008ad00000, 0x00000000d7380000)
  object space 84992K, 0% used [0x0000000085a00000,0x0000000085a14010,0x000000008ad00000)
 Metaspace       used 10754K, capacity 11044K, committed 11264K, reserved 1058816K
  class space    used 1357K, capacity 1440K, committed 1536K, reserved 1048576K
Event: 1,265 GC heap after
Heap after GC invocations=4 (full 0):
 PSYoungGen      total 68608K, used 3863K [0x00000000d7380000, 0x00000000dbb80000, 0x0000000100000000)
  eden space 63488K, 0% used [0x00000000d7380000,0x00000000d7380000,0x00000000db180000)
  from space 5120K, 75% used [0x00000000db680000,0x00000000dba45c10,0x00000000dbb80000)
  to   space 5120K, 0% used [0x00000000db180000,0x00000000db180000,0x00000000db680000)
 ParOldGen       total 84992K, used 88K [0x0000000085a00000, 0x000000008ad00000, 0x00000000d7380000)
  object space 84992K, 0% used [0x0000000085a00000,0x0000000085a16010,0x000000008ad00000)
 Metaspace       used 10754K, capacity 11044K, committed 11264K, reserved 1058816K
  class space    used 1357K, capacity 1440K, committed 1536K, reserved 1048576K
}

Deoptimization events (6 events):
Event: 0,383 Thread 0x0000000001d75800 Uncommon trap: reason=unreached action=reinterpret pc=0x00007f5e463bd9d0 method=java.lang.AbstractStringBuilder.append(Ljava/lang/String;)Ljava/lang/AbstractStringBuilder; @ 1
Event: 0,765 Thread 0x0000000001d75800 Uncommon trap: reason=range_check action=make_not_entrant pc=0x00007f5e4648d530 method=sun.reflect.generics.parser.SignatureParser.current()C @ 34
Event: 1,239 Thread 0x0000000001d75800 Uncommon trap: reason=bimorphic action=maybe_recompile pc=0x00007f5e464b43a0 method=java.util.HashMap.putVal(ILjava/lang/Object;Ljava/lang/Object;ZZ)Ljava/lang/Object; @ 203
Event: 1,239 Thread 0x0000000001d75800 Uncommon trap: reason=bimorphic action=maybe_recompile pc=0x00007f5e464b43a0 method=java.util.HashMap.putVal(ILjava/lang/Object;Ljava/lang/Object;ZZ)Ljava/lang/Object; @ 203
Event: 1,239 Thread 0x0000000001d75800 Uncommon trap: reason=bimorphic action=maybe_recompile pc=0x00007f5e464b43a0 method=java.util.HashMap.putVal(ILjava/lang/Object;Ljava/lang/Object;ZZ)Ljava/lang/Object; @ 203
Event: 1,239 Thread 0x0000000001d75800 Uncommon trap: reason=bimorphic action=maybe_recompile pc=0x00007f5e464b43a0 method=java.util.HashMap.putVal(ILjava/lang/Object;Ljava/lang/Object;ZZ)Ljava/lang/Object; @ 203

Internal exceptions (10 events):
Event: 1,271 Thread 0x0000000001d75800 Exception <a 'java/security/PrivilegedActionException'> (0x00000000d7458578) thrown at [/HUDSON/workspace/8-2-build-linux-amd64/jdk8u25/1514/hotspot/src/share/vm/prims/jvm.cpp, line 1312]
Event: 1,271 Thread 0x0000000001d75800 Exception <a 'java/security/PrivilegedActionException'> (0x00000000d74702a0) thrown at [/HUDSON/workspace/8-2-build-linux-amd64/jdk8u25/1514/hotspot/src/share/vm/prims/jvm.cpp, line 1312]
Event: 1,272 Thread 0x0000000001d75800 Exception <a 'java/security/PrivilegedActionException'> (0x00000000d74726b0) thrown at [/HUDSON/workspace/8-2-build-linux-amd64/jdk8u25/1514/hotspot/src/share/vm/prims/jvm.cpp, line 1312]
Event: 1,272 Thread 0x0000000001d75800 Exception <a 'java/security/PrivilegedActionException'> (0x00000000d748e580) thrown at [/HUDSON/workspace/8-2-build-linux-amd64/jdk8u25/1514/hotspot/src/share/vm/prims/jvm.cpp, line 1312]
Event: 1,273 Thread 0x0000000001d75800 Exception <a 'java/security/PrivilegedActionException'> (0x00000000d74ad3b8) thrown at [/HUDSON/workspace/8-2-build-linux-amd64/jdk8u25/1514/hotspot/src/share/vm/prims/jvm.cpp, line 1312]
Event: 1,274 Thread 0x0000000001d75800 Exception <a 'java/security/PrivilegedActionException'> (0x00000000d74d13f0) thrown at [/HUDSON/workspace/8-2-build-linux-amd64/jdk8u25/1514/hotspot/src/share/vm/prims/jvm.cpp, line 1312]
Event: 1,275 Thread 0x0000000001d75800 Exception <a 'java/security/PrivilegedActionException'> (0x00000000d74e9a90) thrown at [/HUDSON/workspace/8-2-build-linux-amd64/jdk8u25/1514/hotspot/src/share/vm/prims/jvm.cpp, line 1312]
Event: 1,275 Thread 0x0000000001d75800 Exception <a 'java/security/PrivilegedActionException'> (0x00000000d74fdca0) thrown at [/HUDSON/workspace/8-2-build-linux-amd64/jdk8u25/1514/hotspot/src/share/vm/prims/jvm.cpp, line 1312]
Event: 1,281 Thread 0x0000000001d75800 Exception <a 'java/security/PrivilegedActionException'> (0x00000000d75a0a60) thrown at [/HUDSON/workspace/8-2-build-linux-amd64/jdk8u25/1514/hotspot/src/share/vm/prims/jvm.cpp, line 1312]
Event: 1,344 Thread 0x0000000001d75800 Exception <a 'java/security/PrivilegedActionException'> (0x00000000d7f9e568) thrown at [/HUDSON/workspace/8-2-build-linux-amd64/jdk8u25/1514/hotspot/src/share/vm/prims/jvm.cpp, line 1312]

Events (10 events):
Event: 1,344 Thread 0x0000000001d75800 DEOPT PACKING pc=0x00007f5e463e8194 sp=0x00007f5e585e6510
Event: 1,344 Thread 0x0000000001d75800 DEOPT UNPACKING pc=0x00007f5e4621f373 sp=0x00007f5e585e6260 mode 1
Event: 1,344 Thread 0x0000000001d75800 DEOPT PACKING pc=0x00007f5e463e8a8c sp=0x00007f5e585e7030
Event: 1,344 Thread 0x0000000001d75800 DEOPT UNPACKING pc=0x00007f5e4621f373 sp=0x00007f5e585e6d98 mode 1
Event: 1,344 Thread 0x0000000001d75800 DEOPT PACKING pc=0x00007f5e4639e1d4 sp=0x00007f5e585e70a0
Event: 1,344 Thread 0x0000000001d75800 DEOPT UNPACKING pc=0x00007f5e4621f373 sp=0x00007f5e585e6ee0 mode 1
Event: 1,344 Thread 0x0000000001d75800 DEOPT PACKING pc=0x00007f5e4639df74 sp=0x00007f5e585e7230
Event: 1,344 Thread 0x0000000001d75800 DEOPT UNPACKING pc=0x00007f5e4621f373 sp=0x00007f5e585e7070 mode 1
Event: 1,352 loading class sun/reflect/UnsafeQualifiedStaticIntegerFieldAccessorImpl
Event: 1,353 loading class sun/reflect/UnsafeQualifiedStaticIntegerFieldAccessorImpl done


Dynamic libraries:
00400000-00401000 r-xp 00000000 fd:00 407506                             /opt/java/jdk1.8.0_25/bin/java
00600000-00601000 rw-p 00000000 fd:00 407506                             /opt/java/jdk1.8.0_25/bin/java
01d58000-022a0000 rw-p 00000000 00:00 0                                  [heap]
85a00000-8ad00000 rw-p 00000000 00:00 0 
8ad00000-d7380000 ---p 00000000 00:00 0 
d7380000-dbb80000 rw-p 00000000 00:00 0 
dbb80000-100000000 ---p 00000000 00:00 0 
100000000-100180000 rw-p 00000000 00:00 0 
100180000-140000000 ---p 00000000 00:00 0 
7f5e30000000-7f5e305cc000 rw-p 00000000 00:00 0 
7f5e305cc000-7f5e34000000 ---p 00000000 00:00 0 
7f5e34000000-7f5e34c29000 rw-p 00000000 00:00 0 
7f5e34c29000-7f5e38000000 ---p 00000000 00:00 0 
7f5e38000000-7f5e38550000 rw-p 00000000 00:00 0 
7f5e38550000-7f5e3c000000 ---p 00000000 00:00 0 
7f5e3de5f000-7f5e3dea1000 rw-p 00000000 00:00 0 
7f5e3dea1000-7f5e3e061000 ---p 00000000 00:00 0 
7f5e3e061000-7f5e3e261000 rw-p 00000000 00:00 0 
7f5e3e261000-7f5e3e26b000 r--s 00116000 fd:00 407424                     /opt/java/jdk1.8.0_25/jre/lib/ext/localedata.jar
7f5e3e26b000-7f5e3e287000 r--s 00393000 fd:00 407430                     /opt/java/jdk1.8.0_25/jre/lib/ext/cldrdata.jar
7f5e3e287000-7f5e3e289000 r--s 0000b000 fd:01 10487378                   /home/thomas/.m2/repository/javax/servlet/jsp/javax.servlet.jsp-api/2.3.1/javax.servlet.jsp-api-2.3.1.jar
7f5e3e289000-7f5e3e28c000 r--s 00015000 fd:01 10355493                   /home/thomas/.m2/repository/javax/servlet/javax.servlet-api/3.1.0/javax.servlet-api-3.1.0.jar
7f5e3e28c000-7f5e3e290000 r--s 00032000 fd:01 10224636                   /home/thomas/.m2/repository/org/thymeleaf/thymeleaf-spring4/2.1.3.RELEASE/thymeleaf-spring4-2.1.3.RELEASE.jar
7f5e3e290000-7f5e3e292000 r--s 00005000 fd:01 10224634                   /home/thomas/.m2/repository/org/slf4j/slf4j-api/1.7.5/slf4j-api-1.7.5.jar
7f5e3e292000-7f5e3e295000 r--s 0001e000 fd:01 10224633                   /home/thomas/.m2/repository/org/unbescape/unbescape/1.0/unbescape-1.0.jar
7f5e3e295000-7f5e3e29e000 r--s 00098000 fd:01 10224632                   /home/thomas/.m2/repository/org/javassist/javassist/3.16.1-GA/javassist-3.16.1-GA.jar
7f5e3e29e000-7f5e3e2a1000 r--s 00035000 fd:01 10224627                   /home/thomas/.m2/repository/ognl/ognl/3.0.6/ognl-3.0.6.jar
7f5e3e2a1000-7f5e3e2ae000 r--s 000b4000 fd:01 10224628                   /home/thomas/.m2/repository/org/thymeleaf/thymeleaf/2.1.3.RELEASE/thymeleaf-2.1.3.RELEASE.jar
7f5e3e2ae000-7f5e3e2af000 r--s 00002000 fd:01 10487441                   /home/thomas/.m2/repository/org/powermock/powermock-classloading-objenesis/1.6.0/powermock-classloading-objenesis-1.6.0.jar
7f5e3e2af000-7f5e3e2b2000 r--s 00016000 fd:01 10487361                   /home/thomas/.m2/repository/org/powermock/powermock-core/1.6.0/powermock-core-1.6.0.jar
7f5e3e2b2000-7f5e3e2b3000 r--s 00001000 fd:01 10487427                   /home/thomas/.m2/repository/org/powermock/powermock-classloading-base/1.6.0/powermock-classloading-base-1.6.0.jar
7f5e3e2b3000-7f5e3e2b4000 r--s 00001000 fd:01 10487429                   /home/thomas/.m2/repository/org/powermock/powermock-module-junit4-rule/1.6.0/powermock-module-junit4-rule-1.6.0.jar
7f5e3e2b4000-7f5e3e2b5000 r--s 00004000 fd:01 10487366                   /home/thomas/.m2/repository/org/powermock/powermock-api-support/1.6.0/powermock-api-support-1.6.0.jar
7f5e3e2b5000-7f5e3e2b8000 r--s 0000f000 fd:01 10487365                   /home/thomas/.m2/repository/org/powermock/powermock-api-mockito/1.6.0/powermock-api-mockito-1.6.0.jar
7f5e3e2b8000-7f5e3e2ba000 r--s 00009000 fd:01 10356424                   /home/thomas/.m2/repository/org/objenesis/objenesis/2.1/objenesis-2.1.jar
7f5e3e2ba000-7f5e3e2bc000 r--s 0000a000 fd:01 10487362                   /home/thomas/.m2/repository/org/powermock/powermock-reflect/1.6.0/powermock-reflect-1.6.0.jar
7f5e3e2bc000-7f5e3e2bd000 r--s 00003000 fd:01 10487360                   /home/thomas/.m2/repository/org/powermock/powermock-module-junit4-common/1.6.0/powermock-module-junit4-common-1.6.0.jar
7f5e3e2bd000-7f5e3e2bf000 r--s 0000a000 fd:01 10487359                   /home/thomas/.m2/repository/org/powermock/powermock-module-junit4/1.6.0/powermock-module-junit4-1.6.0.jar
7f5e3e2bf000-7f5e3e2e0000 r--s 00162000 fd:01 10487303                   /home/thomas/.m2/repository/org/mockito/mockito-all/1.9.5/mockito-all-1.9.5.jar
7f5e3e2e0000-7f5e3e2ec000 r--s 0006f000 fd:01 10356418                   /home/thomas/.m2/repository/org/springframework/spring-test/4.1.3.RELEASE/spring-test-4.1.3.RELEASE.jar
7f5e3e2ec000-7f5e3e2ee000 r--s 00009000 fd:01 10224626                   /home/thomas/.m2/repository/org/hamcrest/hamcrest-core/1.3/hamcrest-core-1.3.jar
7f5e3e2ee000-7f5e3e2f5000 r--s 00000000 fd:00 2755295                    /usr/lib/x86_64-linux-gnu/gconv/gconv-modules.cache
7f5e3e2f5000-7f5e3e314000 r--p 00000000 fd:00 2755896                    /usr/share/locale/de/LC_MESSAGES/libc.mo
7f5e3e314000-7f5e3e31a000 r--s 00036000 fd:01 10224622                   /home/thomas/.m2/repository/junit/junit/4.11/junit-4.11.jar
7f5e3e31a000-7f5e3e31c000 r--s 00000000 fd:01 10224620                   /home/thomas/.m2/repository/aopalliance/aopalliance/1.0/aopalliance-1.0.jar
7f5e3e31c000-7f5e3e325000 r--s 0004f000 fd:01 10224619                   /home/thomas/.m2/repository/org/springframework/spring-aop/4.1.3.RELEASE/spring-aop-4.1.3.RELEASE.jar
7f5e3e325000-7f5e3e335000 r--s 0009f000 fd:01 10224616                   /home/thomas/.m2/repository/org/springframework/spring-web/4.1.3.RELEASE/spring-web-4.1.3.RELEASE.jar
7f5e3e335000-7f5e3e33a000 r--s 0003b000 fd:01 10224614                   /home/thomas/.m2/repository/org/springframework/spring-expression/4.1.3.RELEASE/spring-expression-4.1.3.RELEASE.jar
7f5e3e33a000-7f5e3e34e000 r--s 000e2000 fd:01 10224613                   /home/thomas/.m2/repository/org/springframework/spring-core/4.1.3.RELEASE/spring-core-4.1.3.RELEASE.jar
7f5e3e34e000-7f5e3e366000 r--s 000e3000 fd:01 10224612                   /home/thomas/.m2/repository/org/springframework/spring-context/4.1.3.RELEASE/spring-context-4.1.3.RELEASE.jar
7f5e3e366000-7f5e3e373000 r--s 000a0000 fd:01 10224611                   /home/thomas/.m2/repository/org/springframework/spring-beans/4.1.3.RELEASE/spring-beans-4.1.3.RELEASE.jar
7f5e3e373000-7f5e3e382000 r--s 000b0000 fd:01 10224610                   /home/thomas/.m2/repository/org/springframework/spring-webmvc/4.1.3.RELEASE/spring-webmvc-4.1.3.RELEASE.jar
7f5e3e382000-7f5e3e386000 r--s 00025000 fd:01 10225235                   /home/thomas/.m2/repository/org/vaadin/addon/easyuploads/7.0.0/easyuploads-7.0.0.jar
7f5e3e386000-7f5e3e38a000 r--s 00013000 fd:01 10355346                   /home/thomas/.m2/repository/info/magnolia/ui/magnolia-ui-mediaeditor/5.3.6/magnolia-ui-mediaeditor-5.3.6.jar
7f5e3e38a000-7f5e3e38d000 r--s 00068000 fd:01 10355347                   /home/thomas/.m2/repository/info/magnolia/ui/magnolia-ui-vaadin-theme/5.3.6/magnolia-ui-vaadin-theme-5.3.6.jar
7f5e3e38d000-7f5e3e399000 r--s 001fc000 fd:01 10355345                   /home/thomas/.m2/repository/info/magnolia/ui/magnolia-ui-admincentral/5.3.6/magnolia-ui-admincentral-5.3.6.jar
7f5e3e399000-7f5e3e3a0000 r--s 00067000 fd:01 10355377                   /home/thomas/.m2/repository/org/quartz-scheduler/quartz/1.8.6/quartz-1.8.6.jar
7f5e3e3a0000-7f5e3e3a7000 r--s 00053000 fd:01 10355378                   /home/thomas/.m2/repository/org/apache/commons/commons-compress/1.8.1/commons-compress-1.8.1.jar
7f5e3e3a7000-7f5e3e3a8000 r--s 0000a000 fd:01 10355435                   /home/thomas/.m2/repository/asm/asm/3.1/asm-3.1.jar
7f5e3e3a8000-7f5e3e3af000 r--s 0003e000 fd:01 10355433                   /home/thomas/.m2/repository/cglib/cglib/2.2/cglib-2.2.jar
7f5e3e3af000-7f5e3e3b4000 r--s 0002a000 fd:01 10355432                   /home/thomas/.m2/repository/org/apache/jackrabbit-ocm/2.0.0/jackrabbit-ocm-2.0.0.jar
7f5e3e3b4000-7f5e3e3b6000 r--s 00008000 fd:01 10355350                   /home/thomas/.m2/repository/info/magnolia/task/magnolia-task-management/1.0.1/magnolia-task-management-1.0.1.jar
7f5e3e3b6000-7f5e3e3bb000 r--s 0002a000 fd:01 10225246                   /home/thomas/.m2/repository/com/google/code/gson/gson/2.2.2/gson-2.2.2.jar
7f5e3e3bb000-7f5e3e3bd000 r--s 00009000 fd:01 10225211                   /home/thomas/.m2/repository/info/magnolia/ui/magnolia-ui-vaadin-integration/5.3.6/magnolia-ui-vaadin-integration-5.3.6.jar
7f5e3e3bd000-7f5e3e3ca000 r--s 0013d000 fd:01 10225240                   /home/thomas/.m2/repository/org/vaadin/addons/ckeditor-wrapper-for-vaadin/7.8.8/ckeditor-wrapper-for-vaadin-7.8.8.jar
7f5e3e3ca000-7f5e3e3cc000 r--s 00014000 fd:01 10225238                   /home/thomas/.m2/repository/org/vaadin/addons/gwt-graphics/1.0.0/gwt-graphics-1.0.0.jar
7f5e3e3cc000-7f5e3e3ec000 r--s 000e6000 fd:01 10225279                   /home/thomas/.m2/repository/com/googlecode/mgwt/mgwt/1.1.2/mgwt-1.1.2.jar
7f5e3e3ec000-7f5e3e3ed000 r--s 00001000 fd:01 10225236                   /home/thomas/.m2/repository/org/vaadin/addons/cssinject/2.0.3/cssinject-2.0.3.jar
7f5e3e3ed000-7f5e3e402000 r--s 000eb000 fd:01 10225278                   /home/thomas/.m2/repository/com/vaadin/vaadin-themes/7.1.7/vaadin-themes-7.1.7.jar
7f5e3e402000-7f5e3e406000 r--s 001f6000 fd:01 10225277                   /home/thomas/.m2/repository/com/vaadin/vaadin-client-compiled/7.1.7/vaadin-client-compiled-7.1.7.jar
7f5e3e406000-7f5e3e42c000 r--s 0029d000 fd:01 10225225                   /home/thomas/.m2/repository/info/magnolia/ui/magnolia-ui-vaadin-common-widgets/5.3.6/magnolia-ui-vaadin-common-widgets-5.3.6.jar
7f5e3e42c000-7f5e3e42d000 r--s 00002000 fd:01 10225209                   /home/thomas/.m2/repository/info/magnolia/ui/magnolia-ui-imageprovider/5.3.6/magnolia-ui-imageprovider-5.3.6.jar
7f5e3e42d000-7f5e3e432000 r--s 00047000 fd:01 10225237                   /home/thomas/.m2/repository/org/vaadin/addons/aceeditor/0.8.11/aceeditor-0.8.11.jar
7f5e3e432000-7f5e3e439000 r--s 00039000 fd:01 10225207                   /home/thomas/.m2/repository/info/magnolia/ui/magnolia-ui-form/5.3.6/magnolia-ui-form-5.3.6.jar
7f5e3e439000-7f5e3e43d000 r--s 00016000 fd:01 10225204                   /home/thomas/.m2/repository/info/magnolia/ui/magnolia-ui-dialog/5.3.6/magnolia-ui-dialog-5.3.6.jar
7f5e3e43d000-7f5e3e43e000 r--s 00004000 fd:01 10225203                   /home/thomas/.m2/repository/info/magnolia/ui/magnolia-ui-actionbar/5.3.6/magnolia-ui-actionbar-5.3.6.jar
7f5e3e43e000-7f5e3e443000 r--s 00020000 fd:01 10225223                   /home/thomas/.m2/repository/info/magnolia/ui/magnolia-ui-workbench/5.3.6/magnolia-ui-workbench-5.3.6.jar
7f5e3e443000-7f5e3e449000 r--s 00033000 fd:01 9832749                    /home/thomas/.m2/repository/info/magnolia/ui/magnolia-ui-framework/5.3.6/magnolia-ui-framework-5.3.6.jar
7f5e3e449000-7f5e3e44a000 r--s 00000000 fd:01 10225284                   /home/thomas/.m2/repository/javax/inject/javax.inject/1/javax.inject-1.jar
7f5e3e44a000-7f5e3e450000 r--s 00027000 fd:01 10225233                   /home/thomas/.m2/repository/info/magnolia/blossom/magnolia-module-blossom/3.0.4/magnolia-module-blossom-3.0.4.jar
7f5e3e450000-7f5e3e454000 r--s 0001e000 fd:01 10355431                   /home/thomas/.m2/repository/org/jboss/resteasy/resteasy-client/3.0.4.Final/resteasy-client-3.0.4.Final.jar
7f5e3e454000-7f5e3e455000 r--s 00001000 fd:01 10355427                   /home/thomas/.m2/repository/com/wordnik/swagger-annotations_2.10/1.3.0/swagger-annotations_2.10-1.3.0.jar
7f5e3e455000-7f5e3e457000 r--s 00006000 fd:01 10225221                   /home/thomas/.m2/repository/info/magnolia/rest/magnolia-rest-services/1.0.5/magnolia-rest-services-1.0.5.jar
7f5e3e457000-7f5e3e459000 r--s 0000b000 fd:01 10355425                   /home/thomas/.m2/repository/javax/xml/bind/jsr173_api/1.0/jsr173_api-1.0.jar
7f5e3e459000-7f5e3e45e000 r--s 00043000 fd:01 10355423                   /home/thomas/.m2/repository/com/sun/xml/fastinfoset/FastInfoset/1.2.12/FastInfoset-1.2.12.jar
7f5e3e45e000-7f5e3e45f000 r--s 00005000 fd:01 10355421                   /home/thomas/.m2/repository/com/sun/istack/istack-commons-runtime/2.16/istack-commons-runtime-2.16.jar
7f5e3e45f000-7f5e3e465000 r--s 00031000 fd:01 10355420                   /home/thomas/.m2/repository/com/sun/xml/bind/jaxb-core/2.2.7/jaxb-core-2.2.7.jar
7f5e3e465000-7f5e3e476000 r--s 000d0000 fd:01 10355417                   /home/thomas/.m2/repository/com/sun/xml/bind/jaxb-impl/2.2.7/jaxb-impl-2.2.7.jar
7f5e3e476000-7f5e3e479000 r--s 0000e000 fd:01 10355416                   /home/thomas/.m2/repository/org/jboss/resteasy/resteasy-jaxb-provider/3.0.4.Final/resteasy-jaxb-provider-3.0.4.Final.jar
7f5e3e479000-7f5e3e47a000 r--s 00006000 fd:01 10355413                   /home/thomas/.m2/repository/org/codehaus/jackson/jackson-xc/1.9.12/jackson-xc-1.9.12.jar
7f5e3e47a000-7f5e3e47b000 r--s 00004000 fd:01 10355412                   /home/thomas/.m2/repository/org/codehaus/jackson/jackson-jaxrs/1.9.12/jackson-jaxrs-1.9.12.jar
7f5e3e47b000-7f5e3e48a000 r--s 000b0000 fd:01 10355410                   /home/thomas/.m2/repository/org/codehaus/jackson/jackson-mapper-asl/1.9.12/jackson-mapper-asl-1.9.12.jar
7f5e3e48a000-7f5e3e48e000 r--s 00035000 fd:01 10355409                   /home/thomas/.m2/repository/org/codehaus/jackson/jackson-core-asl/1.9.12/jackson-core-asl-1.9.12.jar
7f5e3e48e000-7f5e3e48f000 r--s 00001000 fd:01 10355406                   /home/thomas/.m2/repository/org/jboss/resteasy/resteasy-jackson-provider/3.0.4.Final/resteasy-jackson-provider-3.0.4.Final.jar
7f5e3e48f000-7f5e3e490000 r--s 00000000 fd:01 10355405                   /home/thomas/.m2/repository/net/jcip/jcip-annotations/1.0/jcip-annotations-1.0.jar
7f5e3e490000-7f5e3e491000 r--s 00004000 fd:01 10355402                   /home/thomas/.m2/repository/org/jboss/spec/javax/annotation/jboss-annotations-api_1.1_spec/1.0.1.Final/jboss-annotations-api_1.1_spec-1.0.1.Final.jar
7f5e3e491000-7f5e3e492000 r--s 00004000 fd:01 10355400                   /home/thomas/.m2/repository/org/scannotation/scannotation/1.0.3/scannotation-1.0.3.jar
7f5e3e492000-7f5e3e496000 r--s 00017000 fd:01 10355399                   /home/thomas/.m2/repository/org/jboss/resteasy/jaxrs-api/3.0.4.Final/jaxrs-api-3.0.4.Final.jar
7f5e3e496000-7f5e3e4a6000 r--s 000b9000 fd:01 10355397                   /home/thomas/.m2/repository/org/jboss/resteasy/resteasy-jaxrs/3.0.4.Final/resteasy-jaxrs-3.0.4.Final.jar
7f5e3e4a6000-7f5e3e4a8000 r--s 00006000 fd:01 10225219                   /home/thomas/.m2/repository/info/magnolia/rest/magnolia-rest-integration/1.0.5/magnolia-rest-integration-1.0.5.jar
7f5e3e4a8000-7f5e3e4aa000 r--s 00004000 fd:01 10355393                   /home/thomas/.m2/repository/javax/xml/stream/stax-api/1.0-2/stax-api-1.0-2.jar
7f5e3e4aa000-7f5e3e4ae000 r--s 00016000 fd:01 10356412                   /home/thomas/.m2/repository/javax/xml/bind/jaxb-api/2.2/jaxb-api-2.2.jar
7f5e3e4ae000-7f5e3e4b3000 r--s 00021000 fd:01 10225420                   /home/thomas/.m2/repository/info/magnolia/magnolia-module-google-sitemap/2.2.2/magnolia-module-google-sitemap-2.2.2.jar
7f5e3e4b3000-7f5e3e4b5000 r--s 00002000 fd:01 10355337                   /home/thomas/.m2/repository/info/magnolia/dam/magnolia-dam-templating/2.0.6/magnolia-dam-templating-2.0.6.jar
7f5e3e4b5000-7f5e3e4b7000 r--s 00005000 fd:01 10355339                   /home/thomas/.m2/repository/info/magnolia/dam/magnolia-dam-jcr/2.0.6/magnolia-dam-jcr-2.0.6.jar
7f5e3e4b7000-7f5e3e4b9000 r--s 00004000 fd:01 10355338                   /home/thomas/.m2/repository/info/magnolia/dam/magnolia-dam-core/2.0.6/magnolia-dam-core-2.0.6.jar
7f5e3e4b9000-7f5e3e4be000 r--s 00032000 fd:01 10355336                   /home/thomas/.m2/repository/info/magnolia/dam/magnolia-dam-app/2.0.6/magnolia-dam-app-2.0.6.jar
7f5e3e4be000-7f5e3e4c0000 r--s 00003000 fd:01 10355333                   /home/thomas/.m2/repository/info/magnolia/dam/magnolia-dam-compatibility/2.0.6/magnolia-dam-compatibility-2.0.6.jar
7f5e3e4c0000-7f5e3e4c2000 r--s 00106000 fd:01 10225418                   /home/thomas/.m2/repository/info/magnolia/contacts/magnolia-contacts/1.3.3/magnolia-contacts-1.3.3.jar
7f5e3e4c2000-7f5e3e4c4000 r--s 00009000 fd:01 10225271                   /home/thomas/.m2/repository/commons-cli/commons-cli/1.2/commons-cli-1.2.jar
7f5e3e4c4000-7f5e3e4c7000 r--s 0003b000 fd:01 10225268                   /home/thomas/.m2/repository/net/sourceforge/cssparser/cssparser/0.9.5/cssparser-0.9.5.jar
7f5e3e4c7000-7f5e3e4c8000 r--s 00003000 fd:01 10225266                   /home/thomas/.m2/repository/org/w3c/css/sac/1.3/sac-1.3.jar
7f5e3e4c8000-7f5e3e4ce000 r--s 0003c000 fd:01 10225264                   /home/thomas/.m2/repository/org/apache/commons/commons-jexl/2.1.1/commons-jexl-2.1.1.jar
7f5e3e4ce000-7f5e3e4d3000 r--s 0006a000 fd:01 10225262                   /home/thomas/.m2/repository/com/vaadin/vaadin-theme-compiler/7.1.7/vaadin-theme-compiler-7.1.7.jar
7f5e3e4d3000-7f5e3e4f9000 r--s 00184000 fd:01 10225261                   /home/thomas/.m2/repository/com/vaadin/vaadin-shared-deps/1.0.2/vaadin-shared-deps-1.0.2.jar
7f5e3e4f9000-7f5e3e52a000 r--s 001c0000 fd:01 10225260                   /home/thomas/.m2/repository/com/vaadin/vaadin-shared/7.1.7/vaadin-shared-7.1.7.jar
7f5e3e52a000-7f5e3e554000 r--s 002a3000 fd:01 10225259                   /home/thomas/.m2/repository/com/vaadin/vaadin-server/7.1.7/vaadin-server-7.1.7.jar
7f5e3e554000-7f5e3e555000 r--s 00005000 fd:01 10225217                   /home/thomas/.m2/repository/info/magnolia/messages/magnolia-messages-app/5.3.6/magnolia-messages-app-5.3.6.jar
7f5e3e555000-7f5e3e564000 r--s 000d0000 fd:01 10355387                   /home/thomas/.m2/repository/org/apache/ivy/ivy/2.1.0/ivy-2.1.0.jar
7f5e3e564000-7f5e3e56a000 r--s 00031000 fd:01 10355385                   /home/thomas/.m2/repository/org/apache/httpcomponents/httpcore/4.2.1/httpcore-4.2.1.jar
7f5e3e56a000-7f5e3e574000 r--s 0005f000 fd:01 10355386                   /home/thomas/.m2/repository/org/apache/httpcomponents/httpclient/4.2.1/httpclient-4.2.1.jar
7f5e3e574000-7f5e3e5da000 r--s 005de000 fd:01 10355388                   /home/thomas/.m2/repository/org/codehaus/groovy/groovy-all/2.2.2/groovy-all-2.2.2.jar
7f5e3e5da000-7f5e3e5dd000 r--s 00028000 fd:01 10225215                   /home/thomas/.m2/repository/info/magnolia/magnolia-module-groovy/2.3.2/magnolia-module-groovy-2.3.2.jar
7f5e3e5dd000-7f5e3e5df000 r--s 00003000 fd:01 10225256                   /home/thomas/.m2/repository/org/slf4j/jcl-over-slf4j/1.7.5/jcl-over-slf4j-1.7.5.jar
7f5e3e5df000-7f5e3e5e2000 r--s 0000e000 fd:01 10225251                   /home/thomas/.m2/repository/javax/jcr/jcr/2.0/jcr-2.0.jar
7f5e3e5e2000-7f5e3e5e3000 r--s 00007000 fd:01 10225250                   /home/thomas/.m2/repository/org/safehaus/jug/jug/2.0.0/jug-2.0.0-asl.jar
7f5e3e5e3000-7f5e3e5e7000 r--s 0002a000 fd:01 10225247                   /home/thomas/.m2/repository/commons-io/commons-io/2.4/commons-io-2.4.jar
7f5e3e5e7000-7f5e3e5ed000 r--s 00048000 fd:01 10225245                   /home/thomas/.m2/repository/org/apache/commons/commons-lang3/3.1/commons-lang3-3.1.jar
7f5e3e5ed000-7f5e3e5f0000 r--s 00019000 fd:01 10225205                   /home/thomas/.m2/repository/info/magnolia/activation/magnolia-module-activation/5.3.1/magnolia-module-activation-5.3.1.jar
7f5e3e5f0000-7f5e3e5f3000 r--s 00017000 fd:01 10225417                   /home/thomas/.m2/repository/info/magnolia/magnolia-theme-pop/2.8.6/magnolia-theme-pop-2.8.6.jar
7f5e3e5f3000-7f5e3e5f6000 r--s 00731000 fd:01 10225414                   /home/thomas/.m2/repository/info/magnolia/magnolia-demo-project/2.8.6/magnolia-demo-project-2.8.6.jar
7f5e3e5f6000-7f5e3e5f8000 r--s 0000c000 fd:01 10225413                   /home/thomas/.m2/repository/info/magnolia/magnolia-module-commenting/2.2.4/magnolia-module-commenting-2.2.4.jar
7f5e3e5f8000-7f5e3e5fa000 r--s 00004000 fd:01 10355380                   /home/thomas/.m2/repository/uk/com/robust-it/cloning/1.8.2/cloning-1.8.2.jar
7f5e3e5fa000-7f5e3e600000 r--s 00024000 fd:01 10355331                   /home/thomas/.m2/repository/info/magnolia/ui/magnolia-ui-contentapp/5.3.6/magnolia-ui-contentapp-5.3.6.jar
7f5e3e600000-7f5e3e605000 r--s 0001c000 fd:01 10225412                   /home/thomas/.m2/repository/info/magnolia/magnolia-module-categorization/2.3.2/magnolia-module-categorization-2.3.2.jar
7f5e3e605000-7f5e3e607000 r--s 00001000 fd:01 10487293                   /home/thomas/.m2/repository/au/com/flyingkite/mobiledetect/1.1.1/mobiledetect-1.1.1.jar
7f5e3e607000-7f5e3e609000 r--s 00002000 fd:01 10487278                   /home/thomas/.m2/repository/info/magnolia/devdect/magnolia-module-device-detection/1.1/magnolia-module-device-detection-1.1.jar
7f5e3e609000-7f5e3e60f000 r--s 00027000 fd:01 10487276                   /home/thomas/.m2/repository/info/magnolia/magnolia-module-forum/3.4.5/magnolia-module-forum-3.4.5.jar
7f5e3e60f000-7f5e3e612000 r--s 00013000 fd:01 10487290                   /home/thomas/.m2/repository/net/sf/ezmorph/ezmorph/1.0.6/ezmorph-1.0.6.jar
7f5e3e612000-7f5e3e616000 r--s 00022000 fd:01 10487287                   /home/thomas/.m2/repository/net/sf/json-lib/json-lib/2.3/json-lib-2.3-jdk15.jar
7f5e3e616000-7f5e3e61a000 r--s 00015000 fd:01 10487274                   /home/thomas/.m2/repository/info/magnolia/magnolia-module-public-user-registration/2.4.1/magnolia-module-public-user-registration-2.4.1.jar
7f5e3e61a000-7f5e3e620000 r--s 00030000 fd:01 10487271                   /home/thomas/.m2/repository/info/magnolia/magnolia-module-form/2.2.9/magnolia-module-form-2.2.9.jar
7f5e3e620000-7f5e3e624000 r--s 0001d000 fd:01 10487269                   /home/thomas/.m2/repository/info/magnolia/magnolia-module-resources/2.3.3/magnolia-module-resources-2.3.3.jar
7f5e3e624000-7f5e3e627000 r--s 0000a000 fd:01 10487268                   /home/thomas/.m2/repository/info/magnolia/magnolia-module-inplace-templating/2.3.1/magnolia-module-inplace-templating-2.3.1.jar
7f5e3e627000-7f5e3e62d000 r--s 00042000 fd:01 10487281                   /home/thomas/.m2/repository/org/jsoup/jsoup/1.7.2/jsoup-1.7.2.jar
7f5e3e62d000-7f5e3e62f000 r--s 00006000 fd:01 10487284                   /home/thomas/.m2/repository/rome/rome-fetcher/1.0/rome-fetcher-1.0.jar
7f5e3e62f000-7f5e3e633000 r--s 00032000 fd:01 10487283                   /home/thomas/.m2/repository/rome/rome/1.0/rome-1.0.jar
7f5e3e633000-7f5e3e63a000 r--s 00072000 fd:01 10487267                   /home/thomas/.m2/repository/info/magnolia/magnolia-module-rssaggregator/2.3.2/magnolia-module-rssaggregator-2.3.2.jar
7f5e3e63a000-7f5e3e641000 r--s 0004d000 fd:01 10225356                   /home/thomas/.m2/repository/com/jhlabs/filters/2.0.235/filters-2.0.235.jar
7f5e3e641000-7f5e3e645000 r--s 00013000 fd:01 10355348                   /home/thomas/.m2/repository/info/magnolia/magnolia-module-imaging/3.1.2/magnolia-module-imaging-3.1.2.jar
7f5e3e645000-7f5e3e660000 r--s 0019c000 fd:01 10225409                   /home/thomas/.m2/repository/info/magnolia/magnolia-module-standard-templating-kit/2.8.6/magnolia-module-standard-templating-kit-2.8.6.jar
7f5e3e660000-7f5e3e662000 r--s 00001000 fd:01 10355440                   /home/thomas/.m2/repository/org/devlib/schmidt/imageinfo/1.7/imageinfo-1.7.jar
7f5e3e662000-7f5e3e664000 r--s 00004000 fd:01 10487265                   /home/thomas/.m2/repository/info/magnolia/magnolia-module-scheduler/2.1.2/magnolia-module-scheduler-2.1.2.jar
7f5e3e664000-7f5e3e668000 r--s 00024000 fd:01 10225407                   /home/thomas/.m2/repository/info/magnolia/magnolia-module-data/2.3.3/magnolia-module-data-2.3.3.jar
7f5e3e668000-7f5e3e66c000 r--s 0003a000 fd:01 10487285                   /home/thomas/.m2/repository/net/sf/jtidy/jtidy/r938/jtidy-r938.jar
7f5e3e66c000-7f5e3e672000 r--s 00045000 fd:01 10225254                   /home/thomas/.m2/repository/commons-httpclient/commons-httpclient/3.1/commons-httpclient-3.1.jar
7f5e3e672000-7f5e3e674000 r--s 0000e000 fd:01 10225377                   /home/thomas/.m2/repository/oro/oro/2.0.8/oro-2.0.8.jar
7f5e3e674000-7f5e3e67c000 r--s 00058000 fd:01 10356351                   /home/thomas/.m2/repository/org/apache/velocity/velocity/1.5/velocity-1.5.jar
7f5e3e67c000-7f5e3e67f000 r--s 0000c000 fd:01 10225340                   /home/thomas/.m2/repository/commons-fileupload/commons-fileupload/1.2.1/commons-fileupload-1.2.1.jar
7f5e3e67f000-7f5e3e693000 r--s 0010e000 fd:01 10225321                   /home/thomas/.m2/repository/org/freemarker/freemarker/2.3.21/freemarker-2.3.21.jar
7f5e3e693000-7f5e3e6a1000 r--s 0007f000 fd:01 10225317                   /home/thomas/.m2/repository/commons-collections/commons-collections/3.2.1/commons-collections-3.2.1.jar
7f5e3e6a1000-7f5e3e6a3000 r--s 0000e000 fd:01 10355396                   /home/thomas/.m2/repository/javax/activation/activation/1.1/activation-1.1.jar
7f5e3e6a3000-7f5e3e6aa000 r--s 00067000 fd:01 10487282                   /home/thomas/.m2/repository/javax/mail/mail/1.4.1/mail-1.4.1.jar
7f5e3e6aa000-7f5e3e6ac000 r--s 00004000 fd:01 10355335                   /home/thomas/.m2/repository/info/magnolia/dam/magnolia-dam-api/2.0.6/magnolia-dam-api-2.0.6.jar
7f5e3e6ac000-7f5e3e6b0000 r--s 00012000 fd:01 9701051                    /home/thomas/.m2/repository/info/magnolia/ui/magnolia-ui-api/5.3.6/magnolia-ui-api-5.3.6.jar
7f5e3e6b0000-7f5e3e6b3000 r--s 00016000 fd:01 10225408                   /home/thomas/.m2/repository/info/magnolia/magnolia-module-mail/5.2.1/magnolia-module-mail-5.2.1.jar
7f5e3e6b3000-7f5e3e6b7000 r--s 0003c000 fd:01 10225354                   /home/thomas/.m2/repository/commons-lang/commons-lang/2.4/commons-lang-2.4.jar
7f5e3e6b7000-7f5e3e6b8000 r--s 00005000 fd:01 10355486                   /home/thomas/.m2/repository/net/sourceforge/openutils/openutils-log4j/2.0.5/openutils-log4j-2.0.5.jar
7f5e3e6b8000-7f5e3e6c4000 r--s 0006f000 fd:01 10355484                   /home/thomas/.m2/repository/org/bouncycastle/bcmail-jdk16/1.46/bcmail-jdk16-1.46.jar
7f5e3e6c4000-7f5e3e6ec000 r--s 001a3000 fd:01 10225353                   /home/thomas/.m2/repository/org/bouncycastle/bcprov-jdk16/1.46/bcprov-jdk16-1.46.jar
7f5e3e6ec000-7f5e3e6ef000 r--s 00033000 fd:01 10355481                   /home/thomas/.m2/repository/com/googlecode/juniversalchardet/juniversalchardet/1.0.3/juniversalchardet-1.0.3.jar
7f5e3e6ef000-7f5e3e6f1000 r--s 0000a000 fd:01 10355479                   /home/thomas/.m2/repository/org/gagravarr/vorbis-java-core/0.1/vorbis-java-core-0.1.jar
7f5e3e6f1000-7f5e3e6f5000 r--s 00019000 fd:01 10355477                   /home/thomas/.m2/repository/org/aspectj/aspectjrt/1.6.11/aspectjrt-1.6.11.jar
7f5e3e6f5000-7f5e3e6fe000 r--s 00077000 fd:01 10355475                   /home/thomas/.m2/repository/com/googlecode/mp4parser/isoparser/1.0-RC-1/isoparser-1.0-RC-1.jar
7f5e3e6fe000-7f5e3e700000 r--s 00015000 fd:01 10355473                   /home/thomas/.m2/repository/org/ccil/cowan/tagsoup/tagsoup/1.2.1/tagsoup-1.2.1.jar
7f5e3e700000-7f5e3e702000 r--s 00006000 fd:01 10355471                   /home/thomas/.m2/repository/org/apache/geronimo/specs/geronimo-stax-api_1.0_spec/1.0.1/geronimo-stax-api_1.0_spec-1.0.1.jar
7f5e3e702000-7f5e3e707000 r--s 00048000 fd:01 10355469                   /home/thomas/.m2/repository/dom4j/dom4j/1.6.1/dom4j-1.6.1.jar
7f5e3e707000-7f5e3e744000 r--s 0024f000 fd:01 10355467                   /home/thomas/.m2/repository/org/apache/xmlbeans/xmlbeans/2.3.0/xmlbeans-2.3.0.jar
7f5e3e744000-7f5e3e7d8000 r--s 00401000 fd:01 10355465                   /home/thomas/.m2/repository/org/apache/poi/poi-ooxml-schemas/3.9/poi-ooxml-schemas-3.9.jar
7f5e3e7d8000-7f5e3e7e4000 r--s 000d9000 fd:01 10355464                   /home/thomas/.m2/repository/org/apache/poi/poi-ooxml/3.9/poi-ooxml-3.9.jar
7f5e3e7e4000-7f5e3e7f5000 r--s 0011b000 fd:01 10355462                   /home/thomas/.m2/repository/org/apache/poi/poi-scratchpad/3.9/poi-scratchpad-3.9.jar
7f5e3e7f5000-7f5e3e815000 r--s 001a9000 fd:01 10355459                   /home/thomas/.m2/repository/org/apache/poi/poi/3.9/poi-3.9.jar
7f5e3e815000-7f5e3e817000 r--s 0000b000 fd:01 10355457                   /home/thomas/.m2/repository/org/apache/pdfbox/jempbox/1.8.1/jempbox-1.8.1.jar
7f5e3e817000-7f5e3e81b000 r--s 0002f000 fd:01 10355454                   /home/thomas/.m2/repository/org/apache/pdfbox/fontbox/1.8.1/fontbox-1.8.1.jar
7f5e3e81b000-7f5e3e831000 r--s 003b0000 fd:01 10355455                   /home/thomas/.m2/repository/org/apache/pdfbox/pdfbox/1.8.1/pdfbox-1.8.1.jar
7f5e3e831000-7f5e3e833000 r--s 00006000 fd:01 10355453                   /home/thomas/.m2/repository/org/gagravarr/vorbis-java-core/0.1/vorbis-java-core-0.1-tests.jar
7f5e3e833000-7f5e3e834000 r--s 00003000 fd:01 10355450                   /home/thomas/.m2/repository/org/gagravarr/vorbis-java-tika/0.1/vorbis-java-tika-0.1.jar
7f5e3e834000-7f5e3e83b000 r--s 00071000 fd:01 10355448                   /home/thomas/.m2/repository/org/apache/tika/tika-core/1.4/tika-core-1.4.jar
7f5e3e83b000-7f5e3e844000 r--s 00074000 fd:01 10355447                   /home/thomas/.m2/repository/org/apache/tika/tika-parsers/1.4/tika-parsers-1.4.jar
7f5e3e844000-7f5e3e845000 r--s 0000c000 fd:01 10355490                   /home/thomas/.m2/repository/org/hamcrest/hamcrest-library/1.3/hamcrest-library-1.3.jar
7f5e3e845000-7f5e3e847000 r--s 00001000 fd:01 10355445                   /home/thomas/.m2/repository/net/sf/jsr107cache/jsr107cache/1.0/jsr107cache-1.0.jar
7f5e3e847000-7f5e3e84f000 r--s 00049000 fd:01 10355444                   /home/thomas/.m2/repository/backport-util-concurrent/backport-util-concurrent/3.1/backport-util-concurrent-3.1.jar
7f5e3e84f000-7f5e3e854000 r--s 0003c000 fd:01 10355443                   /home/thomas/.m2/repository/net/sf/ehcache/ehcache/1.5.0/ehcache-1.5.0.jar
7f5e3e854000-7f5e3e855000 r--s 00006000 fd:01 10355372                   /home/thomas/.m2/repository/info/magnolia/magnolia-jaas/5.3.6/magnolia-jaas-5.3.6.jar
7f5e3e855000-7f5e3e877000 r--s 0021a000 fd:01 10355371                   /home/thomas/.m2/repository/info/magnolia/magnolia-module-legacy-admininterface/5.2.3/magnolia-module-legacy-admininterface-5.2.3.jar
7f5e3e877000-7f5e3e87b000 r--s 0001c000 fd:01 10355370                   /home/thomas/.m2/repository/info/magnolia/cache/magnolia-module-cache/5.3/magnolia-module-cache-5.3.jar
7f5e3e87b000-7f5e3e885000 r--s 0005c000 fd:01 10225348                   /home/thomas/.m2/repository/javax/servlet/jstl/1.2/jstl-1.2.jar
7f5e3e885000-7f5e3e889000 r--s 00020000 fd:01 10225345                   /home/thomas/.m2/repository/commons-digester/commons-digester/1.8.1/commons-digester-1.8.1.jar
7f5e3e889000-7f5e3e88f000 r--s 00036000 fd:01 10225344                   /home/thomas/.m2/repository/commons-betwixt/commons-betwixt/0.8/commons-betwixt-0.8.jar
7f5e3e88f000-7f5e3e894000 r--s 00034000 fd:01 10225341                   /home/thomas/.m2/repository/commons-beanutils/commons-beanutils/1.8.3/commons-beanutils-1.8.3.jar
7f5e3e894000-7f5e3e896000 r--s 0000c000 fd:01 10225337                   /home/thomas/.m2/repository/servlets/com/cos/05Nov2002/cos-05Nov2002.jar
7f5e3e896000-7f5e3e89c000 r--s 00032000 fd:01 10225335                   /home/thomas/.m2/repository/jaxen/jaxen/1.1.1/jaxen-1.1.1.jar
7f5e3e89c000-7f5e3e89f000 r--s 00023000 fd:01 10225334                   /home/thomas/.m2/repository/org/jdom/jdom/1.1/jdom-1.1.jar
7f5e3e89f000-7f5e3e8b6000 r--s 00112000 fd:01 10225331                   /home/thomas/.m2/repository/xerces/xercesImpl/2.8.1/xercesImpl-2.8.1.jar
7f5e3e8b6000-7f5e3e8bf000 r--s 0006f000 fd:01 10225330                   /home/thomas/.m2/repository/log4j/log4j/1.2.17/log4j-1.2.17.jar
7f5e3e8bf000-7f5e3e8c1000 r--s 00001000 fd:01 10225327                   /home/thomas/.m2/repository/org/slf4j/slf4j-log4j12/1.7.5/slf4j-log4j12-1.7.5.jar
7f5e3e8c1000-7f5e3e8c8000 r--s 00049000 fd:01 10225325                   /home/thomas/.m2/repository/cglib/cglib-nodep/2.1_3/cglib-nodep-2.1_3.jar
7f5e3e8c8000-7f5e3e8cb000 r--s 0000f000 fd:01 10225323                   /home/thomas/.m2/repository/org/apache/commons/commons-proxy/1.0/commons-proxy-1.0.jar
7f5e3e8cb000-7f5e3e8cd000 r--s 0000d000 fd:01 10225319                   /home/thomas/.m2/repository/commons-codec/commons-codec/1.4/commons-codec-1.4.jar
7f5e3e8cd000-7f5e3e8f8000 r--s 001f5000 fd:01 10225357                   /home/thomas/.m2/repository/com/google/guava/guava/16.0.1/guava-16.0.1.jar
7f5e3e8f8000-7f5e3e8fb000 r--s 00013000 fd:01 10225315                   /home/thomas/.m2/repository/commons-pool/commons-pool/1.4/commons-pool-1.4.jar
7f5e3e8fb000-7f5e3e902000 r--s 00028000 fd:01 10225313                   /home/thomas/.m2/repository/concurrent/concurrent/1.3.4/concurrent-1.3.4.jar
7f5e3e902000-7f5e3e932000 r--s 0022b000 fd:01 10225311                   /home/thomas/.m2/repository/com/mycila/mycila-guice/2.10.ga/mycila-guice-2.10.ga.jar
7f5e3e932000-7f5e3e941000 r--s 0009f000 fd:01 10225309                   /home/thomas/.m2/repository/com/google/inject/guice/3.0/guice-3.0.jar
7f5e3e941000-7f5e3e945000 r--s 00027000 fd:01 10225308                   /home/thomas/.m2/repository/org/bouncycastle/bcpg-jdk16/1.46/bcpg-jdk16-1.46.jar
7f5e3e945000-7f5e3e96b000 r--s 00240000 fd:01 10225304                   /home/thomas/.m2/repository/org/apache/derby/derby/10.5.3.0_1/derby-10.5.3.0_1.jar
7f5e3e96b000-7f5e3e984000 r--s 0015e000 fd:01 10225302                   /home/thomas/.m2/repository/org/apache/lucene/lucene-core/3.6.0/lucene-core-3.6.0.jar
7f5e3e984000-7f5e3e986000 r--s 00005000 fd:01 10225300                   /home/thomas/.m2/repository/org/apache/jackrabbit/jackrabbit-spi/2.8.0/jackrabbit-spi-2.8.0.jar
7f5e3e986000-7f5e3e995000 r--s 000b1000 fd:01 10225298                   /home/thomas/.m2/repository/org/apache/jackrabbit/jackrabbit-spi-commons/2.8.0/jackrabbit-spi-commons-2.8.0.jar
7f5e3e995000-7f5e3e997000 r--s 00005000 fd:01 10225296                   /home/thomas/.m2/repository/org/apache/jackrabbit/jackrabbit-data/2.8.0/jackrabbit-data-2.8.0-tests.jar
7f5e3e997000-7f5e3e99a000 r--s 00022000 fd:01 10225294                   /home/thomas/.m2/repository/org/apache/jackrabbit/jackrabbit-data/2.8.0/jackrabbit-data-2.8.0.jar
7f5e3e99a000-7f5e3e9a2000 r--s 00058000 fd:01 10225293                   /home/thomas/.m2/repository/org/apache/jackrabbit/jackrabbit-jcr-commons/2.8.0/jackrabbit-jcr-commons-2.8.0.jar
7f5e3e9a2000-7f5e3e9a5000 r--s 00007000 fd:01 10225290                   /home/thomas/.m2/repository/org/apache/jackrabbit/jackrabbit-api/2.8.0/jackrabbit-api-2.8.0.jar
7f5e3e9a5000-7f5e3e9a8000 r--s 00025000 fd:01 10225288                   /home/thomas/.m2/repository/commons-dbcp/commons-dbcp/1.4/commons-dbcp-1.4.jar
7f5e3e9a8000-7f5e3e9cc000 r--s 0021a000 fd:01 10225286                   /home/thomas/.m2/repository/org/apache/jackrabbit/jackrabbit-core/2.8.0/jackrabbit-core-2.8.0.jar
7f5e3e9cc000-7f5e3e9ee000 r--s 00181000 fd:01 10225230                   /home/thomas/.m2/repository/info/magnolia/magnolia-core/5.3.6/magnolia-core-5.3.6.jar
7f5e3e9ee000-7f5e3e9f0000 r--s 0000b000 fd:01 10355367                   /home/thomas/.m2/repository/info/magnolia/magnolia-templating-jsp/5.3.6/magnolia-templating-jsp-5.3.6.jar
7f5e3e9f0000-7f5e3e9f3000 r--s 00010000 fd:01 10355365                   /home/thomas/.m2/repository/info/magnolia/magnolia-templating/5.3.6/magnolia-templating-5.3.6.jar
7f5e3e9f3000-7f5e3e9f7000 r--s 0000f000 fd:01 10225282                   /home/thomas/.m2/repository/com/google/code/findbugs/annotations/2.0.1/annotations-2.0.1.jar
7f5e3e9f7000-7f5e3e9fa000 r--s 0001d000 fd:01 10225280                   /home/thomas/.m2/repository/org/reflections/reflections/0.9.9-RC2/reflections-0.9.9-RC2.jar
7f5e3e9fa000-7f5e3e9fe000 r--s 00016000 fd:01 10487158                   /home/thomas/.m2/repository/com/thoughtworks/proxytoys/proxytoys/1.01-MAGNOLIA-5317-patched/proxytoys-1.01-MAGNOLIA-5317-patched.jar
7f5e3e9fe000-7f5e3ea00000 r--s 0000c000 fd:01 10225226                   /home/thomas/.m2/repository/info/magnolia/magnolia-i18n/5.3.6/magnolia-i18n-5.3.6.jar
7f5e3ea00000-7f5e3ea04000 r--s 00017000 fd:01 10355362                   /home/thomas/.m2/repository/info/magnolia/magnolia-rendering/5.3.6/magnolia-rendering-5.3.6.jar
7f5e3ea04000-7f5e3ea06000 r--s 00004000 fd:01 10355359                   /home/thomas/.m2/repository/info/magnolia/about/magnolia-about-app/5.3.6/magnolia-about-app-5.3.6.jar
7f5e3ea06000-7f5e3ea0b000 r--s 00026000 fd:01 10355360                   /home/thomas/.m2/repository/info/magnolia/security/magnolia-security-app/5.3.6/magnolia-security-app-5.3.6.jar
7f5e3ea0b000-7f5e3ea13000 r--s 00036000 fd:01 10355355                   /home/thomas/.m2/repository/info/magnolia/ui/magnolia-ui-widget-editor/5.3.6/magnolia-ui-widget-editor-5.3.6.jar
7f5e3ea13000-7f5e3ea2b000 r--s 026ef000 fd:01 10355353                   /home/thomas/.m2/repository/info/magnolia/widgetset/magnolia-vaadin-widgetset/5.3.6/magnolia-vaadin-widgetset-5.3.6.jar
7f5e3ea2b000-7f5e3ea3e000 r--s 00344000 fd:00 407444                     /opt/java/jdk1.8.0_25/jre/lib/resources.jar
7f5e3ea3e000-7f5e3ea3f000 ---p 00000000 00:00 0 
7f5e3ea3f000-7f5e3eb3f000 rw-p 00000000 00:00 0 
7f5e3eb3f000-7f5e3eb42000 ---p 00000000 00:00 0 
7f5e3eb42000-7f5e3ec40000 rw-p 00000000 00:00 0 
7f5e3ec40000-7f5e3ec43000 ---p 00000000 00:00 0 
7f5e3ec43000-7f5e3ed41000 rw-p 00000000 00:00 0 
7f5e3ed41000-7f5e3ed44000 ---p 00000000 00:00 0 
7f5e3ed44000-7f5e3ee42000 rw-p 00000000 00:00 0 
7f5e3ee42000-7f5e3ee45000 ---p 00000000 00:00 0 
7f5e3ee45000-7f5e3ef43000 rw-p 00000000 00:00 0 
7f5e3ef43000-7f5e3ef46000 ---p 00000000 00:00 0 
7f5e3ef46000-7f5e3f044000 rw-p 00000000 00:00 0 
7f5e3f044000-7f5e3f047000 ---p 00000000 00:00 0 
7f5e3f047000-7f5e3f145000 rw-p 00000000 00:00 0 
7f5e3f145000-7f5e3f148000 ---p 00000000 00:00 0 
7f5e3f148000-7f5e3f246000 rw-p 00000000 00:00 0 
7f5e3f246000-7f5e3f24a000 r-xp 00000000 fd:00 407339                     /opt/java/jdk1.8.0_25/jre/lib/amd64/libdt_socket.so
7f5e3f24a000-7f5e3f449000 ---p 00004000 fd:00 407339                     /opt/java/jdk1.8.0_25/jre/lib/amd64/libdt_socket.so
7f5e3f449000-7f5e3f44a000 rw-p 00003000 fd:00 407339                     /opt/java/jdk1.8.0_25/jre/lib/amd64/libdt_socket.so
7f5e3f44a000-7f5e3f44d000 ---p 00000000 00:00 0 
7f5e3f44d000-7f5e3f54b000 rw-p 00000000 00:00 0 
7f5e3f54b000-7f5e3f54e000 ---p 00000000 00:00 0 
7f5e3f54e000-7f5e3f64c000 rw-p 00000000 00:00 0 
7f5e3f64c000-7f5e3f64f000 ---p 00000000 00:00 0 
7f5e3f64f000-7f5e3f74d000 rw-p 00000000 00:00 0 
7f5e3f74d000-7f5e3f74e000 ---p 00000000 00:00 0 
7f5e3f74e000-7f5e407e1000 rw-p 00000000 00:00 0 
7f5e407e1000-7f5e409b7000 r--s 03caa000 fd:00 407415                     /opt/java/jdk1.8.0_25/jre/lib/rt.jar
7f5e409b7000-7f5e453b3000 rw-p 00000000 00:00 0 
7f5e453b3000-7f5e453b4000 ---p 00000000 00:00 0 
7f5e453b4000-7f5e454b4000 rw-p 00000000 00:00 0 
7f5e454b4000-7f5e454b5000 ---p 00000000 00:00 0 
7f5e454b5000-7f5e455b5000 rw-p 00000000 00:00 0 
7f5e455b5000-7f5e455b6000 ---p 00000000 00:00 0 
7f5e455b6000-7f5e456b6000 rw-p 00000000 00:00 0 
7f5e456b6000-7f5e456b7000 ---p 00000000 00:00 0 
7f5e456b7000-7f5e457e1000 rw-p 00000000 00:00 0 
7f5e457e1000-7f5e45a44000 ---p 00000000 00:00 0 
7f5e45a44000-7f5e45a6e000 rw-p 00000000 00:00 0 
7f5e45a6e000-7f5e45cd0000 ---p 00000000 00:00 0 
7f5e45cd0000-7f5e45cf5000 rw-p 00000000 00:00 0 
7f5e45cf5000-7f5e45e17000 ---p 00000000 00:00 0 
7f5e45e17000-7f5e45e25000 rw-p 00000000 00:00 0 
7f5e45e25000-7f5e461d8000 ---p 00000000 00:00 0 
7f5e461d8000-7f5e46518000 rwxp 00000000 00:00 0 
7f5e46518000-7f5e551d8000 ---p 00000000 00:00 0 
7f5e551d8000-7f5e551f2000 r-xp 00000000 fd:00 407366                     /opt/java/jdk1.8.0_25/jre/lib/amd64/libzip.so
7f5e551f2000-7f5e553f2000 ---p 0001a000 fd:00 407366                     /opt/java/jdk1.8.0_25/jre/lib/amd64/libzip.so
7f5e553f2000-7f5e553f3000 rw-p 0001a000 fd:00 407366                     /opt/java/jdk1.8.0_25/jre/lib/amd64/libzip.so
7f5e553f3000-7f5e553fe000 r-xp 00000000 fd:00 1052207                    /lib/x86_64-linux-gnu/libnss_files-2.13.so
7f5e553fe000-7f5e555fd000 ---p 0000b000 fd:00 1052207                    /lib/x86_64-linux-gnu/libnss_files-2.13.so
7f5e555fd000-7f5e555fe000 r--p 0000a000 fd:00 1052207                    /lib/x86_64-linux-gnu/libnss_files-2.13.so
7f5e555fe000-7f5e555ff000 rw-p 0000b000 fd:00 1052207                    /lib/x86_64-linux-gnu/libnss_files-2.13.so
7f5e555ff000-7f5e55609000 r-xp 00000000 fd:00 1052209                    /lib/x86_64-linux-gnu/libnss_nis-2.13.so
7f5e55609000-7f5e55808000 ---p 0000a000 fd:00 1052209                    /lib/x86_64-linux-gnu/libnss_nis-2.13.so
7f5e55808000-7f5e55809000 r--p 00009000 fd:00 1052209                    /lib/x86_64-linux-gnu/libnss_nis-2.13.so
7f5e55809000-7f5e5580a000 rw-p 0000a000 fd:00 1052209                    /lib/x86_64-linux-gnu/libnss_nis-2.13.so
7f5e5580a000-7f5e5581f000 r-xp 00000000 fd:00 1052204                    /lib/x86_64-linux-gnu/libnsl-2.13.so
7f5e5581f000-7f5e55a1e000 ---p 00015000 fd:00 1052204                    /lib/x86_64-linux-gnu/libnsl-2.13.so
7f5e55a1e000-7f5e55a1f000 r--p 00014000 fd:00 1052204                    /lib/x86_64-linux-gnu/libnsl-2.13.so
7f5e55a1f000-7f5e55a20000 rw-p 00015000 fd:00 1052204                    /lib/x86_64-linux-gnu/libnsl-2.13.so
7f5e55a20000-7f5e55a22000 rw-p 00000000 00:00 0 
7f5e55a22000-7f5e55a29000 r-xp 00000000 fd:00 1052205                    /lib/x86_64-linux-gnu/libnss_compat-2.13.so
7f5e55a29000-7f5e55c28000 ---p 00007000 fd:00 1052205                    /lib/x86_64-linux-gnu/libnss_compat-2.13.so
7f5e55c28000-7f5e55c29000 r--p 00006000 fd:00 1052205                    /lib/x86_64-linux-gnu/libnss_compat-2.13.so
7f5e55c29000-7f5e55c2a000 rw-p 00007000 fd:00 1052205                    /lib/x86_64-linux-gnu/libnss_compat-2.13.so
7f5e55c2a000-7f5e55da1000 r--p 00000000 fd:00 2755931                    /usr/lib/locale/locale-archive
7f5e55da1000-7f5e55da3000 r-xp 00000000 fd:00 407349                     /opt/java/jdk1.8.0_25/jre/lib/amd64/libnpt.so
7f5e55da3000-7f5e55fa3000 ---p 00002000 fd:00 407349                     /opt/java/jdk1.8.0_25/jre/lib/amd64/libnpt.so
7f5e55fa3000-7f5e55fa4000 rw-p 00002000 fd:00 407349                     /opt/java/jdk1.8.0_25/jre/lib/amd64/libnpt.so
7f5e55fa4000-7f5e55fdd000 r-xp 00000000 fd:00 407355                     /opt/java/jdk1.8.0_25/jre/lib/amd64/libjdwp.so
7f5e55fdd000-7f5e561dc000 ---p 00039000 fd:00 407355                     /opt/java/jdk1.8.0_25/jre/lib/amd64/libjdwp.so
7f5e561dc000-7f5e561de000 rw-p 00038000 fd:00 407355                     /opt/java/jdk1.8.0_25/jre/lib/amd64/libjdwp.so
7f5e561de000-7f5e56208000 r-xp 00000000 fd:00 407345                     /opt/java/jdk1.8.0_25/jre/lib/amd64/libjava.so
7f5e56208000-7f5e56408000 ---p 0002a000 fd:00 407345                     /opt/java/jdk1.8.0_25/jre/lib/amd64/libjava.so
7f5e56408000-7f5e5640a000 rw-p 0002a000 fd:00 407345                     /opt/java/jdk1.8.0_25/jre/lib/amd64/libjava.so
7f5e5640a000-7f5e56417000 r-xp 00000000 fd:00 407360                     /opt/java/jdk1.8.0_25/jre/lib/amd64/libverify.so
7f5e56417000-7f5e56617000 ---p 0000d000 fd:00 407360                     /opt/java/jdk1.8.0_25/jre/lib/amd64/libverify.so
7f5e56617000-7f5e56619000 rw-p 0000d000 fd:00 407360                     /opt/java/jdk1.8.0_25/jre/lib/amd64/libverify.so
7f5e56619000-7f5e56620000 r-xp 00000000 fd:00 1052213                    /lib/x86_64-linux-gnu/librt-2.13.so
7f5e56620000-7f5e5681f000 ---p 00007000 fd:00 1052213                    /lib/x86_64-linux-gnu/librt-2.13.so
7f5e5681f000-7f5e56820000 r--p 00006000 fd:00 1052213                    /lib/x86_64-linux-gnu/librt-2.13.so
7f5e56820000-7f5e56821000 rw-p 00007000 fd:00 1052213                    /lib/x86_64-linux-gnu/librt-2.13.so
7f5e56821000-7f5e568a2000 r-xp 00000000 fd:00 1052202                    /lib/x86_64-linux-gnu/libm-2.13.so
7f5e568a2000-7f5e56aa1000 ---p 00081000 fd:00 1052202                    /lib/x86_64-linux-gnu/libm-2.13.so
7f5e56aa1000-7f5e56aa2000 r--p 00080000 fd:00 1052202                    /lib/x86_64-linux-gnu/libm-2.13.so
7f5e56aa2000-7f5e56aa3000 rw-p 00081000 fd:00 1052202                    /lib/x86_64-linux-gnu/libm-2.13.so
7f5e56aa3000-7f5e57710000 r-xp 00000000 fd:00 407382                     /opt/java/jdk1.8.0_25/jre/lib/amd64/server/libjvm.so
7f5e57710000-7f5e5790f000 ---p 00c6d000 fd:00 407382                     /opt/java/jdk1.8.0_25/jre/lib/amd64/server/libjvm.so
7f5e5790f000-7f5e579e5000 rw-p 00c6c000 fd:00 407382                     /opt/java/jdk1.8.0_25/jre/lib/amd64/server/libjvm.so
7f5e579e5000-7f5e57a28000 rw-p 00000000 00:00 0 
7f5e57a28000-7f5e57baa000 r-xp 00000000 fd:00 1052198                    /lib/x86_64-linux-gnu/libc-2.13.so
7f5e57baa000-7f5e57daa000 ---p 00182000 fd:00 1052198                    /lib/x86_64-linux-gnu/libc-2.13.so
7f5e57daa000-7f5e57dae000 r--p 00182000 fd:00 1052198                    /lib/x86_64-linux-gnu/libc-2.13.so
7f5e57dae000-7f5e57daf000 rw-p 00186000 fd:00 1052198                    /lib/x86_64-linux-gnu/libc-2.13.so
7f5e57daf000-7f5e57db4000 rw-p 00000000 00:00 0 
7f5e57db4000-7f5e57db6000 r-xp 00000000 fd:00 1052201                    /lib/x86_64-linux-gnu/libdl-2.13.so
7f5e57db6000-7f5e57fb6000 ---p 00002000 fd:00 1052201                    /lib/x86_64-linux-gnu/libdl-2.13.so
7f5e57fb6000-7f5e57fb7000 r--p 00002000 fd:00 1052201                    /lib/x86_64-linux-gnu/libdl-2.13.so
7f5e57fb7000-7f5e57fb8000 rw-p 00003000 fd:00 1052201                    /lib/x86_64-linux-gnu/libdl-2.13.so
7f5e57fb8000-7f5e57fcd000 r-xp 00000000 fd:00 406440                     /opt/java/jdk1.8.0_25/lib/amd64/jli/libjli.so
7f5e57fcd000-7f5e581cc000 ---p 00015000 fd:00 406440                     /opt/java/jdk1.8.0_25/lib/amd64/jli/libjli.so
7f5e581cc000-7f5e581cd000 rw-p 00014000 fd:00 406440                     /opt/java/jdk1.8.0_25/lib/amd64/jli/libjli.so
7f5e581cd000-7f5e581e4000 r-xp 00000000 fd:00 1052194                    /lib/x86_64-linux-gnu/libpthread-2.13.so
7f5e581e4000-7f5e583e3000 ---p 00017000 fd:00 1052194                    /lib/x86_64-linux-gnu/libpthread-2.13.so
7f5e583e3000-7f5e583e4000 r--p 00016000 fd:00 1052194                    /lib/x86_64-linux-gnu/libpthread-2.13.so
7f5e583e4000-7f5e583e5000 rw-p 00017000 fd:00 1052194                    /lib/x86_64-linux-gnu/libpthread-2.13.so
7f5e583e5000-7f5e583e9000 rw-p 00000000 00:00 0 
7f5e583e9000-7f5e58409000 r-xp 00000000 fd:00 1052195                    /lib/x86_64-linux-gnu/ld-2.13.so
7f5e58409000-7f5e5840a000 rw-p 00000000 00:00 0 
7f5e5840a000-7f5e5840e000 r--s 0001f000 fd:01 10355356                   /home/thomas/.m2/repository/info/magnolia/pages/magnolia-pages/5.3.6/magnolia-pages-5.3.6.jar
7f5e5840e000-7f5e58412000 r--s 061b3000 fd:01 10225406                   /home/thomas/.m2/repository/info/magnolia/magnolia-empty-webapp/5.3.6/magnolia-empty-webapp-5.3.6.war
7f5e58412000-7f5e58414000 r--s 0001a000 fd:00 407335                     /opt/java/jdk1.8.0_25/jre/lib/jce.jar
7f5e58414000-7f5e58419000 r--s 00084000 fd:00 407416                     /opt/java/jdk1.8.0_25/jre/lib/jfr.jar
7f5e58419000-7f5e5842c000 r--s 000d5000 fd:00 407333                     /opt/java/jdk1.8.0_25/jre/lib/plugin.jar
7f5e5842c000-7f5e58430000 r--s 00093000 fd:00 407418                     /opt/java/jdk1.8.0_25/jre/lib/jsse.jar
7f5e58430000-7f5e58449000 r--s 001ea000 fd:00 407433                     /opt/java/jdk1.8.0_25/jre/lib/deploy.jar
7f5e58449000-7f5e58453000 r--s 00069000 fd:00 407228                     /opt/java/jdk1.8.0_25/jre/lib/javaws.jar
7f5e58453000-7f5e584ea000 rw-p 00000000 00:00 0 
7f5e584ea000-7f5e584ed000 ---p 00000000 00:00 0 
7f5e584ed000-7f5e585ef000 rw-p 00000000 00:00 0 
7f5e585ef000-7f5e585f0000 r--s 00004000 fd:01 10225305                   /home/thomas/.m2/repository/org/mindrot/jbcrypt/0.3m/jbcrypt-0.3m.jar
7f5e585f0000-7f5e585f2000 r--s 00007000 fd:00 407447                     /opt/java/jdk1.8.0_25/jre/lib/jfxswt.jar
7f5e585f2000-7f5e585f3000 r--s 00000000 fd:00 407412                     /opt/java/jdk1.8.0_25/jre/lib/management-agent.jar
7f5e585f3000-7f5e585f8000 r--s 002f8000 fd:00 407334                     /opt/java/jdk1.8.0_25/jre/lib/charsets.jar
7f5e585f8000-7f5e585fa000 r--s 00020000 fd:01 11667034                   /home/thomas/bin/idea-IU-139.659.2/plugins/junit/lib/junit-rt.jar
7f5e585fa000-7f5e585fc000 r--s 00016000 fd:01 11536838                   /home/thomas/bin/idea-IU-139.659.2/lib/idea_rt.jar
7f5e585fc000-7f5e58604000 rw-s 00000000 fd:00 2894907                    /tmp/hsperfdata_thomas/24748
7f5e58604000-7f5e58605000 rw-p 00000000 00:00 0 
7f5e58605000-7f5e58606000 r--p 00000000 00:00 0 
7f5e58606000-7f5e58608000 rw-p 00000000 00:00 0 
7f5e58608000-7f5e58609000 r--p 0001f000 fd:00 1052195                    /lib/x86_64-linux-gnu/ld-2.13.so
7f5e58609000-7f5e5860a000 rw-p 00020000 fd:00 1052195                    /lib/x86_64-linux-gnu/ld-2.13.so
7f5e5860a000-7f5e5860b000 rw-p 00000000 00:00 0 
7fff0f81e000-7fff0f844000 rw-p 00000000 00:00 0                          [stack]
7fff0f955000-7fff0f956000 r-xp 00000000 00:00 0                          [vdso]
ffffffffff600000-ffffffffff601000 r-xp 00000000 00:00 0                  [vsyscall]

VM Arguments:
jvm_args: -agentlib:jdwp=transport=dt_socket,address=127.0.0.1:43703,suspend=y,server=n -ea -Dfile.encoding=UTF-8 
java_command: com.intellij.rt.execution.junit.JUnitStarter -ideVersion5 thymeleaf.renderer.RendererTest
java_class_path (initial): /home/thomas/bin/idea-IU-139.659.2/lib/idea_rt.jar:/home/thomas/bin/idea-IU-139.659.2/plugins/junit/lib/junit-rt.jar:/opt/java/jdk1.8.0_25/jre/lib/charsets.jar:/opt/java/jdk1.8.0_25/jre/lib/javaws.jar:/opt/java/jdk1.8.0_25/jre/lib/management-agent.jar:/opt/java/jdk1.8.0_25/jre/lib/jfxswt.jar:/opt/java/jdk1.8.0_25/jre/lib/deploy.jar:/opt/java/jdk1.8.0_25/jre/lib/jsse.jar:/opt/java/jdk1.8.0_25/jre/lib/plugin.jar:/opt/java/jdk1.8.0_25/jre/lib/rt.jar:/opt/java/jdk1.8.0_25/jre/lib/jfr.jar:/opt/java/jdk1.8.0_25/jre/lib/resources.jar:/opt/java/jdk1.8.0_25/jre/lib/jce.jar:/opt/java/jdk1.8.0_25/jre/lib/ext/zipfs.jar:/opt/java/jdk1.8.0_25/jre/lib/ext/nashorn.jar:/opt/java/jdk1.8.0_25/jre/lib/ext/cldrdata.jar:/opt/java/jdk1.8.0_25/jre/lib/ext/sunpkcs11.jar:/opt/java/jdk1.8.0_25/jre/lib/ext/dnsns.jar:/opt/java/jdk1.8.0_25/jre/lib/ext/sunec.jar:/opt/java/jdk1.8.0_25/jre/lib/ext/localedata.jar:/opt/java/jdk1.8.0_25/jre/lib/ext/sunjce_provider.jar:/opt/java/jdk1.8.0_25/jre/lib/ext/jfxrt.jar:/home/thomas/IdeaProjects/mgnl-thymeleaf/magnolia-blossom-thymeleaf-module/target/test-classes:/home/thomas/IdeaProjects/mgnl-thymeleaf/magnolia-blossom-thymeleaf-module/target/classes:/home/thomas/.m2/repository/info/magnolia/magnolia-empty-webapp/5.3.6/magnolia-empty-webapp-5.3.6.war:/home/thomas/.m2/repository/info/magnolia/widgetset/magnolia-vaadin-widgetset/5.3.6/magnolia-vaadin-widgetset-5.3.6.jar:/home/thomas/.m2/repository/info/magnolia/ui/magnolia-ui-widget-editor/5.3.6/magnolia-ui-widget-editor-5.3.6.jar:/home/thomas/.m2/repository/info/magnolia/pages/magnolia-pages/5.3.6/magnolia-pages-5.3.6.jar:/home/thomas/.m2/repository/info/magnolia/security/magnolia-security-app/5.3.6/magnolia-security-app-5.3.6.jar:/home/thomas/.m2/repository/info/magnolia/about/magnolia-about-app/5.3.6/magnolia-about-app-5.3.6.jar:/home/thomas/.m2/repository/info/magnolia/magnolia-rendering/5.3.6/magnolia-rendering-5.3.6.jar:/home/thomas/.m2/repository/info/magnolia/magnolia-i18n/5
Launcher Type: SUN_STANDARD

Environment Variables:
CLASSPATH=/home/thomas/bin/idea-IU-139.659.2/bin/../lib/bootstrap.jar:/home/thomas/bin/idea-IU-139.659.2/bin/../lib/extensions.jar:/home/thomas/bin/idea-IU-139.659.2/bin/../lib/util.jar:/home/thomas/bin/idea-IU-139.659.2/bin/../lib/jdom.jar:/home/thomas/bin/idea-IU-139.659.2/bin/../lib/log4j.jar:/home/thomas/bin/idea-IU-139.659.2/bin/../lib/trove4j.jar:/home/thomas/bin/idea-IU-139.659.2/bin/../lib/jna.jar:/usr/lib/jvm/java-6-sun-1.6.0.45/lib/tools.jar
PATH=/home/thomas/bin:/usr/local/bin:/usr/bin:/bin:/usr/local/games:/usr/games
USERNAME=thomas
LD_LIBRARY_PATH=/opt/java/jdk1.8.0_25/jre/lib/amd64/server:/opt/java/jdk1.8.0_25/jre/lib/amd64:/opt/java/jdk1.8.0_25/jre/../lib/amd64:/usr/lib/jvm/java-6-sun-1.6.0.45/jre/lib/amd64/server:/usr/lib/jvm/java-6-sun-1.6.0.45/jre/lib/amd64:/usr/lib/jvm/java-6-sun-1.6.0.45/jre/../lib/amd64:/home/thomas/bin/idea-IU-139.659.2/bin:
SHELL=/bin/bash
DISPLAY=:0

Signal Handlers:
SIGSEGV: [libjvm.so+0xa79a80], sa_mask[0]=11111111011111111101111111111110, sa_flags=SA_RESTART|SA_SIGINFO
SIGBUS: [libjvm.so+0xa79a80], sa_mask[0]=11111111011111111101111111111110, sa_flags=SA_RESTART|SA_SIGINFO
SIGFPE: [libjvm.so+0x8e24e0], sa_mask[0]=11111111011111111101111111111110, sa_flags=SA_RESTART|SA_SIGINFO
SIGPIPE: [libjvm.so+0x8e24e0], sa_mask[0]=11111111011111111101111111111110, sa_flags=SA_RESTART|SA_SIGINFO
SIGXFSZ: [libjvm.so+0x8e24e0], sa_mask[0]=11111111011111111101111111111110, sa_flags=SA_RESTART|SA_SIGINFO
SIGILL: [libjvm.so+0x8e24e0], sa_mask[0]=11111111011111111101111111111110, sa_flags=SA_RESTART|SA_SIGINFO
SIGUSR1: SIG_DFL, sa_mask[0]=00000000000000000000000000000000, sa_flags=none
SIGUSR2: [libjvm.so+0x8e3d10], sa_mask[0]=00100000000000000000000000000000, sa_flags=SA_RESTART|SA_SIGINFO
SIGHUP: [libjvm.so+0x8e50d0], sa_mask[0]=11111111011111111101111111111110, sa_flags=SA_RESTART|SA_SIGINFO
SIGINT: [libjvm.so+0x8e50d0], sa_mask[0]=11111111011111111101111111111110, sa_flags=SA_RESTART|SA_SIGINFO
SIGTERM: [libjvm.so+0x8e50d0], sa_mask[0]=11111111011111111101111111111110, sa_flags=SA_RESTART|SA_SIGINFO
SIGQUIT: [libjvm.so+0x8e50d0], sa_mask[0]=11111111011111111101111111111110, sa_flags=SA_RESTART|SA_SIGINFO


---------------  S Y S T E M  ---------------

OS:PRETTY_NAME="Debian GNU/Linux 7 (wheezy)"
NAME="Debian GNU/Linux"
VERSION_ID="7"
VERSION="7 (wheezy)"
ID=debian
ANSI_COLOR="1;31"
HOME_URL="http://www.debian.org/"
SUPPORT_URL="http://www.debian.org/support/"
BUG_REPORT_URL="http://bugs.debian.org/"

uname:Linux 3.2.0-4-amd64 #1 SMP Debian 3.2.63-2+deb7u1 x86_64
libc:glibc 2.13 NPTL 2.13 
rlimit: STACK 8192k, CORE 0k, NPROC 62512, NOFILE 4096, AS infinity
load average:0,22 0,36 0,35

/proc/meminfo:
MemTotal:        8014956 kB
MemFree:          207612 kB
Buffers:          212280 kB
Cached:          3785676 kB
SwapCached:         1400 kB
Active:          5058772 kB
Inactive:        2232640 kB
Active(anon):    3163904 kB
Inactive(anon):   422280 kB
Active(file):    1894868 kB
Inactive(file):  1810360 kB
Unevictable:           0 kB
Mlocked:               0 kB
SwapTotal:      16404476 kB
SwapFree:       16389796 kB
Dirty:              2560 kB
Writeback:             0 kB
AnonPages:       3292288 kB
Mapped:           191496 kB
Shmem:            292728 kB
Slab:             429180 kB
SReclaimable:     389296 kB
SUnreclaim:        39884 kB
KernelStack:        5048 kB
PageTables:        23500 kB
NFS_Unstable:          0 kB
Bounce:                0 kB
WritebackTmp:          0 kB
CommitLimit:    20411952 kB
Committed_AS:    5873348 kB
VmallocTotal:   34359738367 kB
VmallocUsed:      463092 kB
VmallocChunk:   34359231736 kB
HardwareCorrupted:     0 kB
AnonHugePages:         0 kB
HugePages_Total:       0
HugePages_Free:        0
HugePages_Rsvd:        0
HugePages_Surp:        0
Hugepagesize:       2048 kB
DirectMap4k:      122880 kB
DirectMap2M:     8224768 kB


CPU:total 4 (4 cores per cpu, 1 threads per core) family 6 model 58 stepping 9, cmov, cx8, fxsr, mmx, sse, sse2, sse3, ssse3, sse4.1, sse4.2, popcnt, avx, aes, clmul, erms, tsc, tscinvbit, tscinv

/proc/cpuinfo:
processor	: 0
vendor_id	: GenuineIntel
cpu family	: 6
model		: 58
model name	: Intel(R) Core(TM) i5-3570 CPU @ 3.40GHz
stepping	: 9
microcode	: 0x16
cpu MHz		: 3401.000
cache size	: 6144 KB
physical id	: 0
siblings	: 4
core id		: 0
cpu cores	: 4
apicid		: 0
initial apicid	: 0
fpu		: yes
fpu_exception	: yes
cpuid level	: 13
wp		: yes
flags		: fpu vme de pse tsc msr pae mce cx8 apic sep mtrr pge mca cmov pat pse36 clflush dts acpi mmx fxsr sse sse2 ss ht tm pbe syscall nx rdtscp lm constant_tsc arch_perfmon pebs bts rep_good nopl xtopology nonstop_tsc aperfmperf pni pclmulqdq dtes64 monitor ds_cpl vmx smx est tm2 ssse3 cx16 xtpr pdcm pcid sse4_1 sse4_2 x2apic popcnt tsc_deadline_timer aes xsave avx f16c rdrand lahf_lm ida arat epb xsaveopt pln pts dtherm tpr_shadow vnmi flexpriority ept vpid fsgsbase smep erms
bogomips	: 6784.02
clflush size	: 64
cache_alignment	: 64
address sizes	: 36 bits physical, 48 bits virtual
power management:

processor	: 1
vendor_id	: GenuineIntel
cpu family	: 6
model		: 58
model name	: Intel(R) Core(TM) i5-3570 CPU @ 3.40GHz
stepping	: 9
microcode	: 0x16
cpu MHz		: 3401.000
cache size	: 6144 KB
physical id	: 0
siblings	: 4
core id		: 1
cpu cores	: 4
apicid		: 2
initial apicid	: 2
fpu		: yes
fpu_exception	: yes
cpuid level	: 13
wp		: yes
flags		: fpu vme de pse tsc msr pae mce cx8 apic sep mtrr pge mca cmov pat pse36 clflush dts acpi mmx fxsr sse sse2 ss ht tm pbe syscall nx rdtscp lm constant_tsc arch_perfmon pebs bts rep_good nopl xtopology nonstop_tsc aperfmperf pni pclmulqdq dtes64 monitor ds_cpl vmx smx est tm2 ssse3 cx16 xtpr pdcm pcid sse4_1 sse4_2 x2apic popcnt tsc_deadline_timer aes xsave avx f16c rdrand lahf_lm ida arat epb xsaveopt pln pts dtherm tpr_shadow vnmi flexpriority ept vpid fsgsbase smep erms
bogomips	: 6784.53
clflush size	: 64
cache_alignment	: 64
address sizes	: 36 bits physical, 48 bits virtual
power management:

processor	: 2
vendor_id	: GenuineIntel
cpu family	: 6
model		: 58
model name	: Intel(R) Core(TM) i5-3570 CPU @ 3.40GHz
stepping	: 9
microcode	: 0x16
cpu MHz		: 3401.000
cache size	: 6144 KB
physical id	: 0
siblings	: 4
core id		: 2
cpu cores	: 4
apicid		: 4
initial apicid	: 4
fpu		: yes
fpu_exception	: yes
cpuid level	: 13
wp		: yes
flags		: fpu vme de pse tsc msr pae mce cx8 apic sep mtrr pge mca cmov pat pse36 clflush dts acpi mmx fxsr sse sse2 ss ht tm pbe syscall nx rdtscp lm constant_tsc arch_perfmon pebs bts rep_good nopl xtopology nonstop_tsc aperfmperf pni pclmulqdq dtes64 monitor ds_cpl vmx smx est tm2 ssse3 cx16 xtpr pdcm pcid sse4_1 sse4_2 x2apic popcnt tsc_deadline_timer aes xsave avx f16c rdrand lahf_lm ida arat epb xsaveopt pln pts dtherm tpr_shadow vnmi flexpriority ept vpid fsgsbase smep erms
bogomips	: 6784.54
clflush size	: 64
cache_alignment	: 64
address sizes	: 36 bits physical, 48 bits virtual
power management:

processor	: 3
vendor_id	: GenuineIntel
cpu family	: 6
model		: 58
model name	: Intel(R) Core(TM) i5-3570 CPU @ 3.40GHz
stepping	: 9
microcode	: 0x16
cpu MHz		: 3401.000
cache size	: 6144 KB
physical id	: 0
siblings	: 4
core id		: 3
cpu cores	: 4
apicid		: 6
initial apicid	: 6
fpu		: yes
fpu_exception	: yes
cpuid level	: 13
wp		: yes
flags		: fpu vme de pse tsc msr pae mce cx8 apic sep mtrr pge mca cmov pat pse36 clflush dts acpi mmx fxsr sse sse2 ss ht tm pbe syscall nx rdtscp lm constant_tsc arch_perfmon pebs bts rep_good nopl xtopology nonstop_tsc aperfmperf pni pclmulqdq dtes64 monitor ds_cpl vmx smx est tm2 ssse3 cx16 xtpr pdcm pcid sse4_1 sse4_2 x2apic popcnt tsc_deadline_timer aes xsave avx f16c rdrand lahf_lm ida arat epb xsaveopt pln pts dtherm tpr_shadow vnmi flexpriority ept vpid fsgsbase smep erms
bogomips	: 6784.54
clflush size	: 64
cache_alignment	: 64
address sizes	: 36 bits physical, 48 bits virtual
power management:



Memory: 4k page, physical 8014956k(207612k free), swap 16404476k(16389796k free)

vm_info: Java HotSpot(TM) 64-Bit Server VM (25.25-b02) for linux-amd64 JRE (1.8.0_25-b17), built on Sep 17 2014 17:32:11 by "java_re" with gcc 4.3.0 20080428 (Red Hat 4.3.0-8)

time: Tue Dec 23 14:40:41 2014
elapsed time: 1 seconds (0d 0h 0m 1s)

