#
# A fatal error has been detected by the Java Runtime Environment:
#
#  SIGSEGV (0xb) at pc=0x00007f23f6f32d81, pid=24563, tid=139792749786880
#
# JRE version: Java(TM) SE Runtime Environment (8.0_25-b17) (build 1.8.0_25-b17)
# Java VM: Java HotSpot(TM) 64-Bit Server VM (25.25-b02 mixed mode linux-amd64 compressed oops)
# Problematic frame:
# j  org.powermock.classloading.DeepCloner.cloneFields(Ljava/lang/ClassLoader;Ljava/lang/Class;Ljava/lang/Object;Ljava/lang/Object;Ljava/util/Map;Z)V+43
#
# Failed to write core dump. Core dumps have been disabled. To enable core dumping, try "ulimit -c unlimited" before starting Java again
#
# If you would like to submit a bug report, please visit:
#   http://bugreport.sun.com/bugreport/crash.jsp
#

---------------  T H R E A D  ---------------

Current thread (0x0000000001148800):  JavaThread "main" [_thread_in_Java, id=24564, stack(0x00007f2409217000,0x00007f2409318000)]

siginfo: si_signo: 11 (SIGSEGV), si_code: 1 (SEGV_MAPERR), si_addr: 0x0000000000001388

Registers:
RAX=0x0000000000100000, RBX=0x00007f23f181b688, RCX=0x0000000000001388, RDX=0x0000000070500002
RSP=0x00007f2409314ce0, RBP=0x00007f2409314d38, RSI=0x00007f2409314c78, RDI=0x00007f23f6f0ca0d
R8 =0x00007f2409314c50, R9 =0x00000000db744338, R10=0x00007f240872c440, R11=0x00007f2409314c50
R12=0x0000000000000000, R13=0x00007f23eaef12bb, R14=0x00007f2409314dc8, R15=0x0000000001148800
RIP=0x00007f23f6f32d81, EFLAGS=0x0000000000010206, CSGSFS=0x0000000000000033, ERR=0x0000000000000004
  TRAPNO=0x000000000000000e

Top of Stack: (sp=0x00007f2409314ce0)
0x00007f2409314ce0:   00007f23f6f0c790 00000000d76acd40
0x00007f2409314cf0:   0000000000001388 00007f2409314cf8
0x00007f2409314d00:   00007f23eaef12bb 00007f2409314dc8
0x00007f2409314d10:   00007f23eaef1cd8 0000000000000000
0x00007f2409314d20:   00007f23eaef1500 0000000000000000
0x00007f2409314d30:   00007f2409314d98 00007f2409314e10
0x00007f2409314d40:   00007f23f6f0ca0d 00000000db7b2a78
0x00007f2409314d50:   0000000000000001 00000000d9311f18
0x00007f2409314d60:   00000000db744308 00000000d9315858
0x00007f2409314d70:   0000000000001388 0000000000000006
0x00007f2409314d80:   000000000000000b 00000000d9311f80
0x00007f2409314d90:   00000000d8e00e50 0000000000000001
0x00007f2409314da0:   00000000d7653df0 00000000d9311f18
0x00007f2409314db0:   00000000db744308 00000000d8e00e50
0x00007f2409314dc0:   00000000db690d10 00000000d763fcb8
0x00007f2409314dd0:   00007f2409314dd0 00007f23eaef0830
0x00007f2409314de0:   00007f2409314e40 00007f23eaef1cd8
0x00007f2409314df0:   0000000000000000 00007f23eaef0890
0x00007f2409314e00:   00007f2409314d98 00007f2409314e28
0x00007f2409314e10:   00007f2409314e88 00007f23f6f0c790
0x00007f2409314e20:   00000000d9311f18 0000000000000001
0x00007f2409314e30:   00000000db744308 00000000d8e00e50
0x00007f2409314e40:   00000000d763fcb8 00007f2409314e48
0x00007f2409314e50:   00007f23eaef1364 00007f2409314f18
0x00007f2409314e60:   00007f23eaef1cd8 0000000000000000
0x00007f2409314e70:   00007f23eaef1500 00007f2409314e28
0x00007f2409314e80:   00007f2409314ee8 00007f2409314f60
0x00007f2409314e90:   00007f23f6f0ca0d 00000000d8e00e50
0x00007f2409314ea0:   00000000db73fb38 00000000d92f3ba8
0x00007f2409314eb0:   00000000db744308 00000000d930f730
0x00007f2409314ec0:   00000000d930c018 0000000000000005
0x00007f2409314ed0:   000000000000000b 00000000d930be70 

Instructions: (pc=0x00007f23f6f32d81)
0x00007f23f6f32d61:   72 08 24 7f 00 00 49 8b 14 d2 52 41 8b d5 4c 8b
0x00007f23f6f32d71:   6d c8 8b c2 81 e0 00 00 10 00 0f 84 77 01 00 00
0x00007f23f6f32d81:   48 3b 01 48 8b 45 e0 48 85 c0 0f 84 12 00 00 00
0x00007f23f6f32d91:   48 83 40 08 01 48 83 58 08 00 48 83 c0 30 48 89 

Register to memory mapping:

RAX=0x0000000000100000 is an unknown value
RBX={method} {0x00007f23f181b688} 'getAnnotation' '(Ljava/lang/Class;)Ljava/lang/annotation/Annotation;' in 'java/lang/reflect/Field'
RCX=0x0000000000001388 is an unknown value
RDX=0x0000000070500002 is an unknown value
RSP=0x00007f2409314ce0 is pointing into the stack for thread: 0x0000000001148800
RBP=0x00007f2409314d38 is pointing into the stack for thread: 0x0000000001148800
RSI=0x00007f2409314c78 is pointing into the stack for thread: 0x0000000001148800
RDI=0x00007f23f6f0ca0d is at code_begin+2093 in an Interpreter codelet
invoke return entry points  [0x00007f23f6f0c1e0, 0x00007f23f6f0cae0]  2304 bytes
R8 =0x00007f2409314c50 is pointing into the stack for thread: 0x0000000001148800
R9 =0x00000000db744338 is an oop
[C 
 - klass: {type array char}
 - length: 4
R10=0x00007f240872c440: <offset 0xf5c440> in /opt/java/jdk1.8.0_25/jre/lib/amd64/server/libjvm.so at 0x00007f24077d0000
R11=0x00007f2409314c50 is pointing into the stack for thread: 0x0000000001148800
R12=0x0000000000000000 is an unknown value
R13=0x00007f23eaef12bb is pointing into metadata
R14=0x00007f2409314dc8 is pointing into the stack for thread: 0x0000000001148800
R15=0x0000000001148800 is a thread


Stack: [0x00007f2409217000,0x00007f2409318000],  sp=0x00007f2409314ce0,  free space=1015k
Native frames: (J=compiled Java code, j=interpreted, Vv=VM code, C=native code)
j  org.powermock.classloading.DeepCloner.cloneFields(Ljava/lang/ClassLoader;Ljava/lang/Class;Ljava/lang/Object;Ljava/lang/Object;Ljava/util/Map;Z)V+43
j  org.powermock.classloading.DeepCloner.performClone(Ljava/lang/Class;Ljava/lang/Object;Z)Ljava/lang/Object;+168
j  org.powermock.classloading.DeepCloner.cloneFields(Ljava/lang/ClassLoader;Ljava/lang/Class;Ljava/lang/Object;Ljava/lang/Object;Ljava/util/Map;Z)V+212
j  org.powermock.classloading.DeepCloner.performClone(Ljava/lang/Class;Ljava/lang/Object;Z)Ljava/lang/Object;+168
j  org.powermock.classloading.DeepCloner.cloneFields(Ljava/lang/ClassLoader;Ljava/lang/Class;Ljava/lang/Object;Ljava/lang/Object;Ljava/util/Map;Z)V+212
j  org.powermock.classloading.DeepCloner.performClone(Ljava/lang/Class;Ljava/lang/Object;Z)Ljava/lang/Object;+168
j  org.powermock.classloading.DeepCloner.cloneFields(Ljava/lang/ClassLoader;Ljava/lang/Class;Ljava/lang/Object;Ljava/lang/Object;Ljava/util/Map;Z)V+212
j  org.powermock.classloading.DeepCloner.performClone(Ljava/lang/Class;Ljava/lang/Object;Z)Ljava/lang/Object;+168
j  org.powermock.classloading.DeepCloner.cloneFields(Ljava/lang/ClassLoader;Ljava/lang/Class;Ljava/lang/Object;Ljava/lang/Object;Ljava/util/Map;Z)V+212
j  org.powermock.classloading.DeepCloner.performClone(Ljava/lang/Class;Ljava/lang/Object;Z)Ljava/lang/Object;+168
j  org.powermock.classloading.DeepCloner.cloneFields(Ljava/lang/ClassLoader;Ljava/lang/Class;Ljava/lang/Object;Ljava/lang/Object;Ljava/util/Map;Z)V+212
j  org.powermock.classloading.DeepCloner.performClone(Ljava/lang/Class;Ljava/lang/Object;Z)Ljava/lang/Object;+168
j  org.powermock.classloading.DeepCloner.cloneFields(Ljava/lang/ClassLoader;Ljava/lang/Class;Ljava/lang/Object;Ljava/lang/Object;Ljava/util/Map;Z)V+212
j  org.powermock.classloading.DeepCloner.performClone(Ljava/lang/Class;Ljava/lang/Object;Z)Ljava/lang/Object;+168
j  org.powermock.classloading.DeepCloner.cloneFields(Ljava/lang/ClassLoader;Ljava/lang/Class;Ljava/lang/Object;Ljava/lang/Object;Ljava/util/Map;Z)V+212
j  org.powermock.classloading.DeepCloner.performClone(Ljava/lang/Class;Ljava/lang/Object;Z)Ljava/lang/Object;+168
j  org.powermock.classloading.DeepCloner.cloneFields(Ljava/lang/ClassLoader;Ljava/lang/Class;Ljava/lang/Object;Ljava/lang/Object;Ljava/util/Map;Z)V+212
j  org.powermock.classloading.DeepCloner.performClone(Ljava/lang/Class;Ljava/lang/Object;Z)Ljava/lang/Object;+168
j  org.powermock.classloading.DeepCloner.cloneFields(Ljava/lang/ClassLoader;Ljava/lang/Class;Ljava/lang/Object;Ljava/lang/Object;Ljava/util/Map;Z)V+212
j  org.powermock.classloading.DeepCloner.performClone(Ljava/lang/Class;Ljava/lang/Object;Z)Ljava/lang/Object;+168
j  org.powermock.classloading.DeepCloner.cloneFields(Ljava/lang/ClassLoader;Ljava/lang/Class;Ljava/lang/Object;Ljava/lang/Object;Ljava/util/Map;Z)V+212
j  org.powermock.classloading.DeepCloner.performClone(Ljava/lang/Class;Ljava/lang/Object;Z)Ljava/lang/Object;+168
j  org.powermock.classloading.DeepCloner.cloneFields(Ljava/lang/ClassLoader;Ljava/lang/Class;Ljava/lang/Object;Ljava/lang/Object;Ljava/util/Map;Z)V+212
j  org.powermock.classloading.DeepCloner.performClone(Ljava/lang/Class;Ljava/lang/Object;Z)Ljava/lang/Object;+168
j  org.powermock.classloading.DeepCloner.cloneFields(Ljava/lang/ClassLoader;Ljava/lang/Class;Ljava/lang/Object;Ljava/lang/Object;Ljava/util/Map;Z)V+212
j  org.powermock.classloading.DeepCloner.performClone(Ljava/lang/Class;Ljava/lang/Object;Z)Ljava/lang/Object;+168
j  org.powermock.classloading.DeepCloner.cloneFields(Ljava/lang/ClassLoader;Ljava/lang/Class;Ljava/lang/Object;Ljava/lang/Object;Ljava/util/Map;Z)V+212
j  org.powermock.classloading.DeepCloner.performClone(Ljava/lang/Class;Ljava/lang/Object;Z)Ljava/lang/Object;+168
j  org.powermock.classloading.DeepCloner.clone(Ljava/lang/Object;Z)Ljava/lang/Object;+18
j  org.powermock.classloading.DeepCloner.clone(Ljava/lang/Object;)Ljava/lang/Object;+3
j  org.powermock.classloading.ClassloaderExecutor.execute(Ljava/lang/Object;Ljava/lang/reflect/Method;[Ljava/lang/Object;)Ljava/lang/Object;+13
j  org.powermock.classloading.ClassloaderExecutor.execute(Ljava/lang/Runnable;)V+26
j  org.powermock.modules.junit4.rule.PowerMockStatement.evaluate()V+12
j  org.springframework.test.context.junit4.statements.SpringRepeat.evaluate()V+82
j  org.junit.runners.ParentRunner.runLeaf(Lorg/junit/runners/model/Statement;Lorg/junit/runner/Description;Lorg/junit/runner/notification/RunNotifier;)V+17
j  org.springframework.test.context.junit4.SpringJUnit4ClassRunner.runChild(Lorg/junit/runners/model/FrameworkMethod;Lorg/junit/runner/notification/RunNotifier;)V+30
j  org.springframework.test.context.junit4.SpringJUnit4ClassRunner.runChild(Ljava/lang/Object;Lorg/junit/runner/notification/RunNotifier;)V+6
j  org.junit.runners.ParentRunner$3.run()V+12
j  org.junit.runners.ParentRunner$1.schedule(Ljava/lang/Runnable;)V+1
j  org.junit.runners.ParentRunner.runChildren(Lorg/junit/runner/notification/RunNotifier;)V+40
j  org.junit.runners.ParentRunner.access$000(Lorg/junit/runners/ParentRunner;Lorg/junit/runner/notification/RunNotifier;)V+2
j  org.junit.runners.ParentRunner$2.evaluate()V+8
j  org.springframework.test.context.junit4.statements.RunBeforeTestClassCallbacks.evaluate()V+11
j  org.springframework.test.context.junit4.statements.RunAfterTestClassCallbacks.evaluate()V+12
j  org.junit.runners.ParentRunner.run(Lorg/junit/runner/notification/RunNotifier;)V+20
j  org.springframework.test.context.junit4.SpringJUnit4ClassRunner.run(Lorg/junit/runner/notification/RunNotifier;)V+24
j  org.junit.runner.JUnitCore.run(Lorg/junit/runner/Runner;)Lorg/junit/runner/Result;+37
j  com.intellij.junit4.JUnit4IdeaTestRunner.startRunnerWithArgs([Ljava/lang/String;Ljava/util/ArrayList;Ljava/lang/String;Z)I+178
j  com.intellij.rt.execution.junit.JUnitStarter.prepareStreamsAndStart([Ljava/lang/String;ZLjava/util/ArrayList;Ljava/lang/String;Lcom/intellij/rt/execution/junit/segments/SegmentedOutputStream;Lcom/intellij/rt/execution/junit/segments/SegmentedOutputStream;)I+150
j  com.intellij.rt.execution.junit.JUnitStarter.main([Ljava/lang/String;)V+145
v  ~StubRoutines::call_stub
V  [libjvm.so+0x664086]  JavaCalls::call_helper(JavaValue*, methodHandle*, JavaCallArguments*, Thread*)+0x1056
V  [libjvm.so+0x6ab096]  jni_invoke_static(JNIEnv_*, JavaValue*, _jobject*, JNICallType, _jmethodID*, JNI_ArgumentPusher*, Thread*)+0x346
V  [libjvm.so+0x6b1c2a]  jni_CallStaticVoidMethod+0x17a
C  [libjli.so+0x7b14]  JavaMain+0x844
C  [libpthread.so.0+0x6b50]  start_thread+0xd0


---------------  P R O C E S S  ---------------

Java Threads: ( => current thread )
  0x00000000011d9000 JavaThread "Service Thread" daemon [_thread_blocked, id=24598, stack(0x00007f23eb7f6000,0x00007f23eb8f7000)]
  0x00007f23ec04c000 JavaThread "C1 CompilerThread2" daemon [_thread_blocked, id=24597, stack(0x00007f23eb8f7000,0x00007f23eb9f8000)]
  0x00007f23ec04a000 JavaThread "C2 CompilerThread1" daemon [_thread_in_native, id=24596, stack(0x00007f23eb9f8000,0x00007f23ebaf9000)]
  0x00007f23ec047000 JavaThread "C2 CompilerThread0" daemon [_thread_in_native, id=24595, stack(0x00007f23ebaf9000,0x00007f23ebbfa000)]
  0x00000000011c1800 JavaThread "JDWP Command Reader" daemon [_thread_in_native, id=24593, stack(0x00007f23ebbfa000,0x00007f23ebcfb000)]
  0x00007f23ec045000 JavaThread "JDWP Event Helper Thread" daemon [_thread_blocked, id=24592, stack(0x00007f23ebcfb000,0x00007f23ebdfc000)]
  0x00007f23ec041800 JavaThread "JDWP Transport Listener: dt_socket" daemon [_thread_blocked, id=24589, stack(0x00007f23f0076000,0x00007f23f0177000)]
  0x00007f23ec02d800 JavaThread "Signal Dispatcher" daemon [_thread_blocked, id=24588, stack(0x00007f23f0177000,0x00007f23f0278000)]
  0x00007f23ec001000 JavaThread "Finalizer" daemon [_thread_blocked, id=24578, stack(0x00007f23f0278000,0x00007f23f0379000)]
  0x00000000011b9000 JavaThread "Reference Handler" daemon [_thread_blocked, id=24577, stack(0x00007f23f0379000,0x00007f23f047a000)]
=>0x0000000001148800 JavaThread "main" [_thread_in_Java, id=24564, stack(0x00007f2409217000,0x00007f2409318000)]

Other Threads:
  0x00000000011b2000 VMThread [stack: 0x00007f23f047a000,0x00007f23f057b000] [id=24572]
  0x00000000011db800 WatcherThread [stack: 0x00007f23eb6f5000,0x00007f23eb7f6000] [id=24599]

VM state:not at safepoint (normal execution)

VM Mutex/Monitor currently owned by a thread: None

Heap:
 PSYoungGen      total 68608K, used 36532K [0x00000000d7380000, 0x00000000dbb80000, 0x0000000100000000)
  eden space 63488K, 51% used [0x00000000d7380000,0x00000000d93621d8,0x00000000db180000)
  from space 5120K, 75% used [0x00000000db680000,0x00000000dba4b1e0,0x00000000dbb80000)
  to   space 5120K, 0% used [0x00000000db180000,0x00000000db180000,0x00000000db680000)
 ParOldGen       total 84992K, used 96K [0x0000000085a00000, 0x000000008ad00000, 0x00000000d7380000)
  object space 84992K, 0% used [0x0000000085a00000,0x0000000085a18010,0x000000008ad00000)
 Metaspace       used 12447K, capacity 12750K, committed 12928K, reserved 1060864K
  class space    used 1535K, capacity 1623K, committed 1664K, reserved 1048576K

Card table byte_map: [0x00007f23f6771000,0x00007f23f6b45000] byte_map_base: 0x00007f23f6344000

Marking Bits: (ParMarkBitMap*) 0x00007f240872a2c0
 Begin Bits: [0x00007f23f23b0000, 0x00007f23f4248000)
 End Bits:   [0x00007f23f4248000, 0x00007f23f60e0000)

Polling page: 0x00007f2409332000

CodeCache: size=245760Kb used=3573Kb max_used=3573Kb free=242186Kb
 bounds [0x00007f23f6f05000, 0x00007f23f7285000, 0x00007f2405f05000]
 total_blobs=1231 nmethods=926 adapters=226
 compilation: enabled

Compilation events (10 events):
Event: 1,513 Thread 0x00007f23ec04c000  926       3       java.lang.reflect.ReflectAccess::copyField (5 bytes)
Event: 1,513 Thread 0x00007f23ec04c000 nmethod 926 0x00007f23f727e790 code [0x00007f23f727e900, 0x00007f23f727eb28]
Event: 1,513 Thread 0x00007f23ec04c000  927       3       java.lang.reflect.Field::copy (59 bytes)
Event: 1,513 Thread 0x00007f23ec04c000 nmethod 927 0x00007f23f727e310 code [0x00007f23f727e480, 0x00007f23f727e6e8]
Event: 1,513 Thread 0x00007f23ec04c000  928       3       java.lang.reflect.Field::<init> (44 bytes)
Event: 1,513 Thread 0x00007f23ec04c000 nmethod 928 0x00007f23f727f810 code [0x00007f23f727f980, 0x00007f23f727fc10]
Event: 1,513 Thread 0x00007f23ec04c000  929       3       java.lang.reflect.AccessibleObject::setAccessible (21 bytes)
Event: 1,513 Thread 0x00007f23ec04c000 nmethod 929 0x00007f23f727fd10 code [0x00007f23f727fea0, 0x00007f23f72801b8]
Event: 1,513 Thread 0x00007f23ec04c000  930       3       java.lang.reflect.AccessibleObject::setAccessible0 (42 bytes)
Event: 1,513 Thread 0x00007f23ec04c000 nmethod 930 0x00007f23f72802d0 code [0x00007f23f7280460, 0x00007f23f7280988]

GC Heap History (8 events):
Event: 0,582 GC heap before
{Heap before GC invocations=1 (full 0):
 PSYoungGen      total 36864K, used 31744K [0x00000000d7380000, 0x00000000d9c80000, 0x0000000100000000)
  eden space 31744K, 100% used [0x00000000d7380000,0x00000000d9280000,0x00000000d9280000)
  from space 5120K, 0% used [0x00000000d9780000,0x00000000d9780000,0x00000000d9c80000)
  to   space 5120K, 0% used [0x00000000d9280000,0x00000000d9280000,0x00000000d9780000)
 ParOldGen       total 84992K, used 0K [0x0000000085a00000, 0x000000008ad00000, 0x00000000d7380000)
  object space 84992K, 0% used [0x0000000085a00000,0x0000000085a00000,0x000000008ad00000)
 Metaspace       used 6371K, capacity 6694K, committed 6784K, reserved 1056768K
  class space    used 794K, capacity 850K, committed 896K, reserved 1048576K
Event: 0,584 GC heap after
Heap after GC invocations=1 (full 0):
 PSYoungGen      total 36864K, used 3829K [0x00000000d7380000, 0x00000000d9c80000, 0x0000000100000000)
  eden space 31744K, 0% used [0x00000000d7380000,0x00000000d7380000,0x00000000d9280000)
  from space 5120K, 74% used [0x00000000d9280000,0x00000000d963d438,0x00000000d9780000)
  to   space 5120K, 0% used [0x00000000d9780000,0x00000000d9780000,0x00000000d9c80000)
 ParOldGen       total 84992K, used 72K [0x0000000085a00000, 0x000000008ad00000, 0x00000000d7380000)
  object space 84992K, 0% used [0x0000000085a00000,0x0000000085a12010,0x000000008ad00000)
 Metaspace       used 6371K, capacity 6694K, committed 6784K, reserved 1056768K
  class space    used 794K, capacity 850K, committed 896K, reserved 1048576K
}
Event: 0,748 GC heap before
{Heap before GC invocations=2 (full 0):
 PSYoungGen      total 36864K, used 35573K [0x00000000d7380000, 0x00000000d9c80000, 0x0000000100000000)
  eden space 31744K, 100% used [0x00000000d7380000,0x00000000d9280000,0x00000000d9280000)
  from space 5120K, 74% used [0x00000000d9280000,0x00000000d963d438,0x00000000d9780000)
  to   space 5120K, 0% used [0x00000000d9780000,0x00000000d9780000,0x00000000d9c80000)
 ParOldGen       total 84992K, used 72K [0x0000000085a00000, 0x000000008ad00000, 0x00000000d7380000)
  object space 84992K, 0% used [0x0000000085a00000,0x0000000085a12010,0x000000008ad00000)
 Metaspace       used 8154K, capacity 8284K, committed 8576K, reserved 1056768K
  class space    used 1026K, capacity 1076K, committed 1152K, reserved 1048576K
Event: 0,751 GC heap after
Heap after GC invocations=2 (full 0):
 PSYoungGen      total 36864K, used 3345K [0x00000000d7380000, 0x00000000d9c80000, 0x0000000100000000)
  eden space 31744K, 0% used [0x00000000d7380000,0x00000000d7380000,0x00000000d9280000)
  from space 5120K, 65% used [0x00000000d9780000,0x00000000d9ac4798,0x00000000d9c80000)
  to   space 5120K, 0% used [0x00000000d9280000,0x00000000d9280000,0x00000000d9780000)
 ParOldGen       total 84992K, used 80K [0x0000000085a00000, 0x000000008ad00000, 0x00000000d7380000)
  object space 84992K, 0% used [0x0000000085a00000,0x0000000085a14010,0x000000008ad00000)
 Metaspace       used 8154K, capacity 8284K, committed 8576K, reserved 1056768K
  class space    used 1026K, capacity 1076K, committed 1152K, reserved 1048576K
}
Event: 1,087 GC heap before
{Heap before GC invocations=3 (full 0):
 PSYoungGen      total 36864K, used 35089K [0x00000000d7380000, 0x00000000d9c80000, 0x0000000100000000)
  eden space 31744K, 100% used [0x00000000d7380000,0x00000000d9280000,0x00000000d9280000)
  from space 5120K, 65% used [0x00000000d9780000,0x00000000d9ac4798,0x00000000d9c80000)
  to   space 5120K, 0% used [0x00000000d9280000,0x00000000d9280000,0x00000000d9780000)
 ParOldGen       total 84992K, used 80K [0x0000000085a00000, 0x000000008ad00000, 0x00000000d7380000)
  object space 84992K, 0% used [0x0000000085a00000,0x0000000085a14010,0x000000008ad00000)
 Metaspace       used 9436K, capacity 9582K, committed 9728K, reserved 1058816K
  class space    used 1199K, capacity 1207K, committed 1280K, reserved 1048576K
Event: 1,096 GC heap after
Heap after GC invocations=3 (full 0):
 PSYoungGen      total 36864K, used 3468K [0x00000000d7380000, 0x00000000dbb80000, 0x0000000100000000)
  eden space 31744K, 0% used [0x00000000d7380000,0x00000000d7380000,0x00000000d9280000)
  from space 5120K, 67% used [0x00000000d9280000,0x00000000d95e3258,0x00000000d9780000)
  to   space 5120K, 0% used [0x00000000db680000,0x00000000db680000,0x00000000dbb80000)
 ParOldGen       total 84992K, used 88K [0x0000000085a00000, 0x000000008ad00000, 0x00000000d7380000)
  object space 84992K, 0% used [0x0000000085a00000,0x0000000085a16010,0x000000008ad00000)
 Metaspace       used 9436K, capacity 9582K, committed 9728K, reserved 1058816K
  class space    used 1199K, capacity 1207K, committed 1280K, reserved 1048576K
}
Event: 1,320 GC heap before
{Heap before GC invocations=4 (full 0):
 PSYoungGen      total 36864K, used 35212K [0x00000000d7380000, 0x00000000dbb80000, 0x0000000100000000)
  eden space 31744K, 100% used [0x00000000d7380000,0x00000000d9280000,0x00000000d9280000)
  from space 5120K, 67% used [0x00000000d9280000,0x00000000d95e3258,0x00000000d9780000)
  to   space 5120K, 0% used [0x00000000db680000,0x00000000db680000,0x00000000dbb80000)
 ParOldGen       total 84992K, used 88K [0x0000000085a00000, 0x000000008ad00000, 0x00000000d7380000)
  object space 84992K, 0% used [0x0000000085a00000,0x0000000085a16010,0x000000008ad00000)
 Metaspace       used 10776K, capacity 10980K, committed 11264K, reserved 1058816K
  class space    used 1357K, capacity 1440K, committed 1536K, reserved 1048576K
Event: 1,323 GC heap after
Heap after GC invocations=4 (full 0):
 PSYoungGen      total 68608K, used 3884K [0x00000000d7380000, 0x00000000dbb80000, 0x0000000100000000)
  eden space 63488K, 0% used [0x00000000d7380000,0x00000000d7380000,0x00000000db180000)
  from space 5120K, 75% used [0x00000000db680000,0x00000000dba4b1e0,0x00000000dbb80000)
  to   space 5120K, 0% used [0x00000000db180000,0x00000000db180000,0x00000000db680000)
 ParOldGen       total 84992K, used 96K [0x0000000085a00000, 0x000000008ad00000, 0x00000000d7380000)
  object space 84992K, 0% used [0x0000000085a00000,0x0000000085a18010,0x000000008ad00000)
 Metaspace       used 10776K, capacity 10980K, committed 11264K, reserved 1058816K
  class space    used 1357K, capacity 1440K, committed 1536K, reserved 1048576K
}

Deoptimization events (10 events):
Event: 0,407 Thread 0x0000000001148800 Uncommon trap: reason=unreached action=reinterpret pc=0x00007f23f70f7e90 method=java.lang.AbstractStringBuilder.append(Ljava/lang/String;)Ljava/lang/AbstractStringBuilder; @ 1
Event: 0,755 Thread 0x0000000001148800 Uncommon trap: reason=range_check action=make_not_entrant pc=0x00007f23f71c21f0 method=sun.reflect.generics.parser.SignatureParser.current()C @ 34
Event: 1,302 Thread 0x0000000001148800 Uncommon trap: reason=bimorphic action=maybe_recompile pc=0x00007f23f71e2d68 method=java.util.HashMap.putVal(ILjava/lang/Object;Ljava/lang/Object;ZZ)Ljava/lang/Object; @ 203
Event: 1,302 Thread 0x0000000001148800 Uncommon trap: reason=bimorphic action=maybe_recompile pc=0x00007f23f71e2d68 method=java.util.HashMap.putVal(ILjava/lang/Object;Ljava/lang/Object;ZZ)Ljava/lang/Object; @ 203
Event: 1,302 Thread 0x0000000001148800 Uncommon trap: reason=bimorphic action=maybe_recompile pc=0x00007f23f71e2d68 method=java.util.HashMap.putVal(ILjava/lang/Object;Ljava/lang/Object;ZZ)Ljava/lang/Object; @ 203
Event: 1,302 Thread 0x0000000001148800 Uncommon trap: reason=bimorphic action=maybe_recompile pc=0x00007f23f71e2d68 method=java.util.HashMap.putVal(ILjava/lang/Object;Ljava/lang/Object;ZZ)Ljava/lang/Object; @ 203
Event: 1,412 Thread 0x0000000001148800 Uncommon trap: reason=null_check action=make_not_entrant pc=0x00007f23f71efdd4 method=sun.misc.URLClassPath$JarLoader.getResource(Ljava/lang/String;ZLjava/util/Set;)Lsun/misc/Resource; @ 92
Event: 1,441 Thread 0x0000000001148800 Uncommon trap: reason=unreached action=reinterpret pc=0x00007f23f70ce384 method=java.util.HashMap.getNode(ILjava/lang/Object;)Ljava/util/HashMap$Node; @ 84
Event: 1,441 Thread 0x0000000001148800 Uncommon trap: reason=unreached action=reinterpret pc=0x00007f23f7224d68 method=java.util.HashMap.putVal(ILjava/lang/Object;Ljava/lang/Object;ZZ)Ljava/lang/Object; @ 109
Event: 1,441 Thread 0x0000000001148800 Uncommon trap: reason=unreached action=reinterpret pc=0x00007f23f70cb494 method=java.util.HashMap.getNode(ILjava/lang/Object;)Ljava/util/HashMap$Node; @ 84

Internal exceptions (10 events):
Event: 1,434 Thread 0x0000000001148800 Exception <a 'java/security/PrivilegedActionException'> (0x00000000d85b8520) thrown at [/HUDSON/workspace/8-2-build-linux-amd64/jdk8u25/1514/hotspot/src/share/vm/prims/jvm.cpp, line 1312]
Event: 1,435 Thread 0x0000000001148800 Exception <a 'java/security/PrivilegedActionException'> (0x00000000d85ceb80) thrown at [/HUDSON/workspace/8-2-build-linux-amd64/jdk8u25/1514/hotspot/src/share/vm/prims/jvm.cpp, line 1312]
Event: 1,436 Thread 0x0000000001148800 Exception <a 'java/security/PrivilegedActionException'> (0x00000000d85fc078) thrown at [/HUDSON/workspace/8-2-build-linux-amd64/jdk8u25/1514/hotspot/src/share/vm/prims/jvm.cpp, line 1312]
Event: 1,443 Thread 0x0000000001148800 Exception <a 'java/security/PrivilegedActionException'> (0x00000000d86a6348) thrown at [/HUDSON/workspace/8-2-build-linux-amd64/jdk8u25/1514/hotspot/src/share/vm/prims/jvm.cpp, line 1312]
Event: 1,443 Thread 0x0000000001148800 Exception <a 'java/security/PrivilegedActionException'> (0x00000000d86c06f0) thrown at [/HUDSON/workspace/8-2-build-linux-amd64/jdk8u25/1514/hotspot/src/share/vm/prims/jvm.cpp, line 1312]
Event: 1,445 Thread 0x0000000001148800 Exception <a 'java/security/PrivilegedActionException'> (0x00000000d87061d8) thrown at [/HUDSON/workspace/8-2-build-linux-amd64/jdk8u25/1514/hotspot/src/share/vm/prims/jvm.cpp, line 1312]
Event: 1,447 Thread 0x0000000001148800 Exception <a 'java/security/PrivilegedActionException'> (0x00000000d8727560) thrown at [/HUDSON/workspace/8-2-build-linux-amd64/jdk8u25/1514/hotspot/src/share/vm/prims/jvm.cpp, line 1312]
Event: 1,447 Thread 0x0000000001148800 Exception <a 'java/security/PrivilegedActionException'> (0x00000000d873ffd8) thrown at [/HUDSON/workspace/8-2-build-linux-amd64/jdk8u25/1514/hotspot/src/share/vm/prims/jvm.cpp, line 1312]
Event: 1,462 Thread 0x0000000001148800 Exception <a 'java/security/PrivilegedActionException'> (0x00000000d898a8f0) thrown at [/HUDSON/workspace/8-2-build-linux-amd64/jdk8u25/1514/hotspot/src/share/vm/prims/jvm.cpp, line 1312]
Event: 1,507 Thread 0x0000000001148800 Exception <a 'java/security/PrivilegedActionException'> (0x00000000d928e740) thrown at [/HUDSON/workspace/8-2-build-linux-amd64/jdk8u25/1514/hotspot/src/share/vm/prims/jvm.cpp, line 1312]

Events (10 events):
Event: 1,507 Thread 0x0000000001148800 DEOPT PACKING pc=0x00007f23f7115714 sp=0x00007f2409313510
Event: 1,507 Thread 0x0000000001148800 DEOPT UNPACKING pc=0x00007f23f6f4c373 sp=0x00007f2409313260 mode 1
Event: 1,507 Thread 0x0000000001148800 DEOPT PACKING pc=0x00007f23f7114b4c sp=0x00007f2409314030
Event: 1,507 Thread 0x0000000001148800 DEOPT UNPACKING pc=0x00007f23f6f4c373 sp=0x00007f2409313d98 mode 1
Event: 1,507 Thread 0x0000000001148800 DEOPT PACKING pc=0x00007f23f70d4454 sp=0x00007f24093140a0
Event: 1,507 Thread 0x0000000001148800 DEOPT UNPACKING pc=0x00007f23f6f4c373 sp=0x00007f2409313ee0 mode 1
Event: 1,507 Thread 0x0000000001148800 DEOPT PACKING pc=0x00007f23f70d41f4 sp=0x00007f2409314230
Event: 1,507 Thread 0x0000000001148800 DEOPT UNPACKING pc=0x00007f23f6f4c373 sp=0x00007f2409314070 mode 1
Event: 1,510 loading class sun/reflect/UnsafeQualifiedStaticIntegerFieldAccessorImpl
Event: 1,510 loading class sun/reflect/UnsafeQualifiedStaticIntegerFieldAccessorImpl done


Dynamic libraries:
00400000-00401000 r-xp 00000000 fd:00 407506                             /opt/java/jdk1.8.0_25/bin/java
00600000-00601000 rw-p 00000000 fd:00 407506                             /opt/java/jdk1.8.0_25/bin/java
0112b000-01b8e000 rw-p 00000000 00:00 0                                  [heap]
85a00000-8ad00000 rw-p 00000000 00:00 0 
8ad00000-d7380000 ---p 00000000 00:00 0 
d7380000-dbb80000 rw-p 00000000 00:00 0 
dbb80000-100000000 ---p 00000000 00:00 0 
100000000-1001a0000 rw-p 00000000 00:00 0 
1001a0000-140000000 ---p 00000000 00:00 0 
7f23e4000000-7f23e4a1a000 rw-p 00000000 00:00 0 
7f23e4a1a000-7f23e8000000 ---p 00000000 00:00 0 
7f23eab8c000-7f23eac8c000 rw-p 00000000 00:00 0 
7f23eac8c000-7f23ead8c000 ---p 00000000 00:00 0 
7f23ead8c000-7f23eaf8c000 rw-p 00000000 00:00 0 
7f23eaf8c000-7f23eaf96000 r--s 00116000 fd:00 407424                     /opt/java/jdk1.8.0_25/jre/lib/ext/localedata.jar
7f23eaf96000-7f23eafb2000 r--s 00393000 fd:00 407430                     /opt/java/jdk1.8.0_25/jre/lib/ext/cldrdata.jar
7f23eafb2000-7f23eafb4000 r--s 0000b000 fd:01 10487378                   /home/thomas/.m2/repository/javax/servlet/jsp/javax.servlet.jsp-api/2.3.1/javax.servlet.jsp-api-2.3.1.jar
7f23eafb4000-7f23eafb7000 r--s 00015000 fd:01 10355493                   /home/thomas/.m2/repository/javax/servlet/javax.servlet-api/3.1.0/javax.servlet-api-3.1.0.jar
7f23eafb7000-7f23eafbb000 r--s 00032000 fd:01 10224636                   /home/thomas/.m2/repository/org/thymeleaf/thymeleaf-spring4/2.1.3.RELEASE/thymeleaf-spring4-2.1.3.RELEASE.jar
7f23eafbb000-7f23eafbd000 r--s 00005000 fd:01 10224634                   /home/thomas/.m2/repository/org/slf4j/slf4j-api/1.7.5/slf4j-api-1.7.5.jar
7f23eafbd000-7f23eafc0000 r--s 0001e000 fd:01 10224633                   /home/thomas/.m2/repository/org/unbescape/unbescape/1.0/unbescape-1.0.jar
7f23eafc0000-7f23eafc9000 r--s 00098000 fd:01 10224632                   /home/thomas/.m2/repository/org/javassist/javassist/3.16.1-GA/javassist-3.16.1-GA.jar
7f23eafc9000-7f23eafcc000 r--s 00035000 fd:01 10224627                   /home/thomas/.m2/repository/ognl/ognl/3.0.6/ognl-3.0.6.jar
7f23eafcc000-7f23eafd9000 r--s 000b4000 fd:01 10224628                   /home/thomas/.m2/repository/org/thymeleaf/thymeleaf/2.1.3.RELEASE/thymeleaf-2.1.3.RELEASE.jar
7f23eafd9000-7f23eafda000 r--s 00002000 fd:01 10487441                   /home/thomas/.m2/repository/org/powermock/powermock-classloading-objenesis/1.6.0/powermock-classloading-objenesis-1.6.0.jar
7f23eafda000-7f23eafdd000 r--s 00016000 fd:01 10487361                   /home/thomas/.m2/repository/org/powermock/powermock-core/1.6.0/powermock-core-1.6.0.jar
7f23eafdd000-7f23eafde000 r--s 00001000 fd:01 10487427                   /home/thomas/.m2/repository/org/powermock/powermock-classloading-base/1.6.0/powermock-classloading-base-1.6.0.jar
7f23eafde000-7f23eafdf000 r--s 00001000 fd:01 10487429                   /home/thomas/.m2/repository/org/powermock/powermock-module-junit4-rule/1.6.0/powermock-module-junit4-rule-1.6.0.jar
7f23eafdf000-7f23eafe0000 r--s 00004000 fd:01 10487366                   /home/thomas/.m2/repository/org/powermock/powermock-api-support/1.6.0/powermock-api-support-1.6.0.jar
7f23eafe0000-7f23eafe3000 r--s 0000f000 fd:01 10487365                   /home/thomas/.m2/repository/org/powermock/powermock-api-mockito/1.6.0/powermock-api-mockito-1.6.0.jar
7f23eafe3000-7f23eafe5000 r--s 00009000 fd:01 10356424                   /home/thomas/.m2/repository/org/objenesis/objenesis/2.1/objenesis-2.1.jar
7f23eafe5000-7f23eafe7000 r--s 0000a000 fd:01 10487362                   /home/thomas/.m2/repository/org/powermock/powermock-reflect/1.6.0/powermock-reflect-1.6.0.jar
7f23eafe7000-7f23eafe8000 r--s 00003000 fd:01 10487360                   /home/thomas/.m2/repository/org/powermock/powermock-module-junit4-common/1.6.0/powermock-module-junit4-common-1.6.0.jar
7f23eafe8000-7f23eafea000 r--s 0000a000 fd:01 10487359                   /home/thomas/.m2/repository/org/powermock/powermock-module-junit4/1.6.0/powermock-module-junit4-1.6.0.jar
7f23eafea000-7f23eb00b000 r--s 00162000 fd:01 10487303                   /home/thomas/.m2/repository/org/mockito/mockito-all/1.9.5/mockito-all-1.9.5.jar
7f23eb00b000-7f23eb017000 r--s 0006f000 fd:01 10356418                   /home/thomas/.m2/repository/org/springframework/spring-test/4.1.3.RELEASE/spring-test-4.1.3.RELEASE.jar
7f23eb017000-7f23eb019000 r--s 00009000 fd:01 10224626                   /home/thomas/.m2/repository/org/hamcrest/hamcrest-core/1.3/hamcrest-core-1.3.jar
7f23eb019000-7f23eb020000 r--s 00000000 fd:00 2755295                    /usr/lib/x86_64-linux-gnu/gconv/gconv-modules.cache
7f23eb020000-7f23eb03f000 r--p 00000000 fd:00 2755896                    /usr/share/locale/de/LC_MESSAGES/libc.mo
7f23eb03f000-7f23eb045000 r--s 00036000 fd:01 10224622                   /home/thomas/.m2/repository/junit/junit/4.11/junit-4.11.jar
7f23eb045000-7f23eb047000 r--s 00000000 fd:01 10224620                   /home/thomas/.m2/repository/aopalliance/aopalliance/1.0/aopalliance-1.0.jar
7f23eb047000-7f23eb050000 r--s 0004f000 fd:01 10224619                   /home/thomas/.m2/repository/org/springframework/spring-aop/4.1.3.RELEASE/spring-aop-4.1.3.RELEASE.jar
7f23eb050000-7f23eb060000 r--s 0009f000 fd:01 10224616                   /home/thomas/.m2/repository/org/springframework/spring-web/4.1.3.RELEASE/spring-web-4.1.3.RELEASE.jar
7f23eb060000-7f23eb065000 r--s 0003b000 fd:01 10224614                   /home/thomas/.m2/repository/org/springframework/spring-expression/4.1.3.RELEASE/spring-expression-4.1.3.RELEASE.jar
7f23eb065000-7f23eb079000 r--s 000e2000 fd:01 10224613                   /home/thomas/.m2/repository/org/springframework/spring-core/4.1.3.RELEASE/spring-core-4.1.3.RELEASE.jar
7f23eb079000-7f23eb091000 r--s 000e3000 fd:01 10224612                   /home/thomas/.m2/repository/org/springframework/spring-context/4.1.3.RELEASE/spring-context-4.1.3.RELEASE.jar
7f23eb091000-7f23eb09e000 r--s 000a0000 fd:01 10224611                   /home/thomas/.m2/repository/org/springframework/spring-beans/4.1.3.RELEASE/spring-beans-4.1.3.RELEASE.jar
7f23eb09e000-7f23eb0ad000 r--s 000b0000 fd:01 10224610                   /home/thomas/.m2/repository/org/springframework/spring-webmvc/4.1.3.RELEASE/spring-webmvc-4.1.3.RELEASE.jar
7f23eb0ad000-7f23eb0b1000 r--s 00025000 fd:01 10225235                   /home/thomas/.m2/repository/org/vaadin/addon/easyuploads/7.0.0/easyuploads-7.0.0.jar
7f23eb0b1000-7f23eb0b5000 r--s 00013000 fd:01 10355346                   /home/thomas/.m2/repository/info/magnolia/ui/magnolia-ui-mediaeditor/5.3.6/magnolia-ui-mediaeditor-5.3.6.jar
7f23eb0b5000-7f23eb0b8000 r--s 00068000 fd:01 10355347                   /home/thomas/.m2/repository/info/magnolia/ui/magnolia-ui-vaadin-theme/5.3.6/magnolia-ui-vaadin-theme-5.3.6.jar
7f23eb0b8000-7f23eb0c4000 r--s 001fc000 fd:01 10355345                   /home/thomas/.m2/repository/info/magnolia/ui/magnolia-ui-admincentral/5.3.6/magnolia-ui-admincentral-5.3.6.jar
7f23eb0c4000-7f23eb0cb000 r--s 00067000 fd:01 10355377                   /home/thomas/.m2/repository/org/quartz-scheduler/quartz/1.8.6/quartz-1.8.6.jar
7f23eb0cb000-7f23eb0d2000 r--s 00053000 fd:01 10355378                   /home/thomas/.m2/repository/org/apache/commons/commons-compress/1.8.1/commons-compress-1.8.1.jar
7f23eb0d2000-7f23eb0d3000 r--s 0000a000 fd:01 10355435                   /home/thomas/.m2/repository/asm/asm/3.1/asm-3.1.jar
7f23eb0d3000-7f23eb0da000 r--s 0003e000 fd:01 10355433                   /home/thomas/.m2/repository/cglib/cglib/2.2/cglib-2.2.jar
7f23eb0da000-7f23eb0df000 r--s 0002a000 fd:01 10355432                   /home/thomas/.m2/repository/org/apache/jackrabbit-ocm/2.0.0/jackrabbit-ocm-2.0.0.jar
7f23eb0df000-7f23eb0e1000 r--s 00008000 fd:01 10355350                   /home/thomas/.m2/repository/info/magnolia/task/magnolia-task-management/1.0.1/magnolia-task-management-1.0.1.jar
7f23eb0e1000-7f23eb0e6000 r--s 0002a000 fd:01 10225246                   /home/thomas/.m2/repository/com/google/code/gson/gson/2.2.2/gson-2.2.2.jar
7f23eb0e6000-7f23eb0e8000 r--s 00009000 fd:01 10225211                   /home/thomas/.m2/repository/info/magnolia/ui/magnolia-ui-vaadin-integration/5.3.6/magnolia-ui-vaadin-integration-5.3.6.jar
7f23eb0e8000-7f23eb0f5000 r--s 0013d000 fd:01 10225240                   /home/thomas/.m2/repository/org/vaadin/addons/ckeditor-wrapper-for-vaadin/7.8.8/ckeditor-wrapper-for-vaadin-7.8.8.jar
7f23eb0f5000-7f23eb0f7000 r--s 00014000 fd:01 10225238                   /home/thomas/.m2/repository/org/vaadin/addons/gwt-graphics/1.0.0/gwt-graphics-1.0.0.jar
7f23eb0f7000-7f23eb117000 r--s 000e6000 fd:01 10225279                   /home/thomas/.m2/repository/com/googlecode/mgwt/mgwt/1.1.2/mgwt-1.1.2.jar
7f23eb117000-7f23eb118000 r--s 00001000 fd:01 10225236                   /home/thomas/.m2/repository/org/vaadin/addons/cssinject/2.0.3/cssinject-2.0.3.jar
7f23eb118000-7f23eb12d000 r--s 000eb000 fd:01 10225278                   /home/thomas/.m2/repository/com/vaadin/vaadin-themes/7.1.7/vaadin-themes-7.1.7.jar
7f23eb12d000-7f23eb131000 r--s 001f6000 fd:01 10225277                   /home/thomas/.m2/repository/com/vaadin/vaadin-client-compiled/7.1.7/vaadin-client-compiled-7.1.7.jar
7f23eb131000-7f23eb157000 r--s 0029d000 fd:01 10225225                   /home/thomas/.m2/repository/info/magnolia/ui/magnolia-ui-vaadin-common-widgets/5.3.6/magnolia-ui-vaadin-common-widgets-5.3.6.jar
7f23eb157000-7f23eb158000 r--s 00002000 fd:01 10225209                   /home/thomas/.m2/repository/info/magnolia/ui/magnolia-ui-imageprovider/5.3.6/magnolia-ui-imageprovider-5.3.6.jar
7f23eb158000-7f23eb15d000 r--s 00047000 fd:01 10225237                   /home/thomas/.m2/repository/org/vaadin/addons/aceeditor/0.8.11/aceeditor-0.8.11.jar
7f23eb15d000-7f23eb164000 r--s 00039000 fd:01 10225207                   /home/thomas/.m2/repository/info/magnolia/ui/magnolia-ui-form/5.3.6/magnolia-ui-form-5.3.6.jar
7f23eb164000-7f23eb168000 r--s 00016000 fd:01 10225204                   /home/thomas/.m2/repository/info/magnolia/ui/magnolia-ui-dialog/5.3.6/magnolia-ui-dialog-5.3.6.jar
7f23eb168000-7f23eb169000 r--s 00004000 fd:01 10225203                   /home/thomas/.m2/repository/info/magnolia/ui/magnolia-ui-actionbar/5.3.6/magnolia-ui-actionbar-5.3.6.jar
7f23eb169000-7f23eb16e000 r--s 00020000 fd:01 10225223                   /home/thomas/.m2/repository/info/magnolia/ui/magnolia-ui-workbench/5.3.6/magnolia-ui-workbench-5.3.6.jar
7f23eb16e000-7f23eb174000 r--s 00033000 fd:01 9832749                    /home/thomas/.m2/repository/info/magnolia/ui/magnolia-ui-framework/5.3.6/magnolia-ui-framework-5.3.6.jar
7f23eb174000-7f23eb175000 r--s 00000000 fd:01 10225284                   /home/thomas/.m2/repository/javax/inject/javax.inject/1/javax.inject-1.jar
7f23eb175000-7f23eb17b000 r--s 00027000 fd:01 10225233                   /home/thomas/.m2/repository/info/magnolia/blossom/magnolia-module-blossom/3.0.4/magnolia-module-blossom-3.0.4.jar
7f23eb17b000-7f23eb17f000 r--s 0001e000 fd:01 10355431                   /home/thomas/.m2/repository/org/jboss/resteasy/resteasy-client/3.0.4.Final/resteasy-client-3.0.4.Final.jar
7f23eb17f000-7f23eb180000 r--s 00001000 fd:01 10355427                   /home/thomas/.m2/repository/com/wordnik/swagger-annotations_2.10/1.3.0/swagger-annotations_2.10-1.3.0.jar
7f23eb180000-7f23eb182000 r--s 00006000 fd:01 10225221                   /home/thomas/.m2/repository/info/magnolia/rest/magnolia-rest-services/1.0.5/magnolia-rest-services-1.0.5.jar
7f23eb182000-7f23eb184000 r--s 0000b000 fd:01 10355425                   /home/thomas/.m2/repository/javax/xml/bind/jsr173_api/1.0/jsr173_api-1.0.jar
7f23eb184000-7f23eb189000 r--s 00043000 fd:01 10355423                   /home/thomas/.m2/repository/com/sun/xml/fastinfoset/FastInfoset/1.2.12/FastInfoset-1.2.12.jar
7f23eb189000-7f23eb18a000 r--s 00005000 fd:01 10355421                   /home/thomas/.m2/repository/com/sun/istack/istack-commons-runtime/2.16/istack-commons-runtime-2.16.jar
7f23eb18a000-7f23eb190000 r--s 00031000 fd:01 10355420                   /home/thomas/.m2/repository/com/sun/xml/bind/jaxb-core/2.2.7/jaxb-core-2.2.7.jar
7f23eb190000-7f23eb1a1000 r--s 000d0000 fd:01 10355417                   /home/thomas/.m2/repository/com/sun/xml/bind/jaxb-impl/2.2.7/jaxb-impl-2.2.7.jar
7f23eb1a1000-7f23eb1a4000 r--s 0000e000 fd:01 10355416                   /home/thomas/.m2/repository/org/jboss/resteasy/resteasy-jaxb-provider/3.0.4.Final/resteasy-jaxb-provider-3.0.4.Final.jar
7f23eb1a4000-7f23eb1a5000 r--s 00006000 fd:01 10355413                   /home/thomas/.m2/repository/org/codehaus/jackson/jackson-xc/1.9.12/jackson-xc-1.9.12.jar
7f23eb1a5000-7f23eb1a6000 r--s 00004000 fd:01 10355412                   /home/thomas/.m2/repository/org/codehaus/jackson/jackson-jaxrs/1.9.12/jackson-jaxrs-1.9.12.jar
7f23eb1a6000-7f23eb1b5000 r--s 000b0000 fd:01 10355410                   /home/thomas/.m2/repository/org/codehaus/jackson/jackson-mapper-asl/1.9.12/jackson-mapper-asl-1.9.12.jar
7f23eb1b5000-7f23eb1b9000 r--s 00035000 fd:01 10355409                   /home/thomas/.m2/repository/org/codehaus/jackson/jackson-core-asl/1.9.12/jackson-core-asl-1.9.12.jar
7f23eb1b9000-7f23eb1ba000 r--s 00001000 fd:01 10355406                   /home/thomas/.m2/repository/org/jboss/resteasy/resteasy-jackson-provider/3.0.4.Final/resteasy-jackson-provider-3.0.4.Final.jar
7f23eb1ba000-7f23eb1bb000 r--s 00000000 fd:01 10355405                   /home/thomas/.m2/repository/net/jcip/jcip-annotations/1.0/jcip-annotations-1.0.jar
7f23eb1bb000-7f23eb1bc000 r--s 00004000 fd:01 10355402                   /home/thomas/.m2/repository/org/jboss/spec/javax/annotation/jboss-annotations-api_1.1_spec/1.0.1.Final/jboss-annotations-api_1.1_spec-1.0.1.Final.jar
7f23eb1bc000-7f23eb1bd000 r--s 00004000 fd:01 10355400                   /home/thomas/.m2/repository/org/scannotation/scannotation/1.0.3/scannotation-1.0.3.jar
7f23eb1bd000-7f23eb1c1000 r--s 00017000 fd:01 10355399                   /home/thomas/.m2/repository/org/jboss/resteasy/jaxrs-api/3.0.4.Final/jaxrs-api-3.0.4.Final.jar
7f23eb1c1000-7f23eb1d1000 r--s 000b9000 fd:01 10355397                   /home/thomas/.m2/repository/org/jboss/resteasy/resteasy-jaxrs/3.0.4.Final/resteasy-jaxrs-3.0.4.Final.jar
7f23eb1d1000-7f23eb1d3000 r--s 00006000 fd:01 10225219                   /home/thomas/.m2/repository/info/magnolia/rest/magnolia-rest-integration/1.0.5/magnolia-rest-integration-1.0.5.jar
7f23eb1d3000-7f23eb1d5000 r--s 00004000 fd:01 10355393                   /home/thomas/.m2/repository/javax/xml/stream/stax-api/1.0-2/stax-api-1.0-2.jar
7f23eb1d5000-7f23eb1d9000 r--s 00016000 fd:01 10356412                   /home/thomas/.m2/repository/javax/xml/bind/jaxb-api/2.2/jaxb-api-2.2.jar
7f23eb1d9000-7f23eb1de000 r--s 00021000 fd:01 10225420                   /home/thomas/.m2/repository/info/magnolia/magnolia-module-google-sitemap/2.2.2/magnolia-module-google-sitemap-2.2.2.jar
7f23eb1de000-7f23eb1e0000 r--s 00002000 fd:01 10355337                   /home/thomas/.m2/repository/info/magnolia/dam/magnolia-dam-templating/2.0.6/magnolia-dam-templating-2.0.6.jar
7f23eb1e0000-7f23eb1e2000 r--s 00005000 fd:01 10355339                   /home/thomas/.m2/repository/info/magnolia/dam/magnolia-dam-jcr/2.0.6/magnolia-dam-jcr-2.0.6.jar
7f23eb1e2000-7f23eb1e4000 r--s 00004000 fd:01 10355338                   /home/thomas/.m2/repository/info/magnolia/dam/magnolia-dam-core/2.0.6/magnolia-dam-core-2.0.6.jar
7f23eb1e4000-7f23eb1e9000 r--s 00032000 fd:01 10355336                   /home/thomas/.m2/repository/info/magnolia/dam/magnolia-dam-app/2.0.6/magnolia-dam-app-2.0.6.jar
7f23eb1e9000-7f23eb1eb000 r--s 00003000 fd:01 10355333                   /home/thomas/.m2/repository/info/magnolia/dam/magnolia-dam-compatibility/2.0.6/magnolia-dam-compatibility-2.0.6.jar
7f23eb1eb000-7f23eb1ed000 r--s 00106000 fd:01 10225418                   /home/thomas/.m2/repository/info/magnolia/contacts/magnolia-contacts/1.3.3/magnolia-contacts-1.3.3.jar
7f23eb1ed000-7f23eb1ef000 r--s 00009000 fd:01 10225271                   /home/thomas/.m2/repository/commons-cli/commons-cli/1.2/commons-cli-1.2.jar
7f23eb1ef000-7f23eb1f2000 r--s 0003b000 fd:01 10225268                   /home/thomas/.m2/repository/net/sourceforge/cssparser/cssparser/0.9.5/cssparser-0.9.5.jar
7f23eb1f2000-7f23eb1f3000 r--s 00003000 fd:01 10225266                   /home/thomas/.m2/repository/org/w3c/css/sac/1.3/sac-1.3.jar
7f23eb1f3000-7f23eb1f9000 r--s 0003c000 fd:01 10225264                   /home/thomas/.m2/repository/org/apache/commons/commons-jexl/2.1.1/commons-jexl-2.1.1.jar
7f23eb1f9000-7f23eb1fe000 r--s 0006a000 fd:01 10225262                   /home/thomas/.m2/repository/com/vaadin/vaadin-theme-compiler/7.1.7/vaadin-theme-compiler-7.1.7.jar
7f23eb1fe000-7f23eb224000 r--s 00184000 fd:01 10225261                   /home/thomas/.m2/repository/com/vaadin/vaadin-shared-deps/1.0.2/vaadin-shared-deps-1.0.2.jar
7f23eb224000-7f23eb255000 r--s 001c0000 fd:01 10225260                   /home/thomas/.m2/repository/com/vaadin/vaadin-shared/7.1.7/vaadin-shared-7.1.7.jar
7f23eb255000-7f23eb27f000 r--s 002a3000 fd:01 10225259                   /home/thomas/.m2/repository/com/vaadin/vaadin-server/7.1.7/vaadin-server-7.1.7.jar
7f23eb27f000-7f23eb280000 r--s 00005000 fd:01 10225217                   /home/thomas/.m2/repository/info/magnolia/messages/magnolia-messages-app/5.3.6/magnolia-messages-app-5.3.6.jar
7f23eb280000-7f23eb28f000 r--s 000d0000 fd:01 10355387                   /home/thomas/.m2/repository/org/apache/ivy/ivy/2.1.0/ivy-2.1.0.jar
7f23eb28f000-7f23eb295000 r--s 00031000 fd:01 10355385                   /home/thomas/.m2/repository/org/apache/httpcomponents/httpcore/4.2.1/httpcore-4.2.1.jar
7f23eb295000-7f23eb29f000 r--s 0005f000 fd:01 10355386                   /home/thomas/.m2/repository/org/apache/httpcomponents/httpclient/4.2.1/httpclient-4.2.1.jar
7f23eb29f000-7f23eb305000 r--s 005de000 fd:01 10355388                   /home/thomas/.m2/repository/org/codehaus/groovy/groovy-all/2.2.2/groovy-all-2.2.2.jar
7f23eb305000-7f23eb308000 r--s 00028000 fd:01 10225215                   /home/thomas/.m2/repository/info/magnolia/magnolia-module-groovy/2.3.2/magnolia-module-groovy-2.3.2.jar
7f23eb308000-7f23eb30a000 r--s 00003000 fd:01 10225256                   /home/thomas/.m2/repository/org/slf4j/jcl-over-slf4j/1.7.5/jcl-over-slf4j-1.7.5.jar
7f23eb30a000-7f23eb30d000 r--s 0000e000 fd:01 10225251                   /home/thomas/.m2/repository/javax/jcr/jcr/2.0/jcr-2.0.jar
7f23eb30d000-7f23eb30e000 r--s 00007000 fd:01 10225250                   /home/thomas/.m2/repository/org/safehaus/jug/jug/2.0.0/jug-2.0.0-asl.jar
7f23eb30e000-7f23eb312000 r--s 0002a000 fd:01 10225247                   /home/thomas/.m2/repository/commons-io/commons-io/2.4/commons-io-2.4.jar
7f23eb312000-7f23eb318000 r--s 00048000 fd:01 10225245                   /home/thomas/.m2/repository/org/apache/commons/commons-lang3/3.1/commons-lang3-3.1.jar
7f23eb318000-7f23eb31b000 r--s 00019000 fd:01 10225205                   /home/thomas/.m2/repository/info/magnolia/activation/magnolia-module-activation/5.3.1/magnolia-module-activation-5.3.1.jar
7f23eb31b000-7f23eb31e000 r--s 00017000 fd:01 10225417                   /home/thomas/.m2/repository/info/magnolia/magnolia-theme-pop/2.8.6/magnolia-theme-pop-2.8.6.jar
7f23eb31e000-7f23eb321000 r--s 00731000 fd:01 10225414                   /home/thomas/.m2/repository/info/magnolia/magnolia-demo-project/2.8.6/magnolia-demo-project-2.8.6.jar
7f23eb321000-7f23eb323000 r--s 0000c000 fd:01 10225413                   /home/thomas/.m2/repository/info/magnolia/magnolia-module-commenting/2.2.4/magnolia-module-commenting-2.2.4.jar
7f23eb323000-7f23eb325000 r--s 00004000 fd:01 10355380                   /home/thomas/.m2/repository/uk/com/robust-it/cloning/1.8.2/cloning-1.8.2.jar
7f23eb325000-7f23eb32b000 r--s 00024000 fd:01 10355331                   /home/thomas/.m2/repository/info/magnolia/ui/magnolia-ui-contentapp/5.3.6/magnolia-ui-contentapp-5.3.6.jar
7f23eb32b000-7f23eb330000 r--s 0001c000 fd:01 10225412                   /home/thomas/.m2/repository/info/magnolia/magnolia-module-categorization/2.3.2/magnolia-module-categorization-2.3.2.jar
7f23eb330000-7f23eb332000 r--s 00001000 fd:01 10487293                   /home/thomas/.m2/repository/au/com/flyingkite/mobiledetect/1.1.1/mobiledetect-1.1.1.jar
7f23eb332000-7f23eb334000 r--s 00002000 fd:01 10487278                   /home/thomas/.m2/repository/info/magnolia/devdect/magnolia-module-device-detection/1.1/magnolia-module-device-detection-1.1.jar
7f23eb334000-7f23eb33a000 r--s 00027000 fd:01 10487276                   /home/thomas/.m2/repository/info/magnolia/magnolia-module-forum/3.4.5/magnolia-module-forum-3.4.5.jar
7f23eb33a000-7f23eb33d000 r--s 00013000 fd:01 10487290                   /home/thomas/.m2/repository/net/sf/ezmorph/ezmorph/1.0.6/ezmorph-1.0.6.jar
7f23eb33d000-7f23eb341000 r--s 00022000 fd:01 10487287                   /home/thomas/.m2/repository/net/sf/json-lib/json-lib/2.3/json-lib-2.3-jdk15.jar
7f23eb341000-7f23eb345000 r--s 00015000 fd:01 10487274                   /home/thomas/.m2/repository/info/magnolia/magnolia-module-public-user-registration/2.4.1/magnolia-module-public-user-registration-2.4.1.jar
7f23eb345000-7f23eb34b000 r--s 00030000 fd:01 10487271                   /home/thomas/.m2/repository/info/magnolia/magnolia-module-form/2.2.9/magnolia-module-form-2.2.9.jar
7f23eb34b000-7f23eb34f000 r--s 0001d000 fd:01 10487269                   /home/thomas/.m2/repository/info/magnolia/magnolia-module-resources/2.3.3/magnolia-module-resources-2.3.3.jar
7f23eb34f000-7f23eb352000 r--s 0000a000 fd:01 10487268                   /home/thomas/.m2/repository/info/magnolia/magnolia-module-inplace-templating/2.3.1/magnolia-module-inplace-templating-2.3.1.jar
7f23eb352000-7f23eb358000 r--s 00042000 fd:01 10487281                   /home/thomas/.m2/repository/org/jsoup/jsoup/1.7.2/jsoup-1.7.2.jar
7f23eb358000-7f23eb35a000 r--s 00006000 fd:01 10487284                   /home/thomas/.m2/repository/rome/rome-fetcher/1.0/rome-fetcher-1.0.jar
7f23eb35a000-7f23eb35e000 r--s 00032000 fd:01 10487283                   /home/thomas/.m2/repository/rome/rome/1.0/rome-1.0.jar
7f23eb35e000-7f23eb365000 r--s 00072000 fd:01 10487267                   /home/thomas/.m2/repository/info/magnolia/magnolia-module-rssaggregator/2.3.2/magnolia-module-rssaggregator-2.3.2.jar
7f23eb365000-7f23eb36c000 r--s 0004d000 fd:01 10225356                   /home/thomas/.m2/repository/com/jhlabs/filters/2.0.235/filters-2.0.235.jar
7f23eb36c000-7f23eb370000 r--s 00013000 fd:01 10355348                   /home/thomas/.m2/repository/info/magnolia/magnolia-module-imaging/3.1.2/magnolia-module-imaging-3.1.2.jar
7f23eb370000-7f23eb38b000 r--s 0019c000 fd:01 10225409                   /home/thomas/.m2/repository/info/magnolia/magnolia-module-standard-templating-kit/2.8.6/magnolia-module-standard-templating-kit-2.8.6.jar
7f23eb38b000-7f23eb38d000 r--s 00001000 fd:01 10355440                   /home/thomas/.m2/repository/org/devlib/schmidt/imageinfo/1.7/imageinfo-1.7.jar
7f23eb38d000-7f23eb38f000 r--s 00004000 fd:01 10487265                   /home/thomas/.m2/repository/info/magnolia/magnolia-module-scheduler/2.1.2/magnolia-module-scheduler-2.1.2.jar
7f23eb38f000-7f23eb393000 r--s 00024000 fd:01 10225407                   /home/thomas/.m2/repository/info/magnolia/magnolia-module-data/2.3.3/magnolia-module-data-2.3.3.jar
7f23eb393000-7f23eb397000 r--s 0003a000 fd:01 10487285                   /home/thomas/.m2/repository/net/sf/jtidy/jtidy/r938/jtidy-r938.jar
7f23eb397000-7f23eb39d000 r--s 00045000 fd:01 10225254                   /home/thomas/.m2/repository/commons-httpclient/commons-httpclient/3.1/commons-httpclient-3.1.jar
7f23eb39d000-7f23eb39f000 r--s 0000e000 fd:01 10225377                   /home/thomas/.m2/repository/oro/oro/2.0.8/oro-2.0.8.jar
7f23eb39f000-7f23eb3a7000 r--s 00058000 fd:01 10356351                   /home/thomas/.m2/repository/org/apache/velocity/velocity/1.5/velocity-1.5.jar
7f23eb3a7000-7f23eb3aa000 r--s 0000c000 fd:01 10225340                   /home/thomas/.m2/repository/commons-fileupload/commons-fileupload/1.2.1/commons-fileupload-1.2.1.jar
7f23eb3aa000-7f23eb3be000 r--s 0010e000 fd:01 10225321                   /home/thomas/.m2/repository/org/freemarker/freemarker/2.3.21/freemarker-2.3.21.jar
7f23eb3be000-7f23eb3cc000 r--s 0007f000 fd:01 10225317                   /home/thomas/.m2/repository/commons-collections/commons-collections/3.2.1/commons-collections-3.2.1.jar
7f23eb3cc000-7f23eb3ce000 r--s 0000e000 fd:01 10355396                   /home/thomas/.m2/repository/javax/activation/activation/1.1/activation-1.1.jar
7f23eb3ce000-7f23eb3d5000 r--s 00067000 fd:01 10487282                   /home/thomas/.m2/repository/javax/mail/mail/1.4.1/mail-1.4.1.jar
7f23eb3d5000-7f23eb3d7000 r--s 00004000 fd:01 10355335                   /home/thomas/.m2/repository/info/magnolia/dam/magnolia-dam-api/2.0.6/magnolia-dam-api-2.0.6.jar
7f23eb3d7000-7f23eb3db000 r--s 00012000 fd:01 9701051                    /home/thomas/.m2/repository/info/magnolia/ui/magnolia-ui-api/5.3.6/magnolia-ui-api-5.3.6.jar
7f23eb3db000-7f23eb3de000 r--s 00016000 fd:01 10225408                   /home/thomas/.m2/repository/info/magnolia/magnolia-module-mail/5.2.1/magnolia-module-mail-5.2.1.jar
7f23eb3de000-7f23eb3e2000 r--s 0003c000 fd:01 10225354                   /home/thomas/.m2/repository/commons-lang/commons-lang/2.4/commons-lang-2.4.jar
7f23eb3e2000-7f23eb3e3000 r--s 00005000 fd:01 10355486                   /home/thomas/.m2/repository/net/sourceforge/openutils/openutils-log4j/2.0.5/openutils-log4j-2.0.5.jar
7f23eb3e3000-7f23eb3ef000 r--s 0006f000 fd:01 10355484                   /home/thomas/.m2/repository/org/bouncycastle/bcmail-jdk16/1.46/bcmail-jdk16-1.46.jar
7f23eb3ef000-7f23eb417000 r--s 001a3000 fd:01 10225353                   /home/thomas/.m2/repository/org/bouncycastle/bcprov-jdk16/1.46/bcprov-jdk16-1.46.jar
7f23eb417000-7f23eb41a000 r--s 00033000 fd:01 10355481                   /home/thomas/.m2/repository/com/googlecode/juniversalchardet/juniversalchardet/1.0.3/juniversalchardet-1.0.3.jar
7f23eb41a000-7f23eb41c000 r--s 0000a000 fd:01 10355479                   /home/thomas/.m2/repository/org/gagravarr/vorbis-java-core/0.1/vorbis-java-core-0.1.jar
7f23eb41c000-7f23eb420000 r--s 00019000 fd:01 10355477                   /home/thomas/.m2/repository/org/aspectj/aspectjrt/1.6.11/aspectjrt-1.6.11.jar
7f23eb420000-7f23eb429000 r--s 00077000 fd:01 10355475                   /home/thomas/.m2/repository/com/googlecode/mp4parser/isoparser/1.0-RC-1/isoparser-1.0-RC-1.jar
7f23eb429000-7f23eb42b000 r--s 00015000 fd:01 10355473                   /home/thomas/.m2/repository/org/ccil/cowan/tagsoup/tagsoup/1.2.1/tagsoup-1.2.1.jar
7f23eb42b000-7f23eb42d000 r--s 00006000 fd:01 10355471                   /home/thomas/.m2/repository/org/apache/geronimo/specs/geronimo-stax-api_1.0_spec/1.0.1/geronimo-stax-api_1.0_spec-1.0.1.jar
7f23eb42d000-7f23eb432000 r--s 00048000 fd:01 10355469                   /home/thomas/.m2/repository/dom4j/dom4j/1.6.1/dom4j-1.6.1.jar
7f23eb432000-7f23eb46f000 r--s 0024f000 fd:01 10355467                   /home/thomas/.m2/repository/org/apache/xmlbeans/xmlbeans/2.3.0/xmlbeans-2.3.0.jar
7f23eb46f000-7f23eb503000 r--s 00401000 fd:01 10355465                   /home/thomas/.m2/repository/org/apache/poi/poi-ooxml-schemas/3.9/poi-ooxml-schemas-3.9.jar
7f23eb503000-7f23eb50f000 r--s 000d9000 fd:01 10355464                   /home/thomas/.m2/repository/org/apache/poi/poi-ooxml/3.9/poi-ooxml-3.9.jar
7f23eb50f000-7f23eb520000 r--s 0011b000 fd:01 10355462                   /home/thomas/.m2/repository/org/apache/poi/poi-scratchpad/3.9/poi-scratchpad-3.9.jar
7f23eb520000-7f23eb540000 r--s 001a9000 fd:01 10355459                   /home/thomas/.m2/repository/org/apache/poi/poi/3.9/poi-3.9.jar
7f23eb540000-7f23eb542000 r--s 0000b000 fd:01 10355457                   /home/thomas/.m2/repository/org/apache/pdfbox/jempbox/1.8.1/jempbox-1.8.1.jar
7f23eb542000-7f23eb546000 r--s 0002f000 fd:01 10355454                   /home/thomas/.m2/repository/org/apache/pdfbox/fontbox/1.8.1/fontbox-1.8.1.jar
7f23eb546000-7f23eb55c000 r--s 003b0000 fd:01 10355455                   /home/thomas/.m2/repository/org/apache/pdfbox/pdfbox/1.8.1/pdfbox-1.8.1.jar
7f23eb55c000-7f23eb55e000 r--s 00006000 fd:01 10355453                   /home/thomas/.m2/repository/org/gagravarr/vorbis-java-core/0.1/vorbis-java-core-0.1-tests.jar
7f23eb55e000-7f23eb55f000 r--s 00003000 fd:01 10355450                   /home/thomas/.m2/repository/org/gagravarr/vorbis-java-tika/0.1/vorbis-java-tika-0.1.jar
7f23eb55f000-7f23eb566000 r--s 00071000 fd:01 10355448                   /home/thomas/.m2/repository/org/apache/tika/tika-core/1.4/tika-core-1.4.jar
7f23eb566000-7f23eb56f000 r--s 00074000 fd:01 10355447                   /home/thomas/.m2/repository/org/apache/tika/tika-parsers/1.4/tika-parsers-1.4.jar
7f23eb56f000-7f23eb570000 r--s 0000c000 fd:01 10355490                   /home/thomas/.m2/repository/org/hamcrest/hamcrest-library/1.3/hamcrest-library-1.3.jar
7f23eb570000-7f23eb572000 r--s 00001000 fd:01 10355445                   /home/thomas/.m2/repository/net/sf/jsr107cache/jsr107cache/1.0/jsr107cache-1.0.jar
7f23eb572000-7f23eb57a000 r--s 00049000 fd:01 10355444                   /home/thomas/.m2/repository/backport-util-concurrent/backport-util-concurrent/3.1/backport-util-concurrent-3.1.jar
7f23eb57a000-7f23eb57f000 r--s 0003c000 fd:01 10355443                   /home/thomas/.m2/repository/net/sf/ehcache/ehcache/1.5.0/ehcache-1.5.0.jar
7f23eb57f000-7f23eb580000 r--s 00006000 fd:01 10355372                   /home/thomas/.m2/repository/info/magnolia/magnolia-jaas/5.3.6/magnolia-jaas-5.3.6.jar
7f23eb580000-7f23eb5a2000 r--s 0021a000 fd:01 10355371                   /home/thomas/.m2/repository/info/magnolia/magnolia-module-legacy-admininterface/5.2.3/magnolia-module-legacy-admininterface-5.2.3.jar
7f23eb5a2000-7f23eb5a6000 r--s 0001c000 fd:01 10355370                   /home/thomas/.m2/repository/info/magnolia/cache/magnolia-module-cache/5.3/magnolia-module-cache-5.3.jar
7f23eb5a6000-7f23eb5b0000 r--s 0005c000 fd:01 10225348                   /home/thomas/.m2/repository/javax/servlet/jstl/1.2/jstl-1.2.jar
7f23eb5b0000-7f23eb5b4000 r--s 00020000 fd:01 10225345                   /home/thomas/.m2/repository/commons-digester/commons-digester/1.8.1/commons-digester-1.8.1.jar
7f23eb5b4000-7f23eb5ba000 r--s 00036000 fd:01 10225344                   /home/thomas/.m2/repository/commons-betwixt/commons-betwixt/0.8/commons-betwixt-0.8.jar
7f23eb5ba000-7f23eb5bf000 r--s 00034000 fd:01 10225341                   /home/thomas/.m2/repository/commons-beanutils/commons-beanutils/1.8.3/commons-beanutils-1.8.3.jar
7f23eb5bf000-7f23eb5c1000 r--s 0000c000 fd:01 10225337                   /home/thomas/.m2/repository/servlets/com/cos/05Nov2002/cos-05Nov2002.jar
7f23eb5c1000-7f23eb5c7000 r--s 00032000 fd:01 10225335                   /home/thomas/.m2/repository/jaxen/jaxen/1.1.1/jaxen-1.1.1.jar
7f23eb5c7000-7f23eb5ca000 r--s 00023000 fd:01 10225334                   /home/thomas/.m2/repository/org/jdom/jdom/1.1/jdom-1.1.jar
7f23eb5ca000-7f23eb5e1000 r--s 00112000 fd:01 10225331                   /home/thomas/.m2/repository/xerces/xercesImpl/2.8.1/xercesImpl-2.8.1.jar
7f23eb5e1000-7f23eb5ea000 r--s 0006f000 fd:01 10225330                   /home/thomas/.m2/repository/log4j/log4j/1.2.17/log4j-1.2.17.jar
7f23eb5ea000-7f23eb5ec000 r--s 00001000 fd:01 10225327                   /home/thomas/.m2/repository/org/slf4j/slf4j-log4j12/1.7.5/slf4j-log4j12-1.7.5.jar
7f23eb5ec000-7f23eb5f3000 r--s 00049000 fd:01 10225325                   /home/thomas/.m2/repository/cglib/cglib-nodep/2.1_3/cglib-nodep-2.1_3.jar
7f23eb5f3000-7f23eb5f6000 r--s 0000f000 fd:01 10225323                   /home/thomas/.m2/repository/org/apache/commons/commons-proxy/1.0/commons-proxy-1.0.jar
7f23eb5f6000-7f23eb5f8000 r--s 0000d000 fd:01 10225319                   /home/thomas/.m2/repository/commons-codec/commons-codec/1.4/commons-codec-1.4.jar
7f23eb5f8000-7f23eb623000 r--s 001f5000 fd:01 10225357                   /home/thomas/.m2/repository/com/google/guava/guava/16.0.1/guava-16.0.1.jar
7f23eb623000-7f23eb626000 r--s 00013000 fd:01 10225315                   /home/thomas/.m2/repository/commons-pool/commons-pool/1.4/commons-pool-1.4.jar
7f23eb626000-7f23eb62d000 r--s 00028000 fd:01 10225313                   /home/thomas/.m2/repository/concurrent/concurrent/1.3.4/concurrent-1.3.4.jar
7f23eb62d000-7f23eb65d000 r--s 0022b000 fd:01 10225311                   /home/thomas/.m2/repository/com/mycila/mycila-guice/2.10.ga/mycila-guice-2.10.ga.jar
7f23eb65d000-7f23eb66c000 r--s 0009f000 fd:01 10225309                   /home/thomas/.m2/repository/com/google/inject/guice/3.0/guice-3.0.jar
7f23eb66c000-7f23eb670000 r--s 00027000 fd:01 10225308                   /home/thomas/.m2/repository/org/bouncycastle/bcpg-jdk16/1.46/bcpg-jdk16-1.46.jar
7f23eb670000-7f23eb671000 r--s 00004000 fd:01 10225305                   /home/thomas/.m2/repository/org/mindrot/jbcrypt/0.3m/jbcrypt-0.3m.jar
7f23eb671000-7f23eb697000 r--s 00240000 fd:01 10225304                   /home/thomas/.m2/repository/org/apache/derby/derby/10.5.3.0_1/derby-10.5.3.0_1.jar
7f23eb697000-7f23eb6b0000 r--s 0015e000 fd:01 10225302                   /home/thomas/.m2/repository/org/apache/lucene/lucene-core/3.6.0/lucene-core-3.6.0.jar
7f23eb6b0000-7f23eb6b2000 r--s 00005000 fd:01 10225300                   /home/thomas/.m2/repository/org/apache/jackrabbit/jackrabbit-spi/2.8.0/jackrabbit-spi-2.8.0.jar
7f23eb6b2000-7f23eb6c1000 r--s 000b1000 fd:01 10225298                   /home/thomas/.m2/repository/org/apache/jackrabbit/jackrabbit-spi-commons/2.8.0/jackrabbit-spi-commons-2.8.0.jar
7f23eb6c1000-7f23eb6c3000 r--s 00005000 fd:01 10225296                   /home/thomas/.m2/repository/org/apache/jackrabbit/jackrabbit-data/2.8.0/jackrabbit-data-2.8.0-tests.jar
7f23eb6c3000-7f23eb6c6000 r--s 00022000 fd:01 10225294                   /home/thomas/.m2/repository/org/apache/jackrabbit/jackrabbit-data/2.8.0/jackrabbit-data-2.8.0.jar
7f23eb6c6000-7f23eb6ce000 r--s 00058000 fd:01 10225293                   /home/thomas/.m2/repository/org/apache/jackrabbit/jackrabbit-jcr-commons/2.8.0/jackrabbit-jcr-commons-2.8.0.jar
7f23eb6ce000-7f23eb6d1000 r--s 00007000 fd:01 10225290                   /home/thomas/.m2/repository/org/apache/jackrabbit/jackrabbit-api/2.8.0/jackrabbit-api-2.8.0.jar
7f23eb6d1000-7f23eb6f5000 r--s 0021a000 fd:01 10225286                   /home/thomas/.m2/repository/org/apache/jackrabbit/jackrabbit-core/2.8.0/jackrabbit-core-2.8.0.jar
7f23eb6f5000-7f23eb6f6000 ---p 00000000 00:00 0 
7f23eb6f6000-7f23eb7f6000 rw-p 00000000 00:00 0 
7f23eb7f6000-7f23eb7f9000 ---p 00000000 00:00 0 
7f23eb7f9000-7f23eb8f7000 rw-p 00000000 00:00 0 
7f23eb8f7000-7f23eb8fa000 ---p 00000000 00:00 0 
7f23eb8fa000-7f23eb9f8000 rw-p 00000000 00:00 0 
7f23eb9f8000-7f23eb9fb000 ---p 00000000 00:00 0 
7f23eb9fb000-7f23ebaf9000 rw-p 00000000 00:00 0 
7f23ebaf9000-7f23ebafc000 ---p 00000000 00:00 0 
7f23ebafc000-7f23ebbfa000 rw-p 00000000 00:00 0 
7f23ebbfa000-7f23ebbfd000 ---p 00000000 00:00 0 
7f23ebbfd000-7f23ebcfb000 rw-p 00000000 00:00 0 
7f23ebcfb000-7f23ebcfe000 ---p 00000000 00:00 0 
7f23ebcfe000-7f23ebdfc000 rw-p 00000000 00:00 0 
7f23ebdfc000-7f23ebe00000 r-xp 00000000 fd:00 407339                     /opt/java/jdk1.8.0_25/jre/lib/amd64/libdt_socket.so
7f23ebe00000-7f23ebfff000 ---p 00004000 fd:00 407339                     /opt/java/jdk1.8.0_25/jre/lib/amd64/libdt_socket.so
7f23ebfff000-7f23ec000000 rw-p 00003000 fd:00 407339                     /opt/java/jdk1.8.0_25/jre/lib/amd64/libdt_socket.so
7f23ec000000-7f23ed029000 rw-p 00000000 00:00 0 
7f23ed029000-7f23f0000000 ---p 00000000 00:00 0 
7f23f0000000-7f23f0001000 rw-p 00000000 00:00 0 
7f23f0001000-7f23f0004000 r--s 00025000 fd:01 10225288                   /home/thomas/.m2/repository/commons-dbcp/commons-dbcp/1.4/commons-dbcp-1.4.jar
7f23f0004000-7f23f0026000 r--s 00181000 fd:01 10225230                   /home/thomas/.m2/repository/info/magnolia/magnolia-core/5.3.6/magnolia-core-5.3.6.jar
7f23f0026000-7f23f0028000 r--s 0000b000 fd:01 10355367                   /home/thomas/.m2/repository/info/magnolia/magnolia-templating-jsp/5.3.6/magnolia-templating-jsp-5.3.6.jar
7f23f0028000-7f23f002b000 r--s 00010000 fd:01 10355365                   /home/thomas/.m2/repository/info/magnolia/magnolia-templating/5.3.6/magnolia-templating-5.3.6.jar
7f23f002b000-7f23f002f000 r--s 0000f000 fd:01 10225282                   /home/thomas/.m2/repository/com/google/code/findbugs/annotations/2.0.1/annotations-2.0.1.jar
7f23f002f000-7f23f0032000 r--s 0001d000 fd:01 10225280                   /home/thomas/.m2/repository/org/reflections/reflections/0.9.9-RC2/reflections-0.9.9-RC2.jar
7f23f0032000-7f23f0036000 r--s 00016000 fd:01 10487158                   /home/thomas/.m2/repository/com/thoughtworks/proxytoys/proxytoys/1.01-MAGNOLIA-5317-patched/proxytoys-1.01-MAGNOLIA-5317-patched.jar
7f23f0036000-7f23f003a000 r--s 00017000 fd:01 10355362                   /home/thomas/.m2/repository/info/magnolia/magnolia-rendering/5.3.6/magnolia-rendering-5.3.6.jar
7f23f003a000-7f23f003f000 r--s 00026000 fd:01 10355360                   /home/thomas/.m2/repository/info/magnolia/security/magnolia-security-app/5.3.6/magnolia-security-app-5.3.6.jar
7f23f003f000-7f23f0043000 r--s 0001f000 fd:01 10355356                   /home/thomas/.m2/repository/info/magnolia/pages/magnolia-pages/5.3.6/magnolia-pages-5.3.6.jar
7f23f0043000-7f23f004b000 r--s 00036000 fd:01 10355355                   /home/thomas/.m2/repository/info/magnolia/ui/magnolia-ui-widget-editor/5.3.6/magnolia-ui-widget-editor-5.3.6.jar
7f23f004b000-7f23f0063000 r--s 026ef000 fd:01 10355353                   /home/thomas/.m2/repository/info/magnolia/widgetset/magnolia-vaadin-widgetset/5.3.6/magnolia-vaadin-widgetset-5.3.6.jar
7f23f0063000-7f23f0076000 r--s 00344000 fd:00 407444                     /opt/java/jdk1.8.0_25/jre/lib/resources.jar
7f23f0076000-7f23f0079000 ---p 00000000 00:00 0 
7f23f0079000-7f23f0177000 rw-p 00000000 00:00 0 
7f23f0177000-7f23f017a000 ---p 00000000 00:00 0 
7f23f017a000-7f23f0278000 rw-p 00000000 00:00 0 
7f23f0278000-7f23f027b000 ---p 00000000 00:00 0 
7f23f027b000-7f23f0379000 rw-p 00000000 00:00 0 
7f23f0379000-7f23f037c000 ---p 00000000 00:00 0 
7f23f037c000-7f23f047a000 rw-p 00000000 00:00 0 
7f23f047a000-7f23f047b000 ---p 00000000 00:00 0 
7f23f047b000-7f23f150e000 rw-p 00000000 00:00 0 
7f23f150e000-7f23f16e4000 r--s 03caa000 fd:00 407415                     /opt/java/jdk1.8.0_25/jre/lib/rt.jar
7f23f16e4000-7f23f60e0000 rw-p 00000000 00:00 0 
7f23f60e0000-7f23f60e1000 ---p 00000000 00:00 0 
7f23f60e1000-7f23f61e1000 rw-p 00000000 00:00 0 
7f23f61e1000-7f23f61e2000 ---p 00000000 00:00 0 
7f23f61e2000-7f23f62e2000 rw-p 00000000 00:00 0 
7f23f62e2000-7f23f62e3000 ---p 00000000 00:00 0 
7f23f62e3000-7f23f63e3000 rw-p 00000000 00:00 0 
7f23f63e3000-7f23f63e4000 ---p 00000000 00:00 0 
7f23f63e4000-7f23f650e000 rw-p 00000000 00:00 0 
7f23f650e000-7f23f6771000 ---p 00000000 00:00 0 
7f23f6771000-7f23f679b000 rw-p 00000000 00:00 0 
7f23f679b000-7f23f69fd000 ---p 00000000 00:00 0 
7f23f69fd000-7f23f6a22000 rw-p 00000000 00:00 0 
7f23f6a22000-7f23f6b44000 ---p 00000000 00:00 0 
7f23f6b44000-7f23f6b54000 rw-p 00000000 00:00 0 
7f23f6b54000-7f23f6f05000 ---p 00000000 00:00 0 
7f23f6f05000-7f23f7295000 rwxp 00000000 00:00 0 
7f23f7295000-7f2405f05000 ---p 00000000 00:00 0 
7f2405f05000-7f2405f1f000 r-xp 00000000 fd:00 407366                     /opt/java/jdk1.8.0_25/jre/lib/amd64/libzip.so
7f2405f1f000-7f240611f000 ---p 0001a000 fd:00 407366                     /opt/java/jdk1.8.0_25/jre/lib/amd64/libzip.so
7f240611f000-7f2406120000 rw-p 0001a000 fd:00 407366                     /opt/java/jdk1.8.0_25/jre/lib/amd64/libzip.so
7f2406120000-7f240612b000 r-xp 00000000 fd:00 1052207                    /lib/x86_64-linux-gnu/libnss_files-2.13.so
7f240612b000-7f240632a000 ---p 0000b000 fd:00 1052207                    /lib/x86_64-linux-gnu/libnss_files-2.13.so
7f240632a000-7f240632b000 r--p 0000a000 fd:00 1052207                    /lib/x86_64-linux-gnu/libnss_files-2.13.so
7f240632b000-7f240632c000 rw-p 0000b000 fd:00 1052207                    /lib/x86_64-linux-gnu/libnss_files-2.13.so
7f240632c000-7f2406336000 r-xp 00000000 fd:00 1052209                    /lib/x86_64-linux-gnu/libnss_nis-2.13.so
7f2406336000-7f2406535000 ---p 0000a000 fd:00 1052209                    /lib/x86_64-linux-gnu/libnss_nis-2.13.so
7f2406535000-7f2406536000 r--p 00009000 fd:00 1052209                    /lib/x86_64-linux-gnu/libnss_nis-2.13.so
7f2406536000-7f2406537000 rw-p 0000a000 fd:00 1052209                    /lib/x86_64-linux-gnu/libnss_nis-2.13.so
7f2406537000-7f240654c000 r-xp 00000000 fd:00 1052204                    /lib/x86_64-linux-gnu/libnsl-2.13.so
7f240654c000-7f240674b000 ---p 00015000 fd:00 1052204                    /lib/x86_64-linux-gnu/libnsl-2.13.so
7f240674b000-7f240674c000 r--p 00014000 fd:00 1052204                    /lib/x86_64-linux-gnu/libnsl-2.13.so
7f240674c000-7f240674d000 rw-p 00015000 fd:00 1052204                    /lib/x86_64-linux-gnu/libnsl-2.13.so
7f240674d000-7f240674f000 rw-p 00000000 00:00 0 
7f240674f000-7f2406756000 r-xp 00000000 fd:00 1052205                    /lib/x86_64-linux-gnu/libnss_compat-2.13.so
7f2406756000-7f2406955000 ---p 00007000 fd:00 1052205                    /lib/x86_64-linux-gnu/libnss_compat-2.13.so
7f2406955000-7f2406956000 r--p 00006000 fd:00 1052205                    /lib/x86_64-linux-gnu/libnss_compat-2.13.so
7f2406956000-7f2406957000 rw-p 00007000 fd:00 1052205                    /lib/x86_64-linux-gnu/libnss_compat-2.13.so
7f2406957000-7f2406ace000 r--p 00000000 fd:00 2755931                    /usr/lib/locale/locale-archive
7f2406ace000-7f2406ad0000 r-xp 00000000 fd:00 407349                     /opt/java/jdk1.8.0_25/jre/lib/amd64/libnpt.so
7f2406ad0000-7f2406cd0000 ---p 00002000 fd:00 407349                     /opt/java/jdk1.8.0_25/jre/lib/amd64/libnpt.so
7f2406cd0000-7f2406cd1000 rw-p 00002000 fd:00 407349                     /opt/java/jdk1.8.0_25/jre/lib/amd64/libnpt.so
7f2406cd1000-7f2406d0a000 r-xp 00000000 fd:00 407355                     /opt/java/jdk1.8.0_25/jre/lib/amd64/libjdwp.so
7f2406d0a000-7f2406f09000 ---p 00039000 fd:00 407355                     /opt/java/jdk1.8.0_25/jre/lib/amd64/libjdwp.so
7f2406f09000-7f2406f0b000 rw-p 00038000 fd:00 407355                     /opt/java/jdk1.8.0_25/jre/lib/amd64/libjdwp.so
7f2406f0b000-7f2406f35000 r-xp 00000000 fd:00 407345                     /opt/java/jdk1.8.0_25/jre/lib/amd64/libjava.so
7f2406f35000-7f2407135000 ---p 0002a000 fd:00 407345                     /opt/java/jdk1.8.0_25/jre/lib/amd64/libjava.so
7f2407135000-7f2407137000 rw-p 0002a000 fd:00 407345                     /opt/java/jdk1.8.0_25/jre/lib/amd64/libjava.so
7f2407137000-7f2407144000 r-xp 00000000 fd:00 407360                     /opt/java/jdk1.8.0_25/jre/lib/amd64/libverify.so
7f2407144000-7f2407344000 ---p 0000d000 fd:00 407360                     /opt/java/jdk1.8.0_25/jre/lib/amd64/libverify.so
7f2407344000-7f2407346000 rw-p 0000d000 fd:00 407360                     /opt/java/jdk1.8.0_25/jre/lib/amd64/libverify.so
7f2407346000-7f240734d000 r-xp 00000000 fd:00 1052213                    /lib/x86_64-linux-gnu/librt-2.13.so
7f240734d000-7f240754c000 ---p 00007000 fd:00 1052213                    /lib/x86_64-linux-gnu/librt-2.13.so
7f240754c000-7f240754d000 r--p 00006000 fd:00 1052213                    /lib/x86_64-linux-gnu/librt-2.13.so
7f240754d000-7f240754e000 rw-p 00007000 fd:00 1052213                    /lib/x86_64-linux-gnu/librt-2.13.so
7f240754e000-7f24075cf000 r-xp 00000000 fd:00 1052202                    /lib/x86_64-linux-gnu/libm-2.13.so
7f24075cf000-7f24077ce000 ---p 00081000 fd:00 1052202                    /lib/x86_64-linux-gnu/libm-2.13.so
7f24077ce000-7f24077cf000 r--p 00080000 fd:00 1052202                    /lib/x86_64-linux-gnu/libm-2.13.so
7f24077cf000-7f24077d0000 rw-p 00081000 fd:00 1052202                    /lib/x86_64-linux-gnu/libm-2.13.so
7f24077d0000-7f240843d000 r-xp 00000000 fd:00 407382                     /opt/java/jdk1.8.0_25/jre/lib/amd64/server/libjvm.so
7f240843d000-7f240863c000 ---p 00c6d000 fd:00 407382                     /opt/java/jdk1.8.0_25/jre/lib/amd64/server/libjvm.so
7f240863c000-7f2408712000 rw-p 00c6c000 fd:00 407382                     /opt/java/jdk1.8.0_25/jre/lib/amd64/server/libjvm.so
7f2408712000-7f2408755000 rw-p 00000000 00:00 0 
7f2408755000-7f24088d7000 r-xp 00000000 fd:00 1052198                    /lib/x86_64-linux-gnu/libc-2.13.so
7f24088d7000-7f2408ad7000 ---p 00182000 fd:00 1052198                    /lib/x86_64-linux-gnu/libc-2.13.so
7f2408ad7000-7f2408adb000 r--p 00182000 fd:00 1052198                    /lib/x86_64-linux-gnu/libc-2.13.so
7f2408adb000-7f2408adc000 rw-p 00186000 fd:00 1052198                    /lib/x86_64-linux-gnu/libc-2.13.so
7f2408adc000-7f2408ae1000 rw-p 00000000 00:00 0 
7f2408ae1000-7f2408ae3000 r-xp 00000000 fd:00 1052201                    /lib/x86_64-linux-gnu/libdl-2.13.so
7f2408ae3000-7f2408ce3000 ---p 00002000 fd:00 1052201                    /lib/x86_64-linux-gnu/libdl-2.13.so
7f2408ce3000-7f2408ce4000 r--p 00002000 fd:00 1052201                    /lib/x86_64-linux-gnu/libdl-2.13.so
7f2408ce4000-7f2408ce5000 rw-p 00003000 fd:00 1052201                    /lib/x86_64-linux-gnu/libdl-2.13.so
7f2408ce5000-7f2408cfa000 r-xp 00000000 fd:00 406440                     /opt/java/jdk1.8.0_25/lib/amd64/jli/libjli.so
7f2408cfa000-7f2408ef9000 ---p 00015000 fd:00 406440                     /opt/java/jdk1.8.0_25/lib/amd64/jli/libjli.so
7f2408ef9000-7f2408efa000 rw-p 00014000 fd:00 406440                     /opt/java/jdk1.8.0_25/lib/amd64/jli/libjli.so
7f2408efa000-7f2408f11000 r-xp 00000000 fd:00 1052194                    /lib/x86_64-linux-gnu/libpthread-2.13.so
7f2408f11000-7f2409110000 ---p 00017000 fd:00 1052194                    /lib/x86_64-linux-gnu/libpthread-2.13.so
7f2409110000-7f2409111000 r--p 00016000 fd:00 1052194                    /lib/x86_64-linux-gnu/libpthread-2.13.so
7f2409111000-7f2409112000 rw-p 00017000 fd:00 1052194                    /lib/x86_64-linux-gnu/libpthread-2.13.so
7f2409112000-7f2409116000 rw-p 00000000 00:00 0 
7f2409116000-7f2409136000 r-xp 00000000 fd:00 1052195                    /lib/x86_64-linux-gnu/ld-2.13.so
7f2409136000-7f2409137000 rw-p 00000000 00:00 0 
7f2409137000-7f2409139000 r--s 0000c000 fd:01 10225226                   /home/thomas/.m2/repository/info/magnolia/magnolia-i18n/5.3.6/magnolia-i18n-5.3.6.jar
7f2409139000-7f240913b000 r--s 00004000 fd:01 10355359                   /home/thomas/.m2/repository/info/magnolia/about/magnolia-about-app/5.3.6/magnolia-about-app-5.3.6.jar
7f240913b000-7f240913f000 r--s 061b3000 fd:01 10225406                   /home/thomas/.m2/repository/info/magnolia/magnolia-empty-webapp/5.3.6/magnolia-empty-webapp-5.3.6.war
7f240913f000-7f2409141000 r--s 0001a000 fd:00 407335                     /opt/java/jdk1.8.0_25/jre/lib/jce.jar
7f2409141000-7f2409146000 r--s 00084000 fd:00 407416                     /opt/java/jdk1.8.0_25/jre/lib/jfr.jar
7f2409146000-7f2409159000 r--s 000d5000 fd:00 407333                     /opt/java/jdk1.8.0_25/jre/lib/plugin.jar
7f2409159000-7f240915d000 r--s 00093000 fd:00 407418                     /opt/java/jdk1.8.0_25/jre/lib/jsse.jar
7f240915d000-7f2409176000 r--s 001ea000 fd:00 407433                     /opt/java/jdk1.8.0_25/jre/lib/deploy.jar
7f2409176000-7f2409180000 r--s 00069000 fd:00 407228                     /opt/java/jdk1.8.0_25/jre/lib/javaws.jar
7f2409180000-7f2409217000 rw-p 00000000 00:00 0 
7f2409217000-7f240921a000 ---p 00000000 00:00 0 
7f240921a000-7f240931d000 rw-p 00000000 00:00 0 
7f240931d000-7f240931f000 r--s 00007000 fd:00 407447                     /opt/java/jdk1.8.0_25/jre/lib/jfxswt.jar
7f240931f000-7f2409320000 r--s 00000000 fd:00 407412                     /opt/java/jdk1.8.0_25/jre/lib/management-agent.jar
7f2409320000-7f2409325000 r--s 002f8000 fd:00 407334                     /opt/java/jdk1.8.0_25/jre/lib/charsets.jar
7f2409325000-7f2409327000 r--s 00020000 fd:01 11667034                   /home/thomas/bin/idea-IU-139.659.2/plugins/junit/lib/junit-rt.jar
7f2409327000-7f2409329000 r--s 00016000 fd:01 11536838                   /home/thomas/bin/idea-IU-139.659.2/lib/idea_rt.jar
7f2409329000-7f2409331000 rw-s 00000000 fd:00 2894909                    /tmp/hsperfdata_thomas/24563
7f2409331000-7f2409332000 rw-p 00000000 00:00 0 
7f2409332000-7f2409333000 r--p 00000000 00:00 0 
7f2409333000-7f2409335000 rw-p 00000000 00:00 0 
7f2409335000-7f2409336000 r--p 0001f000 fd:00 1052195                    /lib/x86_64-linux-gnu/ld-2.13.so
7f2409336000-7f2409337000 rw-p 00020000 fd:00 1052195                    /lib/x86_64-linux-gnu/ld-2.13.so
7f2409337000-7f2409338000 rw-p 00000000 00:00 0 
7fffb1647000-7fffb166d000 rw-p 00000000 00:00 0                          [stack]
7fffb1753000-7fffb1754000 r-xp 00000000 00:00 0                          [vdso]
ffffffffff600000-ffffffffff601000 r-xp 00000000 00:00 0                  [vsyscall]

VM Arguments:
jvm_args: -agentlib:jdwp=transport=dt_socket,address=127.0.0.1:58230,suspend=y,server=n -ea -Dfile.encoding=UTF-8 
java_command: com.intellij.rt.execution.junit.JUnitStarter -ideVersion5 thymeleaf.renderer.RendererTest
java_class_path (initial): /home/thomas/bin/idea-IU-139.659.2/lib/idea_rt.jar:/home/thomas/bin/idea-IU-139.659.2/plugins/junit/lib/junit-rt.jar:/opt/java/jdk1.8.0_25/jre/lib/charsets.jar:/opt/java/jdk1.8.0_25/jre/lib/javaws.jar:/opt/java/jdk1.8.0_25/jre/lib/management-agent.jar:/opt/java/jdk1.8.0_25/jre/lib/jfxswt.jar:/opt/java/jdk1.8.0_25/jre/lib/deploy.jar:/opt/java/jdk1.8.0_25/jre/lib/jsse.jar:/opt/java/jdk1.8.0_25/jre/lib/plugin.jar:/opt/java/jdk1.8.0_25/jre/lib/rt.jar:/opt/java/jdk1.8.0_25/jre/lib/jfr.jar:/opt/java/jdk1.8.0_25/jre/lib/resources.jar:/opt/java/jdk1.8.0_25/jre/lib/jce.jar:/opt/java/jdk1.8.0_25/jre/lib/ext/zipfs.jar:/opt/java/jdk1.8.0_25/jre/lib/ext/nashorn.jar:/opt/java/jdk1.8.0_25/jre/lib/ext/cldrdata.jar:/opt/java/jdk1.8.0_25/jre/lib/ext/sunpkcs11.jar:/opt/java/jdk1.8.0_25/jre/lib/ext/dnsns.jar:/opt/java/jdk1.8.0_25/jre/lib/ext/sunec.jar:/opt/java/jdk1.8.0_25/jre/lib/ext/localedata.jar:/opt/java/jdk1.8.0_25/jre/lib/ext/sunjce_provider.jar:/opt/java/jdk1.8.0_25/jre/lib/ext/jfxrt.jar:/home/thomas/IdeaProjects/mgnl-thymeleaf/magnolia-blossom-thymeleaf-module/target/test-classes:/home/thomas/IdeaProjects/mgnl-thymeleaf/magnolia-blossom-thymeleaf-module/target/classes:/home/thomas/.m2/repository/info/magnolia/magnolia-empty-webapp/5.3.6/magnolia-empty-webapp-5.3.6.war:/home/thomas/.m2/repository/info/magnolia/widgetset/magnolia-vaadin-widgetset/5.3.6/magnolia-vaadin-widgetset-5.3.6.jar:/home/thomas/.m2/repository/info/magnolia/ui/magnolia-ui-widget-editor/5.3.6/magnolia-ui-widget-editor-5.3.6.jar:/home/thomas/.m2/repository/info/magnolia/pages/magnolia-pages/5.3.6/magnolia-pages-5.3.6.jar:/home/thomas/.m2/repository/info/magnolia/security/magnolia-security-app/5.3.6/magnolia-security-app-5.3.6.jar:/home/thomas/.m2/repository/info/magnolia/about/magnolia-about-app/5.3.6/magnolia-about-app-5.3.6.jar:/home/thomas/.m2/repository/info/magnolia/magnolia-rendering/5.3.6/magnolia-rendering-5.3.6.jar:/home/thomas/.m2/repository/info/magnolia/magnolia-i18n/5
Launcher Type: SUN_STANDARD

Environment Variables:
CLASSPATH=/home/thomas/bin/idea-IU-139.659.2/bin/../lib/bootstrap.jar:/home/thomas/bin/idea-IU-139.659.2/bin/../lib/extensions.jar:/home/thomas/bin/idea-IU-139.659.2/bin/../lib/util.jar:/home/thomas/bin/idea-IU-139.659.2/bin/../lib/jdom.jar:/home/thomas/bin/idea-IU-139.659.2/bin/../lib/log4j.jar:/home/thomas/bin/idea-IU-139.659.2/bin/../lib/trove4j.jar:/home/thomas/bin/idea-IU-139.659.2/bin/../lib/jna.jar:/usr/lib/jvm/java-6-sun-1.6.0.45/lib/tools.jar
PATH=/home/thomas/bin:/usr/local/bin:/usr/bin:/bin:/usr/local/games:/usr/games
USERNAME=thomas
LD_LIBRARY_PATH=/opt/java/jdk1.8.0_25/jre/lib/amd64/server:/opt/java/jdk1.8.0_25/jre/lib/amd64:/opt/java/jdk1.8.0_25/jre/../lib/amd64:/usr/lib/jvm/java-6-sun-1.6.0.45/jre/lib/amd64/server:/usr/lib/jvm/java-6-sun-1.6.0.45/jre/lib/amd64:/usr/lib/jvm/java-6-sun-1.6.0.45/jre/../lib/amd64:/home/thomas/bin/idea-IU-139.659.2/bin:
SHELL=/bin/bash
DISPLAY=:0

Signal Handlers:
SIGSEGV: [libjvm.so+0xa79a80], sa_mask[0]=11111111011111111101111111111110, sa_flags=SA_RESTART|SA_SIGINFO
SIGBUS: [libjvm.so+0xa79a80], sa_mask[0]=11111111011111111101111111111110, sa_flags=SA_RESTART|SA_SIGINFO
SIGFPE: [libjvm.so+0x8e24e0], sa_mask[0]=11111111011111111101111111111110, sa_flags=SA_RESTART|SA_SIGINFO
SIGPIPE: [libjvm.so+0x8e24e0], sa_mask[0]=11111111011111111101111111111110, sa_flags=SA_RESTART|SA_SIGINFO
SIGXFSZ: [libjvm.so+0x8e24e0], sa_mask[0]=11111111011111111101111111111110, sa_flags=SA_RESTART|SA_SIGINFO
SIGILL: [libjvm.so+0x8e24e0], sa_mask[0]=11111111011111111101111111111110, sa_flags=SA_RESTART|SA_SIGINFO
SIGUSR1: SIG_DFL, sa_mask[0]=00000000000000000000000000000000, sa_flags=none
SIGUSR2: [libjvm.so+0x8e3d10], sa_mask[0]=00100000000000000000000000000000, sa_flags=SA_RESTART|SA_SIGINFO
SIGHUP: [libjvm.so+0x8e50d0], sa_mask[0]=11111111011111111101111111111110, sa_flags=SA_RESTART|SA_SIGINFO
SIGINT: [libjvm.so+0x8e50d0], sa_mask[0]=11111111011111111101111111111110, sa_flags=SA_RESTART|SA_SIGINFO
SIGTERM: [libjvm.so+0x8e50d0], sa_mask[0]=11111111011111111101111111111110, sa_flags=SA_RESTART|SA_SIGINFO
SIGQUIT: [libjvm.so+0x8e50d0], sa_mask[0]=11111111011111111101111111111110, sa_flags=SA_RESTART|SA_SIGINFO


---------------  S Y S T E M  ---------------

OS:PRETTY_NAME="Debian GNU/Linux 7 (wheezy)"
NAME="Debian GNU/Linux"
VERSION_ID="7"
VERSION="7 (wheezy)"
ID=debian
ANSI_COLOR="1;31"
HOME_URL="http://www.debian.org/"
SUPPORT_URL="http://www.debian.org/support/"
BUG_REPORT_URL="http://bugs.debian.org/"

uname:Linux 3.2.0-4-amd64 #1 SMP Debian 3.2.63-2+deb7u1 x86_64
libc:glibc 2.13 NPTL 2.13 
rlimit: STACK 8192k, CORE 0k, NPROC 62512, NOFILE 4096, AS infinity
load average:0,51 0,37 0,34

/proc/meminfo:
MemTotal:        8014956 kB
MemFree:          175584 kB
Buffers:          211836 kB
Cached:          3784768 kB
SwapCached:         1400 kB
Active:          5091512 kB
Inactive:        2232148 kB
Active(anon):    3197576 kB
Inactive(anon):   422164 kB
Active(file):    1893936 kB
Inactive(file):  1809984 kB
Unevictable:           0 kB
Mlocked:               0 kB
SwapTotal:      16404476 kB
SwapFree:       16389796 kB
Dirty:             15192 kB
Writeback:             4 kB
AnonPages:       3326136 kB
Mapped:           191448 kB
Shmem:            292612 kB
Slab:             429472 kB
SReclaimable:     389364 kB
SUnreclaim:        40108 kB
KernelStack:        5104 kB
PageTables:        23520 kB
NFS_Unstable:          0 kB
Bounce:                0 kB
WritebackTmp:          0 kB
CommitLimit:    20411952 kB
Committed_AS:    5890644 kB
VmallocTotal:   34359738367 kB
VmallocUsed:      463092 kB
VmallocChunk:   34359232232 kB
HardwareCorrupted:     0 kB
AnonHugePages:         0 kB
HugePages_Total:       0
HugePages_Free:        0
HugePages_Rsvd:        0
HugePages_Surp:        0
Hugepagesize:       2048 kB
DirectMap4k:      122880 kB
DirectMap2M:     8224768 kB


CPU:total 4 (4 cores per cpu, 1 threads per core) family 6 model 58 stepping 9, cmov, cx8, fxsr, mmx, sse, sse2, sse3, ssse3, sse4.1, sse4.2, popcnt, avx, aes, clmul, erms, tsc, tscinvbit, tscinv

/proc/cpuinfo:
processor	: 0
vendor_id	: GenuineIntel
cpu family	: 6
model		: 58
model name	: Intel(R) Core(TM) i5-3570 CPU @ 3.40GHz
stepping	: 9
microcode	: 0x16
cpu MHz		: 3401.000
cache size	: 6144 KB
physical id	: 0
siblings	: 4
core id		: 0
cpu cores	: 4
apicid		: 0
initial apicid	: 0
fpu		: yes
fpu_exception	: yes
cpuid level	: 13
wp		: yes
flags		: fpu vme de pse tsc msr pae mce cx8 apic sep mtrr pge mca cmov pat pse36 clflush dts acpi mmx fxsr sse sse2 ss ht tm pbe syscall nx rdtscp lm constant_tsc arch_perfmon pebs bts rep_good nopl xtopology nonstop_tsc aperfmperf pni pclmulqdq dtes64 monitor ds_cpl vmx smx est tm2 ssse3 cx16 xtpr pdcm pcid sse4_1 sse4_2 x2apic popcnt tsc_deadline_timer aes xsave avx f16c rdrand lahf_lm ida arat epb xsaveopt pln pts dtherm tpr_shadow vnmi flexpriority ept vpid fsgsbase smep erms
bogomips	: 6784.02
clflush size	: 64
cache_alignment	: 64
address sizes	: 36 bits physical, 48 bits virtual
power management:

processor	: 1
vendor_id	: GenuineIntel
cpu family	: 6
model		: 58
model name	: Intel(R) Core(TM) i5-3570 CPU @ 3.40GHz
stepping	: 9
microcode	: 0x16
cpu MHz		: 3401.000
cache size	: 6144 KB
physical id	: 0
siblings	: 4
core id		: 1
cpu cores	: 4
apicid		: 2
initial apicid	: 2
fpu		: yes
fpu_exception	: yes
cpuid level	: 13
wp		: yes
flags		: fpu vme de pse tsc msr pae mce cx8 apic sep mtrr pge mca cmov pat pse36 clflush dts acpi mmx fxsr sse sse2 ss ht tm pbe syscall nx rdtscp lm constant_tsc arch_perfmon pebs bts rep_good nopl xtopology nonstop_tsc aperfmperf pni pclmulqdq dtes64 monitor ds_cpl vmx smx est tm2 ssse3 cx16 xtpr pdcm pcid sse4_1 sse4_2 x2apic popcnt tsc_deadline_timer aes xsave avx f16c rdrand lahf_lm ida arat epb xsaveopt pln pts dtherm tpr_shadow vnmi flexpriority ept vpid fsgsbase smep erms
bogomips	: 6784.53
clflush size	: 64
cache_alignment	: 64
address sizes	: 36 bits physical, 48 bits virtual
power management:

processor	: 2
vendor_id	: GenuineIntel
cpu family	: 6
model		: 58
model name	: Intel(R) Core(TM) i5-3570 CPU @ 3.40GHz
stepping	: 9
microcode	: 0x16
cpu MHz		: 3401.000
cache size	: 6144 KB
physical id	: 0
siblings	: 4
core id		: 2
cpu cores	: 4
apicid		: 4
initial apicid	: 4
fpu		: yes
fpu_exception	: yes
cpuid level	: 13
wp		: yes
flags		: fpu vme de pse tsc msr pae mce cx8 apic sep mtrr pge mca cmov pat pse36 clflush dts acpi mmx fxsr sse sse2 ss ht tm pbe syscall nx rdtscp lm constant_tsc arch_perfmon pebs bts rep_good nopl xtopology nonstop_tsc aperfmperf pni pclmulqdq dtes64 monitor ds_cpl vmx smx est tm2 ssse3 cx16 xtpr pdcm pcid sse4_1 sse4_2 x2apic popcnt tsc_deadline_timer aes xsave avx f16c rdrand lahf_lm ida arat epb xsaveopt pln pts dtherm tpr_shadow vnmi flexpriority ept vpid fsgsbase smep erms
bogomips	: 6784.54
clflush size	: 64
cache_alignment	: 64
address sizes	: 36 bits physical, 48 bits virtual
power management:

processor	: 3
vendor_id	: GenuineIntel
cpu family	: 6
model		: 58
model name	: Intel(R) Core(TM) i5-3570 CPU @ 3.40GHz
stepping	: 9
microcode	: 0x16
cpu MHz		: 3401.000
cache size	: 6144 KB
physical id	: 0
siblings	: 4
core id		: 3
cpu cores	: 4
apicid		: 6
initial apicid	: 6
fpu		: yes
fpu_exception	: yes
cpuid level	: 13
wp		: yes
flags		: fpu vme de pse tsc msr pae mce cx8 apic sep mtrr pge mca cmov pat pse36 clflush dts acpi mmx fxsr sse sse2 ss ht tm pbe syscall nx rdtscp lm constant_tsc arch_perfmon pebs bts rep_good nopl xtopology nonstop_tsc aperfmperf pni pclmulqdq dtes64 monitor ds_cpl vmx smx est tm2 ssse3 cx16 xtpr pdcm pcid sse4_1 sse4_2 x2apic popcnt tsc_deadline_timer aes xsave avx f16c rdrand lahf_lm ida arat epb xsaveopt pln pts dtherm tpr_shadow vnmi flexpriority ept vpid fsgsbase smep erms
bogomips	: 6784.54
clflush size	: 64
cache_alignment	: 64
address sizes	: 36 bits physical, 48 bits virtual
power management:



Memory: 4k page, physical 8014956k(175584k free), swap 16404476k(16389796k free)

vm_info: Java HotSpot(TM) 64-Bit Server VM (25.25-b02) for linux-amd64 JRE (1.8.0_25-b17), built on Sep 17 2014 17:32:11 by "java_re" with gcc 4.3.0 20080428 (Red Hat 4.3.0-8)

time: Tue Dec 23 14:35:09 2014
elapsed time: 1 seconds (0d 0h 0m 1s)

